
`data_manager` class, now calling YOLO_CONV and loading network...

data_manager.load_rollouts() (i.e., training data)
finished: /nfs/diskstation/seita/bed-make/cache_d_v01/grasp_list_of_dicts_nodaug_cv_0_len_103.pkl (len 103)
finished: /nfs/diskstation/seita/bed-make/cache_d_v01/grasp_list_of_dicts_nodaug_cv_1_len_103.pkl (len 103)
finished: /nfs/diskstation/seita/bed-make/cache_d_v01/grasp_list_of_dicts_nodaug_cv_2_len_103.pkl (len 103)
finished: /nfs/diskstation/seita/bed-make/cache_d_v01/grasp_list_of_dicts_nodaug_cv_3_len_103.pkl (len 103)
finished: /nfs/diskstation/seita/bed-make/cache_d_v01/grasp_list_of_dicts_nodaug_cv_4_len_103.pkl (len 103)
finished: /nfs/diskstation/seita/bed-make/cache_d_v01/grasp_list_of_dicts_nodaug_cv_5_len_103.pkl (len 103)
finished: /nfs/diskstation/seita/bed-make/cache_d_v01/grasp_list_of_dicts_nodaug_cv_6_len_103.pkl (len 103)
finished: /nfs/diskstation/seita/bed-make/cache_d_v01/grasp_list_of_dicts_nodaug_cv_7_len_103.pkl (len 103)
finished: /nfs/diskstation/seita/bed-make/cache_d_v01/grasp_list_of_dicts_nodaug_cv_8_len_102.pkl (len 102)
finished: /nfs/diskstation/seita/bed-make/cache_d_v01/grasp_list_of_dicts_nodaug_cv_9_len_102.pkl (len 102)
len(self.train_labels): 10280. Shuffled!
loaded train set in 192.706 seconds...

cfg.FIX_PRETRAINED_LAYERS=False. Optimizer will adjust:
<tf.Variable 'grasp/Conv/weights:0' shape=(7, 7, 3, 64) dtype=float32_ref>
<tf.Variable 'grasp/Conv/biases:0' shape=(64,) dtype=float32_ref>
<tf.Variable 'grasp/Conv_1/weights:0' shape=(5, 5, 64, 128) dtype=float32_ref>
<tf.Variable 'grasp/Conv_1/biases:0' shape=(128,) dtype=float32_ref>
<tf.Variable 'grasp/Conv_2/weights:0' shape=(5, 5, 128, 128) dtype=float32_ref>
<tf.Variable 'grasp/Conv_2/biases:0' shape=(128,) dtype=float32_ref>
<tf.Variable 'grasp/Conv_3/weights:0' shape=(3, 3, 128, 192) dtype=float32_ref>
<tf.Variable 'grasp/Conv_3/biases:0' shape=(192,) dtype=float32_ref>
<tf.Variable 'grasp/Conv_4/weights:0' shape=(3, 3, 192, 192) dtype=float32_ref>
<tf.Variable 'grasp/Conv_4/biases:0' shape=(192,) dtype=float32_ref>
<tf.Variable 'grasp/Conv_5/weights:0' shape=(3, 3, 192, 192) dtype=float32_ref>
<tf.Variable 'grasp/Conv_5/biases:0' shape=(192,) dtype=float32_ref>
<tf.Variable 'grasp/Conv_6/weights:0' shape=(3, 3, 192, 128) dtype=float32_ref>
<tf.Variable 'grasp/Conv_6/biases:0' shape=(128,) dtype=float32_ref>
<tf.Variable 'grasp/fully_connected/weights:0' shape=(6272, 2000) dtype=float32_ref>
<tf.Variable 'grasp/fully_connected/biases:0' shape=(2000,) dtype=float32_ref>
<tf.Variable 'grasp/fully_connected_1/weights:0' shape=(2000, 2000) dtype=float32_ref>
<tf.Variable 'grasp/fully_connected_1/biases:0' shape=(2000,) dtype=float32_ref>
<tf.Variable 'grasp/fully_connected_2/weights:0' shape=(2000, 2) dtype=float32_ref>
<tf.Variable 'grasp/fully_connected_2/biases:0' shape=(2,) dtype=float32_ref>

adjustable params: 18282754


Just before training, here is `tf.trainable_variables()`:
<tf.Variable 'grasp/Conv/weights:0' shape=(7, 7, 3, 64) dtype=float32_ref>
<tf.Variable 'grasp/Conv/biases:0' shape=(64,) dtype=float32_ref>
<tf.Variable 'grasp/Conv_1/weights:0' shape=(5, 5, 64, 128) dtype=float32_ref>
<tf.Variable 'grasp/Conv_1/biases:0' shape=(128,) dtype=float32_ref>
<tf.Variable 'grasp/Conv_2/weights:0' shape=(5, 5, 128, 128) dtype=float32_ref>
<tf.Variable 'grasp/Conv_2/biases:0' shape=(128,) dtype=float32_ref>
<tf.Variable 'grasp/Conv_3/weights:0' shape=(3, 3, 128, 192) dtype=float32_ref>
<tf.Variable 'grasp/Conv_3/biases:0' shape=(192,) dtype=float32_ref>
<tf.Variable 'grasp/Conv_4/weights:0' shape=(3, 3, 192, 192) dtype=float32_ref>
<tf.Variable 'grasp/Conv_4/biases:0' shape=(192,) dtype=float32_ref>
<tf.Variable 'grasp/Conv_5/weights:0' shape=(3, 3, 192, 192) dtype=float32_ref>
<tf.Variable 'grasp/Conv_5/biases:0' shape=(192,) dtype=float32_ref>
<tf.Variable 'grasp/Conv_6/weights:0' shape=(3, 3, 192, 128) dtype=float32_ref>
<tf.Variable 'grasp/Conv_6/biases:0' shape=(128,) dtype=float32_ref>
<tf.Variable 'grasp/fully_connected/weights:0' shape=(6272, 2000) dtype=float32_ref>
<tf.Variable 'grasp/fully_connected/biases:0' shape=(2000,) dtype=float32_ref>
<tf.Variable 'grasp/fully_connected_1/weights:0' shape=(2000, 2000) dtype=float32_ref>
<tf.Variable 'grasp/fully_connected_1/biases:0' shape=(2000,) dtype=float32_ref>
<tf.Variable 'grasp/fully_connected_2/weights:0' shape=(2000, 2) dtype=float32_ref>
<tf.Variable 'grasp/fully_connected_2/biases:0' shape=(2,) dtype=float32_ref>

Number of trainable variables/parameters: 18282754

Start training ...
08/26 12:30:03 Epoch: 1, Step: 10, L-Rate: 0.0001, Loss: 0.040631
Speed: 0.256s/iter, Load: 0.011s/iter, Remain: 0:17:51
08/26 12:30:05 Epoch: 1, Step: 20, L-Rate: 0.0001, Loss: 0.041476
Speed: 0.198s/iter, Load: 0.011s/iter, Remain: 0:13:56
08/26 12:30:06 Epoch: 1, Step: 30, L-Rate: 0.0001, Loss: 0.039783
Speed: 0.179s/iter, Load: 0.011s/iter, Remain: 0:12:37
08/26 12:30:08 Epoch: 1, Step: 40, L-Rate: 0.0001, Loss: 0.033688
Speed: 0.169s/iter, Load: 0.011s/iter, Remain: 0:11:57
08/26 12:30:09 Epoch: 1, Step: 50, L-Rate: 0.0001, Loss: 0.036710
Speed: 0.164s/iter, Load: 0.011s/iter, Remain: 0:11:33
08/26 12:30:11 Epoch: 1, Step: 60, L-Rate: 0.0001, Loss: 0.030461
Speed: 0.160s/iter, Load: 0.011s/iter, Remain: 0:11:16
08/26 12:30:12 Epoch: 1, Step: 70, L-Rate: 0.0001, Loss: 0.029822
Speed: 0.157s/iter, Load: 0.011s/iter, Remain: 0:11:04
08/26 12:30:14 Epoch: 1, Step: 80, L-Rate: 0.0001, Loss: 0.030622
Speed: 0.155s/iter, Load: 0.011s/iter, Remain: 0:10:54
08/26 12:30:15 Epoch: 1, Step: 90, L-Rate: 0.0001, Loss: 0.029075
Speed: 0.154s/iter, Load: 0.011s/iter, Remain: 0:10:46
08/26 12:30:17 Epoch: 1, Step: 100, L-Rate: 0.0001, Loss: 0.017337
Speed: 0.153s/iter, Load: 0.011s/iter, Remain: 0:10:40
08/26 12:30:18 Epoch: 1, Step: 110, L-Rate: 0.0001, Loss: 0.028944
Speed: 0.152s/iter, Load: 0.011s/iter, Remain: 0:10:34
08/26 12:30:20 Epoch: 1, Step: 120, L-Rate: 0.0001, Loss: 0.014732
Speed: 0.151s/iter, Load: 0.011s/iter, Remain: 0:10:29
08/26 12:30:21 Epoch: 1, Step: 130, L-Rate: 0.0001, Loss: 0.019076
Speed: 0.150s/iter, Load: 0.011s/iter, Remain: 0:10:25
08/26 12:30:23 Epoch: 1, Step: 140, L-Rate: 0.0001, Loss: 0.024522
Speed: 0.149s/iter, Load: 0.011s/iter, Remain: 0:10:21
08/26 12:30:24 Epoch: 1, Step: 150, L-Rate: 0.0001, Loss: 0.018868
Speed: 0.149s/iter, Load: 0.011s/iter, Remain: 0:10:17
08/26 12:30:26 Epoch: 1, Step: 160, L-Rate: 0.0001, Loss: 0.019324
Speed: 0.148s/iter, Load: 0.011s/iter, Remain: 0:10:14
08/26 12:30:28 Epoch: 1, Step: 170, L-Rate: 0.0001, Loss: 0.022636
Speed: 0.148s/iter, Load: 0.011s/iter, Remain: 0:10:11
08/26 12:30:29 Epoch: 1, Step: 180, L-Rate: 0.0001, Loss: 0.013370
Speed: 0.148s/iter, Load: 0.011s/iter, Remain: 0:10:08
08/26 12:30:31 Epoch: 1, Step: 190, L-Rate: 0.0001, Loss: 0.016151
Speed: 0.147s/iter, Load: 0.011s/iter, Remain: 0:10:06
08/26 12:30:32 Epoch: 1, Step: 200, L-Rate: 0.0001, Loss: 0.022817
Speed: 0.147s/iter, Load: 0.011s/iter, Remain: 0:10:03
08/26 12:30:34 Epoch: 1, Step: 210, L-Rate: 0.0001, Loss: 0.015262
Speed: 0.147s/iter, Load: 0.011s/iter, Remain: 0:10:01
08/26 12:30:35 Epoch: 1, Step: 220, L-Rate: 0.0001, Loss: 0.022356
Speed: 0.147s/iter, Load: 0.011s/iter, Remain: 0:09:59
08/26 12:30:37 Epoch: 1, Step: 230, L-Rate: 0.0001, Loss: 0.018954
Speed: 0.147s/iter, Load: 0.011s/iter, Remain: 0:09:56
08/26 12:30:38 Epoch: 1, Step: 240, L-Rate: 0.0001, Loss: 0.017605
Speed: 0.146s/iter, Load: 0.011s/iter, Remain: 0:09:54
08/26 12:30:40 Epoch: 1, Step: 250, L-Rate: 0.0001, Loss: 0.019052
Speed: 0.146s/iter, Load: 0.011s/iter, Remain: 0:09:52
08/26 12:30:41 Epoch: 1, Step: 260, L-Rate: 0.0001, Loss: 0.013140
Speed: 0.146s/iter, Load: 0.011s/iter, Remain: 0:09:50
08/26 12:30:43 Epoch: 1, Step: 270, L-Rate: 0.0001, Loss: 0.020879
Speed: 0.146s/iter, Load: 0.011s/iter, Remain: 0:09:48
08/26 12:30:45 Epoch: 1, Step: 280, L-Rate: 0.0001, Loss: 0.011498
Speed: 0.146s/iter, Load: 0.011s/iter, Remain: 0:09:46
08/26 12:30:46 Epoch: 1, Step: 290, L-Rate: 0.0001, Loss: 0.012815
Speed: 0.146s/iter, Load: 0.011s/iter, Remain: 0:09:44
08/26 12:30:48 Epoch: 1, Step: 300, L-Rate: 0.0001, Loss: 0.014635
Speed: 0.146s/iter, Load: 0.011s/iter, Remain: 0:09:42
08/26 12:30:49 Epoch: 1, Step: 310, L-Rate: 0.0001, Loss: 0.023141
Speed: 0.146s/iter, Load: 0.011s/iter, Remain: 0:09:41
08/26 12:30:51 Epoch: 1, Step: 320, L-Rate: 0.0001, Loss: 0.017229
Speed: 0.146s/iter, Load: 0.011s/iter, Remain: 0:09:39
08/26 12:30:52 Epoch: 1, Step: 330, L-Rate: 0.0001, Loss: 0.012548
Speed: 0.146s/iter, Load: 0.011s/iter, Remain: 0:09:37
08/26 12:30:54 Epoch: 2, Step: 340, L-Rate: 0.0001, Loss: 0.016505
Speed: 0.146s/iter, Load: 0.011s/iter, Remain: 0:09:35
08/26 12:30:55 Epoch: 2, Step: 350, L-Rate: 0.0001, Loss: 0.017604
Speed: 0.146s/iter, Load: 0.011s/iter, Remain: 0:09:34
08/26 12:30:57 Epoch: 2, Step: 360, L-Rate: 0.0001, Loss: 0.016999
Speed: 0.145s/iter, Load: 0.011s/iter, Remain: 0:09:32
08/26 12:30:59 Epoch: 2, Step: 370, L-Rate: 0.0001, Loss: 0.011036
Speed: 0.145s/iter, Load: 0.011s/iter, Remain: 0:09:30
08/26 12:31:00 Epoch: 2, Step: 380, L-Rate: 0.0001, Loss: 0.016534
Speed: 0.145s/iter, Load: 0.011s/iter, Remain: 0:09:28
08/26 12:31:02 Epoch: 2, Step: 390, L-Rate: 0.0001, Loss: 0.017058
Speed: 0.145s/iter, Load: 0.011s/iter, Remain: 0:09:27
08/26 12:31:03 Epoch: 2, Step: 400, L-Rate: 0.0001, Loss: 0.012523
Speed: 0.145s/iter, Load: 0.011s/iter, Remain: 0:09:25
08/26 12:31:05 Epoch: 2, Step: 410, L-Rate: 0.0001, Loss: 0.011771
Speed: 0.145s/iter, Load: 0.011s/iter, Remain: 0:09:23
08/26 12:31:06 Epoch: 2, Step: 420, L-Rate: 0.0001, Loss: 0.010640
Speed: 0.145s/iter, Load: 0.011s/iter, Remain: 0:09:22
08/26 12:31:08 Epoch: 2, Step: 430, L-Rate: 0.0001, Loss: 0.011248
Speed: 0.145s/iter, Load: 0.011s/iter, Remain: 0:09:20
08/26 12:31:09 Epoch: 2, Step: 440, L-Rate: 0.0001, Loss: 0.009261
Speed: 0.145s/iter, Load: 0.011s/iter, Remain: 0:09:18
08/26 12:31:11 Epoch: 2, Step: 450, L-Rate: 0.0001, Loss: 0.009338
Speed: 0.145s/iter, Load: 0.011s/iter, Remain: 0:09:17
08/26 12:31:13 Epoch: 2, Step: 460, L-Rate: 0.0001, Loss: 0.011698
Speed: 0.145s/iter, Load: 0.011s/iter, Remain: 0:09:15
08/26 12:31:14 Epoch: 2, Step: 470, L-Rate: 0.0001, Loss: 0.011870
Speed: 0.145s/iter, Load: 0.011s/iter, Remain: 0:09:14
08/26 12:31:16 Epoch: 2, Step: 480, L-Rate: 0.0001, Loss: 0.010985
Speed: 0.145s/iter, Load: 0.011s/iter, Remain: 0:09:12
08/26 12:31:17 Epoch: 2, Step: 490, L-Rate: 0.0001, Loss: 0.011475
Speed: 0.145s/iter, Load: 0.011s/iter, Remain: 0:09:10
08/26 12:31:19 Epoch: 2, Step: 500, L-Rate: 0.0001, Loss: 0.009237
Speed: 0.145s/iter, Load: 0.011s/iter, Remain: 0:09:09
    saved TF model: /nfs/diskstation/seita/bed-make/grasp/cache_d_v01/grasp_4_img_depth_opt_adam_lr_0.0001_L2_0.0001_kp_1.0_steps_4000_cv_False/08_26_12_31_19_save.ckpt
08/26 12:31:21 Epoch: 2, Step: 510, L-Rate: 0.0001, Loss: 0.013336
Speed: 0.145s/iter, Load: 0.011s/iter, Remain: 0:09:13
08/26 12:31:23 Epoch: 2, Step: 520, L-Rate: 0.0001, Loss: 0.010746
Speed: 0.145s/iter, Load: 0.011s/iter, Remain: 0:09:12
08/26 12:31:24 Epoch: 2, Step: 530, L-Rate: 0.0001, Loss: 0.010788
Speed: 0.145s/iter, Load: 0.011s/iter, Remain: 0:09:10
08/26 12:31:26 Epoch: 2, Step: 540, L-Rate: 0.0001, Loss: 0.012722
Speed: 0.145s/iter, Load: 0.011s/iter, Remain: 0:09:08
08/26 12:31:28 Epoch: 2, Step: 550, L-Rate: 0.0001, Loss: 0.008087
Speed: 0.145s/iter, Load: 0.011s/iter, Remain: 0:09:07
08/26 12:31:29 Epoch: 2, Step: 560, L-Rate: 0.0001, Loss: 0.012400
Speed: 0.145s/iter, Load: 0.011s/iter, Remain: 0:09:05
08/26 12:31:31 Epoch: 2, Step: 570, L-Rate: 0.0001, Loss: 0.013528
Speed: 0.145s/iter, Load: 0.011s/iter, Remain: 0:09:03
08/26 12:31:32 Epoch: 2, Step: 580, L-Rate: 0.0001, Loss: 0.009256
Speed: 0.145s/iter, Load: 0.011s/iter, Remain: 0:09:01
08/26 12:31:34 Epoch: 2, Step: 590, L-Rate: 0.0001, Loss: 0.005605
Speed: 0.145s/iter, Load: 0.011s/iter, Remain: 0:09:00
08/26 12:31:35 Epoch: 2, Step: 600, L-Rate: 0.0001, Loss: 0.008935
Speed: 0.145s/iter, Load: 0.011s/iter, Remain: 0:08:58
08/26 12:31:37 Epoch: 2, Step: 610, L-Rate: 0.0001, Loss: 0.010523
Speed: 0.145s/iter, Load: 0.011s/iter, Remain: 0:08:56
08/26 12:31:39 Epoch: 2, Step: 620, L-Rate: 0.0001, Loss: 0.009753
Speed: 0.145s/iter, Load: 0.011s/iter, Remain: 0:08:55
08/26 12:31:40 Epoch: 2, Step: 630, L-Rate: 0.0001, Loss: 0.009134
Speed: 0.145s/iter, Load: 0.011s/iter, Remain: 0:08:53
08/26 12:31:42 Epoch: 2, Step: 640, L-Rate: 0.0001, Loss: 0.009840
Speed: 0.145s/iter, Load: 0.011s/iter, Remain: 0:08:51
08/26 12:31:43 Epoch: 2, Step: 650, L-Rate: 0.0001, Loss: 0.010666
Speed: 0.145s/iter, Load: 0.011s/iter, Remain: 0:08:50
08/26 12:31:45 Epoch: 2, Step: 660, L-Rate: 0.0001, Loss: 0.007923
Speed: 0.145s/iter, Load: 0.011s/iter, Remain: 0:08:48
08/26 12:31:46 Epoch: 3, Step: 670, L-Rate: 0.0001, Loss: 0.008603
Speed: 0.145s/iter, Load: 0.011s/iter, Remain: 0:08:47
08/26 12:31:48 Epoch: 3, Step: 680, L-Rate: 0.0001, Loss: 0.008252
Speed: 0.145s/iter, Load: 0.011s/iter, Remain: 0:08:45
08/26 12:31:50 Epoch: 3, Step: 690, L-Rate: 0.0001, Loss: 0.005013
Speed: 0.145s/iter, Load: 0.011s/iter, Remain: 0:08:43
08/26 12:31:51 Epoch: 3, Step: 700, L-Rate: 0.0001, Loss: 0.006628
Speed: 0.145s/iter, Load: 0.011s/iter, Remain: 0:08:42
08/26 12:31:53 Epoch: 3, Step: 710, L-Rate: 0.0001, Loss: 0.005226
Speed: 0.145s/iter, Load: 0.011s/iter, Remain: 0:08:40
08/26 12:31:54 Epoch: 3, Step: 720, L-Rate: 0.0001, Loss: 0.006610
Speed: 0.145s/iter, Load: 0.011s/iter, Remain: 0:08:38
08/26 12:31:56 Epoch: 3, Step: 730, L-Rate: 0.0001, Loss: 0.009780
Speed: 0.145s/iter, Load: 0.011s/iter, Remain: 0:08:37
08/26 12:31:57 Epoch: 3, Step: 740, L-Rate: 0.0001, Loss: 0.007510
Speed: 0.145s/iter, Load: 0.011s/iter, Remain: 0:08:35
08/26 12:31:59 Epoch: 3, Step: 750, L-Rate: 0.0001, Loss: 0.006776
Speed: 0.145s/iter, Load: 0.011s/iter, Remain: 0:08:33
08/26 12:32:01 Epoch: 3, Step: 760, L-Rate: 0.0001, Loss: 0.008888
Speed: 0.145s/iter, Load: 0.011s/iter, Remain: 0:08:32
08/26 12:32:02 Epoch: 3, Step: 770, L-Rate: 0.0001, Loss: 0.005826
Speed: 0.145s/iter, Load: 0.011s/iter, Remain: 0:08:30
08/26 12:32:04 Epoch: 3, Step: 780, L-Rate: 0.0001, Loss: 0.004733
Speed: 0.145s/iter, Load: 0.011s/iter, Remain: 0:08:29
08/26 12:32:05 Epoch: 3, Step: 790, L-Rate: 0.0001, Loss: 0.004604
Speed: 0.145s/iter, Load: 0.011s/iter, Remain: 0:08:27
08/26 12:32:07 Epoch: 3, Step: 800, L-Rate: 0.0001, Loss: 0.006049
Speed: 0.145s/iter, Load: 0.011s/iter, Remain: 0:08:25
08/26 12:32:08 Epoch: 3, Step: 810, L-Rate: 0.0001, Loss: 0.003976
Speed: 0.145s/iter, Load: 0.011s/iter, Remain: 0:08:24
08/26 12:32:10 Epoch: 3, Step: 820, L-Rate: 0.0001, Loss: 0.006927
Speed: 0.145s/iter, Load: 0.011s/iter, Remain: 0:08:22
08/26 12:32:12 Epoch: 3, Step: 830, L-Rate: 0.0001, Loss: 0.006748
Speed: 0.145s/iter, Load: 0.011s/iter, Remain: 0:08:20
08/26 12:32:13 Epoch: 3, Step: 840, L-Rate: 0.0001, Loss: 0.004971
Speed: 0.145s/iter, Load: 0.011s/iter, Remain: 0:08:19
08/26 12:32:15 Epoch: 3, Step: 850, L-Rate: 0.0001, Loss: 0.004451
Speed: 0.145s/iter, Load: 0.011s/iter, Remain: 0:08:17
08/26 12:32:16 Epoch: 3, Step: 860, L-Rate: 0.0001, Loss: 0.005539
Speed: 0.145s/iter, Load: 0.011s/iter, Remain: 0:08:16
08/26 12:32:18 Epoch: 3, Step: 870, L-Rate: 0.0001, Loss: 0.005839
Speed: 0.145s/iter, Load: 0.011s/iter, Remain: 0:08:14
08/26 12:32:19 Epoch: 3, Step: 880, L-Rate: 0.0001, Loss: 0.003983
Speed: 0.145s/iter, Load: 0.011s/iter, Remain: 0:08:13
08/26 12:32:21 Epoch: 3, Step: 890, L-Rate: 0.0001, Loss: 0.004749
Speed: 0.145s/iter, Load: 0.011s/iter, Remain: 0:08:11
08/26 12:32:23 Epoch: 3, Step: 900, L-Rate: 0.0001, Loss: 0.005571
Speed: 0.145s/iter, Load: 0.011s/iter, Remain: 0:08:10
08/26 12:32:24 Epoch: 3, Step: 910, L-Rate: 0.0001, Loss: 0.005650
Speed: 0.145s/iter, Load: 0.011s/iter, Remain: 0:08:08
08/26 12:32:26 Epoch: 3, Step: 920, L-Rate: 0.0001, Loss: 0.002871
Speed: 0.145s/iter, Load: 0.011s/iter, Remain: 0:08:07
08/26 12:32:27 Epoch: 3, Step: 930, L-Rate: 0.0001, Loss: 0.004011
Speed: 0.145s/iter, Load: 0.011s/iter, Remain: 0:08:05
08/26 12:32:29 Epoch: 3, Step: 940, L-Rate: 0.0001, Loss: 0.007063
Speed: 0.145s/iter, Load: 0.011s/iter, Remain: 0:08:04
08/26 12:32:31 Epoch: 3, Step: 950, L-Rate: 0.0001, Loss: 0.003753
Speed: 0.145s/iter, Load: 0.011s/iter, Remain: 0:08:02
08/26 12:32:32 Epoch: 3, Step: 960, L-Rate: 0.0001, Loss: 0.003193
Speed: 0.145s/iter, Load: 0.011s/iter, Remain: 0:08:00
08/26 12:32:34 Epoch: 3, Step: 970, L-Rate: 0.0001, Loss: 0.003710
Speed: 0.145s/iter, Load: 0.011s/iter, Remain: 0:07:59
08/26 12:32:35 Epoch: 3, Step: 980, L-Rate: 0.0001, Loss: 0.003588
Speed: 0.145s/iter, Load: 0.011s/iter, Remain: 0:07:57
08/26 12:32:37 Epoch: 3, Step: 990, L-Rate: 0.0001, Loss: 0.004549
Speed: 0.145s/iter, Load: 0.011s/iter, Remain: 0:07:56
08/26 12:32:39 Epoch: 4, Step: 1000, L-Rate: 0.0001, Loss: 0.003336
Speed: 0.145s/iter, Load: 0.011s/iter, Remain: 0:07:54
    saved TF model: /nfs/diskstation/seita/bed-make/grasp/cache_d_v01/grasp_4_img_depth_opt_adam_lr_0.0001_L2_0.0001_kp_1.0_steps_4000_cv_False/08_26_12_32_39_save.ckpt
08/26 12:32:41 Epoch: 4, Step: 1010, L-Rate: 0.0001, Loss: 0.003333
Speed: 0.145s/iter, Load: 0.011s/iter, Remain: 0:07:55
08/26 12:32:43 Epoch: 4, Step: 1020, L-Rate: 0.0001, Loss: 0.002781
Speed: 0.145s/iter, Load: 0.011s/iter, Remain: 0:07:54
08/26 12:32:44 Epoch: 4, Step: 1030, L-Rate: 0.0001, Loss: 0.003002
Speed: 0.145s/iter, Load: 0.011s/iter, Remain: 0:07:52
08/26 12:32:46 Epoch: 4, Step: 1040, L-Rate: 0.0001, Loss: 0.002284
Speed: 0.145s/iter, Load: 0.011s/iter, Remain: 0:07:50
08/26 12:32:47 Epoch: 4, Step: 1050, L-Rate: 0.0001, Loss: 0.002556
Speed: 0.145s/iter, Load: 0.011s/iter, Remain: 0:07:49
08/26 12:32:49 Epoch: 4, Step: 1060, L-Rate: 0.0001, Loss: 0.002036
Speed: 0.145s/iter, Load: 0.011s/iter, Remain: 0:07:47
08/26 12:32:51 Epoch: 4, Step: 1070, L-Rate: 0.0001, Loss: 0.003403
Speed: 0.145s/iter, Load: 0.011s/iter, Remain: 0:07:45
08/26 12:32:52 Epoch: 4, Step: 1080, L-Rate: 0.0001, Loss: 0.002077
Speed: 0.145s/iter, Load: 0.011s/iter, Remain: 0:07:44
08/26 12:32:54 Epoch: 4, Step: 1090, L-Rate: 0.0001, Loss: 0.002483
Speed: 0.145s/iter, Load: 0.011s/iter, Remain: 0:07:42
08/26 12:32:55 Epoch: 4, Step: 1100, L-Rate: 0.0001, Loss: 0.002460
Speed: 0.145s/iter, Load: 0.011s/iter, Remain: 0:07:41
08/26 12:32:57 Epoch: 4, Step: 1110, L-Rate: 0.0001, Loss: 0.002613
Speed: 0.145s/iter, Load: 0.011s/iter, Remain: 0:07:39
08/26 12:32:58 Epoch: 4, Step: 1120, L-Rate: 0.0001, Loss: 0.002659
Speed: 0.145s/iter, Load: 0.011s/iter, Remain: 0:07:37
08/26 12:33:00 Epoch: 4, Step: 1130, L-Rate: 0.0001, Loss: 0.002726
Speed: 0.145s/iter, Load: 0.011s/iter, Remain: 0:07:36
08/26 12:33:02 Epoch: 4, Step: 1140, L-Rate: 0.0001, Loss: 0.003406
Speed: 0.145s/iter, Load: 0.011s/iter, Remain: 0:07:34
08/26 12:33:03 Epoch: 4, Step: 1150, L-Rate: 0.0001, Loss: 0.002811
Speed: 0.145s/iter, Load: 0.011s/iter, Remain: 0:07:32
08/26 12:33:05 Epoch: 4, Step: 1160, L-Rate: 0.0001, Loss: 0.003742
Speed: 0.146s/iter, Load: 0.011s/iter, Remain: 0:07:31
08/26 12:33:06 Epoch: 4, Step: 1170, L-Rate: 0.0001, Loss: 0.002464
Speed: 0.146s/iter, Load: 0.011s/iter, Remain: 0:07:29
08/26 12:33:08 Epoch: 4, Step: 1180, L-Rate: 0.0001, Loss: 0.002606
Speed: 0.146s/iter, Load: 0.011s/iter, Remain: 0:07:28
08/26 12:33:10 Epoch: 4, Step: 1190, L-Rate: 0.0001, Loss: 0.003453
Speed: 0.146s/iter, Load: 0.011s/iter, Remain: 0:07:26
08/26 12:33:11 Epoch: 4, Step: 1200, L-Rate: 0.0001, Loss: 0.002418
Speed: 0.146s/iter, Load: 0.011s/iter, Remain: 0:07:25
08/26 12:33:13 Epoch: 4, Step: 1210, L-Rate: 0.0001, Loss: 0.002524
Speed: 0.146s/iter, Load: 0.011s/iter, Remain: 0:07:23
08/26 12:33:14 Epoch: 4, Step: 1220, L-Rate: 0.0001, Loss: 0.002649
Speed: 0.146s/iter, Load: 0.011s/iter, Remain: 0:07:22
08/26 12:33:16 Epoch: 4, Step: 1230, L-Rate: 0.0001, Loss: 0.001512
Speed: 0.146s/iter, Load: 0.011s/iter, Remain: 0:07:20
08/26 12:33:17 Epoch: 4, Step: 1240, L-Rate: 0.0001, Loss: 0.001337
Speed: 0.146s/iter, Load: 0.011s/iter, Remain: 0:07:18
08/26 12:33:19 Epoch: 4, Step: 1250, L-Rate: 0.0001, Loss: 0.002279
Speed: 0.146s/iter, Load: 0.011s/iter, Remain: 0:07:17
08/26 12:33:21 Epoch: 4, Step: 1260, L-Rate: 0.0001, Loss: 0.002362
Speed: 0.146s/iter, Load: 0.011s/iter, Remain: 0:07:15
08/26 12:33:22 Epoch: 4, Step: 1270, L-Rate: 0.0001, Loss: 0.001902
Speed: 0.146s/iter, Load: 0.011s/iter, Remain: 0:07:14
08/26 12:33:24 Epoch: 4, Step: 1280, L-Rate: 0.0001, Loss: 0.002201
Speed: 0.146s/iter, Load: 0.011s/iter, Remain: 0:07:12
08/26 12:33:26 Epoch: 4, Step: 1290, L-Rate: 0.0001, Loss: 0.001557
Speed: 0.146s/iter, Load: 0.011s/iter, Remain: 0:07:11
08/26 12:33:27 Epoch: 4, Step: 1300, L-Rate: 0.0001, Loss: 0.001214
Speed: 0.146s/iter, Load: 0.011s/iter, Remain: 0:07:09
08/26 12:33:29 Epoch: 4, Step: 1310, L-Rate: 0.0001, Loss: 0.001775
Speed: 0.146s/iter, Load: 0.011s/iter, Remain: 0:07:08
08/26 12:33:30 Epoch: 4, Step: 1320, L-Rate: 0.0001, Loss: 0.001492
Speed: 0.146s/iter, Load: 0.011s/iter, Remain: 0:07:06
08/26 12:33:32 Epoch: 5, Step: 1330, L-Rate: 0.0001, Loss: 0.001204
Speed: 0.146s/iter, Load: 0.011s/iter, Remain: 0:07:04
08/26 12:33:34 Epoch: 5, Step: 1340, L-Rate: 0.0001, Loss: 0.001409
Speed: 0.146s/iter, Load: 0.011s/iter, Remain: 0:07:03
08/26 12:33:35 Epoch: 5, Step: 1350, L-Rate: 0.0001, Loss: 0.001005
Speed: 0.146s/iter, Load: 0.011s/iter, Remain: 0:07:01
08/26 12:33:37 Epoch: 5, Step: 1360, L-Rate: 0.0001, Loss: 0.002935
Speed: 0.146s/iter, Load: 0.011s/iter, Remain: 0:07:00
08/26 12:33:38 Epoch: 5, Step: 1370, L-Rate: 0.0001, Loss: 0.001301
Speed: 0.146s/iter, Load: 0.011s/iter, Remain: 0:06:58
08/26 12:33:40 Epoch: 5, Step: 1380, L-Rate: 0.0001, Loss: 0.001765
Speed: 0.146s/iter, Load: 0.011s/iter, Remain: 0:06:57
08/26 12:33:42 Epoch: 5, Step: 1390, L-Rate: 0.0001, Loss: 0.001202
Speed: 0.146s/iter, Load: 0.011s/iter, Remain: 0:06:55
08/26 12:33:43 Epoch: 5, Step: 1400, L-Rate: 0.0001, Loss: 0.001219
Speed: 0.146s/iter, Load: 0.011s/iter, Remain: 0:06:53
08/26 12:33:45 Epoch: 5, Step: 1410, L-Rate: 0.0001, Loss: 0.001191
Speed: 0.146s/iter, Load: 0.011s/iter, Remain: 0:06:52
08/26 12:33:46 Epoch: 5, Step: 1420, L-Rate: 0.0001, Loss: 0.001168
Speed: 0.146s/iter, Load: 0.011s/iter, Remain: 0:06:50
08/26 12:33:48 Epoch: 5, Step: 1430, L-Rate: 0.0001, Loss: 0.002152
Speed: 0.146s/iter, Load: 0.011s/iter, Remain: 0:06:49
08/26 12:33:50 Epoch: 5, Step: 1440, L-Rate: 0.0001, Loss: 0.001812
Speed: 0.146s/iter, Load: 0.011s/iter, Remain: 0:06:47
08/26 12:33:51 Epoch: 5, Step: 1450, L-Rate: 0.0001, Loss: 0.000907
Speed: 0.146s/iter, Load: 0.011s/iter, Remain: 0:06:46
08/26 12:33:53 Epoch: 5, Step: 1460, L-Rate: 0.0001, Loss: 0.001348
Speed: 0.146s/iter, Load: 0.011s/iter, Remain: 0:06:44
08/26 12:33:54 Epoch: 5, Step: 1470, L-Rate: 0.0001, Loss: 0.001396
Speed: 0.146s/iter, Load: 0.011s/iter, Remain: 0:06:42
08/26 12:33:56 Epoch: 5, Step: 1480, L-Rate: 0.0001, Loss: 0.001233
Speed: 0.146s/iter, Load: 0.011s/iter, Remain: 0:06:41
08/26 12:33:58 Epoch: 5, Step: 1490, L-Rate: 0.0001, Loss: 0.001340
Speed: 0.146s/iter, Load: 0.011s/iter, Remain: 0:06:39
08/26 12:33:59 Epoch: 5, Step: 1500, L-Rate: 0.0001, Loss: 0.001001
Speed: 0.146s/iter, Load: 0.011s/iter, Remain: 0:06:38
    saved TF model: /nfs/diskstation/seita/bed-make/grasp/cache_d_v01/grasp_4_img_depth_opt_adam_lr_0.0001_L2_0.0001_kp_1.0_steps_4000_cv_False/08_26_12_33_59_save.ckpt
08/26 12:34:02 Epoch: 5, Step: 1510, L-Rate: 0.0001, Loss: 0.001070
Speed: 0.146s/iter, Load: 0.011s/iter, Remain: 0:06:38
08/26 12:34:03 Epoch: 5, Step: 1520, L-Rate: 0.0001, Loss: 0.000945
Speed: 0.146s/iter, Load: 0.011s/iter, Remain: 0:06:36
08/26 12:34:05 Epoch: 5, Step: 1530, L-Rate: 0.0001, Loss: 0.001095
Speed: 0.146s/iter, Load: 0.011s/iter, Remain: 0:06:34
08/26 12:34:06 Epoch: 5, Step: 1540, L-Rate: 0.0001, Loss: 0.001393
Speed: 0.146s/iter, Load: 0.011s/iter, Remain: 0:06:33
08/26 12:34:08 Epoch: 5, Step: 1550, L-Rate: 0.0001, Loss: 0.000501
Speed: 0.146s/iter, Load: 0.011s/iter, Remain: 0:06:31
08/26 12:34:10 Epoch: 5, Step: 1560, L-Rate: 0.0001, Loss: 0.000722
Speed: 0.146s/iter, Load: 0.011s/iter, Remain: 0:06:29
08/26 12:34:11 Epoch: 5, Step: 1570, L-Rate: 0.0001, Loss: 0.000914
Speed: 0.146s/iter, Load: 0.011s/iter, Remain: 0:06:28
08/26 12:34:13 Epoch: 5, Step: 1580, L-Rate: 0.0001, Loss: 0.000676
Speed: 0.146s/iter, Load: 0.011s/iter, Remain: 0:06:26
08/26 12:34:14 Epoch: 5, Step: 1590, L-Rate: 0.0001, Loss: 0.000813
Speed: 0.146s/iter, Load: 0.011s/iter, Remain: 0:06:25
08/26 12:34:16 Epoch: 5, Step: 1600, L-Rate: 0.0001, Loss: 0.000696
Speed: 0.146s/iter, Load: 0.011s/iter, Remain: 0:06:23
08/26 12:34:18 Epoch: 5, Step: 1610, L-Rate: 0.0001, Loss: 0.000646
Speed: 0.146s/iter, Load: 0.011s/iter, Remain: 0:06:21
08/26 12:34:19 Epoch: 5, Step: 1620, L-Rate: 0.0001, Loss: 0.000682
Speed: 0.146s/iter, Load: 0.011s/iter, Remain: 0:06:20
08/26 12:34:21 Epoch: 5, Step: 1630, L-Rate: 0.0001, Loss: 0.000395
Speed: 0.146s/iter, Load: 0.011s/iter, Remain: 0:06:18
08/26 12:34:23 Epoch: 5, Step: 1640, L-Rate: 0.0001, Loss: 0.000605
Speed: 0.146s/iter, Load: 0.011s/iter, Remain: 0:06:17
08/26 12:34:24 Epoch: 5, Step: 1650, L-Rate: 0.0001, Loss: 0.000675
Speed: 0.146s/iter, Load: 0.011s/iter, Remain: 0:06:15
08/26 12:34:26 Epoch: 6, Step: 1660, L-Rate: 0.0001, Loss: 0.000622
Speed: 0.146s/iter, Load: 0.011s/iter, Remain: 0:06:14
08/26 12:34:27 Epoch: 6, Step: 1670, L-Rate: 0.0001, Loss: 0.000682
Speed: 0.146s/iter, Load: 0.011s/iter, Remain: 0:06:12
08/26 12:34:29 Epoch: 6, Step: 1680, L-Rate: 0.0001, Loss: 0.000505
Speed: 0.146s/iter, Load: 0.011s/iter, Remain: 0:06:10
08/26 12:34:31 Epoch: 6, Step: 1690, L-Rate: 0.0001, Loss: 0.000367
Speed: 0.146s/iter, Load: 0.011s/iter, Remain: 0:06:09
08/26 12:34:32 Epoch: 6, Step: 1700, L-Rate: 0.0001, Loss: 0.000494
Speed: 0.146s/iter, Load: 0.011s/iter, Remain: 0:06:07
08/26 12:34:34 Epoch: 6, Step: 1710, L-Rate: 0.0001, Loss: 0.000494
Speed: 0.146s/iter, Load: 0.011s/iter, Remain: 0:06:06
08/26 12:34:35 Epoch: 6, Step: 1720, L-Rate: 0.0001, Loss: 0.000417
Speed: 0.146s/iter, Load: 0.011s/iter, Remain: 0:06:04
08/26 12:34:37 Epoch: 6, Step: 1730, L-Rate: 0.0001, Loss: 0.000570
Speed: 0.146s/iter, Load: 0.011s/iter, Remain: 0:06:02
08/26 12:34:39 Epoch: 6, Step: 1740, L-Rate: 0.0001, Loss: 0.000313
Speed: 0.146s/iter, Load: 0.011s/iter, Remain: 0:06:01
08/26 12:34:40 Epoch: 6, Step: 1750, L-Rate: 0.0001, Loss: 0.000656
Speed: 0.146s/iter, Load: 0.011s/iter, Remain: 0:05:59
08/26 12:34:42 Epoch: 6, Step: 1760, L-Rate: 0.0001, Loss: 0.000338
Speed: 0.146s/iter, Load: 0.011s/iter, Remain: 0:05:58
08/26 12:34:43 Epoch: 6, Step: 1770, L-Rate: 0.0001, Loss: 0.000386
Speed: 0.146s/iter, Load: 0.011s/iter, Remain: 0:05:56
08/26 12:34:45 Epoch: 6, Step: 1780, L-Rate: 0.0001, Loss: 0.000360
Speed: 0.146s/iter, Load: 0.011s/iter, Remain: 0:05:54
08/26 12:34:47 Epoch: 6, Step: 1790, L-Rate: 0.0001, Loss: 0.000382
Speed: 0.146s/iter, Load: 0.011s/iter, Remain: 0:05:53
08/26 12:34:48 Epoch: 6, Step: 1800, L-Rate: 0.0001, Loss: 0.000387
Speed: 0.146s/iter, Load: 0.011s/iter, Remain: 0:05:51
08/26 12:34:50 Epoch: 6, Step: 1810, L-Rate: 0.0001, Loss: 0.000389
Speed: 0.146s/iter, Load: 0.011s/iter, Remain: 0:05:50
08/26 12:34:51 Epoch: 6, Step: 1820, L-Rate: 0.0001, Loss: 0.000474
Speed: 0.146s/iter, Load: 0.011s/iter, Remain: 0:05:48
08/26 12:34:53 Epoch: 6, Step: 1830, L-Rate: 0.0001, Loss: 0.000412
Speed: 0.146s/iter, Load: 0.011s/iter, Remain: 0:05:46
08/26 12:34:55 Epoch: 6, Step: 1840, L-Rate: 0.0001, Loss: 0.000422
Speed: 0.146s/iter, Load: 0.011s/iter, Remain: 0:05:45
08/26 12:34:56 Epoch: 6, Step: 1850, L-Rate: 0.0001, Loss: 0.000730
Speed: 0.146s/iter, Load: 0.011s/iter, Remain: 0:05:43
08/26 12:34:58 Epoch: 6, Step: 1860, L-Rate: 0.0001, Loss: 0.000648
Speed: 0.146s/iter, Load: 0.011s/iter, Remain: 0:05:42
08/26 12:34:59 Epoch: 6, Step: 1870, L-Rate: 0.0001, Loss: 0.000492
Speed: 0.146s/iter, Load: 0.011s/iter, Remain: 0:05:40
08/26 12:35:01 Epoch: 6, Step: 1880, L-Rate: 0.0001, Loss: 0.000400
Speed: 0.146s/iter, Load: 0.011s/iter, Remain: 0:05:39
08/26 12:35:03 Epoch: 6, Step: 1890, L-Rate: 0.0001, Loss: 0.000623
Speed: 0.146s/iter, Load: 0.011s/iter, Remain: 0:05:37
08/26 12:35:04 Epoch: 6, Step: 1900, L-Rate: 0.0001, Loss: 0.000381
Speed: 0.146s/iter, Load: 0.011s/iter, Remain: 0:05:35
08/26 12:35:06 Epoch: 6, Step: 1910, L-Rate: 0.0001, Loss: 0.000331
Speed: 0.146s/iter, Load: 0.011s/iter, Remain: 0:05:34
08/26 12:35:07 Epoch: 6, Step: 1920, L-Rate: 0.0001, Loss: 0.000366
Speed: 0.146s/iter, Load: 0.011s/iter, Remain: 0:05:32
08/26 12:35:09 Epoch: 6, Step: 1930, L-Rate: 0.0001, Loss: 0.000411
Speed: 0.146s/iter, Load: 0.011s/iter, Remain: 0:05:30
08/26 12:35:11 Epoch: 6, Step: 1940, L-Rate: 0.0001, Loss: 0.000308
Speed: 0.147s/iter, Load: 0.011s/iter, Remain: 0:05:29
08/26 12:35:12 Epoch: 6, Step: 1950, L-Rate: 0.0001, Loss: 0.000350
Speed: 0.147s/iter, Load: 0.011s/iter, Remain: 0:05:27
08/26 12:35:14 Epoch: 6, Step: 1960, L-Rate: 0.0001, Loss: 0.000361
Speed: 0.147s/iter, Load: 0.011s/iter, Remain: 0:05:26
08/26 12:35:15 Epoch: 6, Step: 1970, L-Rate: 0.0001, Loss: 0.000284
Speed: 0.147s/iter, Load: 0.011s/iter, Remain: 0:05:24
08/26 12:35:17 Epoch: 6, Step: 1980, L-Rate: 0.0001, Loss: 0.000349
Speed: 0.147s/iter, Load: 0.011s/iter, Remain: 0:05:23
08/26 12:35:19 Epoch: 7, Step: 1990, L-Rate: 0.0001, Loss: 0.000456
Speed: 0.147s/iter, Load: 0.011s/iter, Remain: 0:05:21
08/26 12:35:20 Epoch: 7, Step: 2000, L-Rate: 0.0001, Loss: 0.000470
Speed: 0.147s/iter, Load: 0.011s/iter, Remain: 0:05:19
    saved TF model: /nfs/diskstation/seita/bed-make/grasp/cache_d_v01/grasp_4_img_depth_opt_adam_lr_0.0001_L2_0.0001_kp_1.0_steps_4000_cv_False/08_26_12_35_20_save.ckpt
08/26 12:35:23 Epoch: 7, Step: 2010, L-Rate: 0.0001, Loss: 0.000418
Speed: 0.147s/iter, Load: 0.011s/iter, Remain: 0:05:19
08/26 12:35:24 Epoch: 7, Step: 2020, L-Rate: 0.0001, Loss: 0.000331
Speed: 0.147s/iter, Load: 0.011s/iter, Remain: 0:05:17
08/26 12:35:26 Epoch: 7, Step: 2030, L-Rate: 0.0001, Loss: 0.000342
Speed: 0.147s/iter, Load: 0.011s/iter, Remain: 0:05:15
08/26 12:35:27 Epoch: 7, Step: 2040, L-Rate: 0.0001, Loss: 0.000389
Speed: 0.147s/iter, Load: 0.011s/iter, Remain: 0:05:14
08/26 12:35:29 Epoch: 7, Step: 2050, L-Rate: 0.0001, Loss: 0.000408
Speed: 0.147s/iter, Load: 0.011s/iter, Remain: 0:05:12
08/26 12:35:31 Epoch: 7, Step: 2060, L-Rate: 0.0001, Loss: 0.000416
Speed: 0.147s/iter, Load: 0.011s/iter, Remain: 0:05:10
08/26 12:35:32 Epoch: 7, Step: 2070, L-Rate: 0.0001, Loss: 0.000390
Speed: 0.147s/iter, Load: 0.011s/iter, Remain: 0:05:09
08/26 12:35:34 Epoch: 7, Step: 2080, L-Rate: 0.0001, Loss: 0.000288
Speed: 0.147s/iter, Load: 0.011s/iter, Remain: 0:05:07
08/26 12:35:35 Epoch: 7, Step: 2090, L-Rate: 0.0001, Loss: 0.000344
Speed: 0.147s/iter, Load: 0.011s/iter, Remain: 0:05:06
08/26 12:35:37 Epoch: 7, Step: 2100, L-Rate: 0.0001, Loss: 0.000497
Speed: 0.147s/iter, Load: 0.011s/iter, Remain: 0:05:04
08/26 12:35:39 Epoch: 7, Step: 2110, L-Rate: 0.0001, Loss: 0.000519
Speed: 0.147s/iter, Load: 0.011s/iter, Remain: 0:05:03
08/26 12:35:40 Epoch: 7, Step: 2120, L-Rate: 0.0001, Loss: 0.000442
Speed: 0.147s/iter, Load: 0.011s/iter, Remain: 0:05:01
08/26 12:35:42 Epoch: 7, Step: 2130, L-Rate: 0.0001, Loss: 0.000321
Speed: 0.147s/iter, Load: 0.011s/iter, Remain: 0:04:59
08/26 12:35:43 Epoch: 7, Step: 2140, L-Rate: 0.0001, Loss: 0.000318
Speed: 0.147s/iter, Load: 0.011s/iter, Remain: 0:04:58
08/26 12:35:45 Epoch: 7, Step: 2150, L-Rate: 0.0001, Loss: 0.000290
Speed: 0.147s/iter, Load: 0.011s/iter, Remain: 0:04:56
08/26 12:35:47 Epoch: 7, Step: 2160, L-Rate: 0.0001, Loss: 0.000292
Speed: 0.147s/iter, Load: 0.011s/iter, Remain: 0:04:55
08/26 12:35:48 Epoch: 7, Step: 2170, L-Rate: 0.0001, Loss: 0.000437
Speed: 0.147s/iter, Load: 0.011s/iter, Remain: 0:04:53
08/26 12:35:50 Epoch: 7, Step: 2180, L-Rate: 0.0001, Loss: 0.000361
Speed: 0.147s/iter, Load: 0.011s/iter, Remain: 0:04:51
08/26 12:35:51 Epoch: 7, Step: 2190, L-Rate: 0.0001, Loss: 0.000414
Speed: 0.147s/iter, Load: 0.011s/iter, Remain: 0:04:50
08/26 12:35:53 Epoch: 7, Step: 2200, L-Rate: 0.0001, Loss: 0.000414
Speed: 0.147s/iter, Load: 0.011s/iter, Remain: 0:04:48
08/26 12:35:55 Epoch: 7, Step: 2210, L-Rate: 0.0001, Loss: 0.000474
Speed: 0.147s/iter, Load: 0.011s/iter, Remain: 0:04:46
08/26 12:35:56 Epoch: 7, Step: 2220, L-Rate: 0.0001, Loss: 0.000440
Speed: 0.147s/iter, Load: 0.011s/iter, Remain: 0:04:45
08/26 12:35:58 Epoch: 7, Step: 2230, L-Rate: 0.0001, Loss: 0.000356
Speed: 0.147s/iter, Load: 0.011s/iter, Remain: 0:04:43
08/26 12:36:00 Epoch: 7, Step: 2240, L-Rate: 0.0001, Loss: 0.000215
Speed: 0.147s/iter, Load: 0.011s/iter, Remain: 0:04:42
08/26 12:36:01 Epoch: 7, Step: 2250, L-Rate: 0.0001, Loss: 0.000395
Speed: 0.147s/iter, Load: 0.011s/iter, Remain: 0:04:40
08/26 12:36:03 Epoch: 7, Step: 2260, L-Rate: 0.0001, Loss: 0.000346
Speed: 0.147s/iter, Load: 0.011s/iter, Remain: 0:04:39
08/26 12:36:04 Epoch: 7, Step: 2270, L-Rate: 0.0001, Loss: 0.000295
Speed: 0.147s/iter, Load: 0.011s/iter, Remain: 0:04:37
08/26 12:36:06 Epoch: 7, Step: 2280, L-Rate: 0.0001, Loss: 0.000316
Speed: 0.147s/iter, Load: 0.011s/iter, Remain: 0:04:35
08/26 12:36:08 Epoch: 7, Step: 2290, L-Rate: 0.0001, Loss: 0.000283
Speed: 0.147s/iter, Load: 0.011s/iter, Remain: 0:04:34
08/26 12:36:09 Epoch: 7, Step: 2300, L-Rate: 0.0001, Loss: 0.000557
Speed: 0.147s/iter, Load: 0.011s/iter, Remain: 0:04:32
08/26 12:36:11 Epoch: 7, Step: 2310, L-Rate: 0.0001, Loss: 0.000564
Speed: 0.147s/iter, Load: 0.011s/iter, Remain: 0:04:31
08/26 12:36:12 Epoch: 7, Step: 2320, L-Rate: 0.0001, Loss: 0.000288
Speed: 0.147s/iter, Load: 0.011s/iter, Remain: 0:04:29
08/26 12:36:14 Epoch: 8, Step: 2330, L-Rate: 0.0001, Loss: 0.000454
Speed: 0.147s/iter, Load: 0.011s/iter, Remain: 0:04:27
08/26 12:36:16 Epoch: 8, Step: 2340, L-Rate: 0.0001, Loss: 0.000432
Speed: 0.147s/iter, Load: 0.011s/iter, Remain: 0:04:26
08/26 12:36:17 Epoch: 8, Step: 2350, L-Rate: 0.0001, Loss: 0.000304
Speed: 0.147s/iter, Load: 0.011s/iter, Remain: 0:04:24
08/26 12:36:19 Epoch: 8, Step: 2360, L-Rate: 0.0001, Loss: 0.000249
Speed: 0.147s/iter, Load: 0.011s/iter, Remain: 0:04:22
08/26 12:36:20 Epoch: 8, Step: 2370, L-Rate: 0.0001, Loss: 0.000373
Speed: 0.147s/iter, Load: 0.011s/iter, Remain: 0:04:21
08/26 12:36:22 Epoch: 8, Step: 2380, L-Rate: 0.0001, Loss: 0.000281
Speed: 0.147s/iter, Load: 0.011s/iter, Remain: 0:04:19
08/26 12:36:24 Epoch: 8, Step: 2390, L-Rate: 0.0001, Loss: 0.000245
Speed: 0.147s/iter, Load: 0.011s/iter, Remain: 0:04:18
08/26 12:36:25 Epoch: 8, Step: 2400, L-Rate: 0.0001, Loss: 0.000383
Speed: 0.147s/iter, Load: 0.011s/iter, Remain: 0:04:16
08/26 12:36:27 Epoch: 8, Step: 2410, L-Rate: 0.0001, Loss: 0.000432
Speed: 0.147s/iter, Load: 0.011s/iter, Remain: 0:04:14
08/26 12:36:28 Epoch: 8, Step: 2420, L-Rate: 0.0001, Loss: 0.000453
Speed: 0.147s/iter, Load: 0.011s/iter, Remain: 0:04:13
08/26 12:36:30 Epoch: 8, Step: 2430, L-Rate: 0.0001, Loss: 0.000507
Speed: 0.147s/iter, Load: 0.011s/iter, Remain: 0:04:11
08/26 12:36:32 Epoch: 8, Step: 2440, L-Rate: 0.0001, Loss: 0.000342
Speed: 0.147s/iter, Load: 0.011s/iter, Remain: 0:04:10
08/26 12:36:33 Epoch: 8, Step: 2450, L-Rate: 0.0001, Loss: 0.000400
Speed: 0.147s/iter, Load: 0.011s/iter, Remain: 0:04:08
08/26 12:36:35 Epoch: 8, Step: 2460, L-Rate: 0.0001, Loss: 0.000337
Speed: 0.147s/iter, Load: 0.011s/iter, Remain: 0:04:06
08/26 12:36:36 Epoch: 8, Step: 2470, L-Rate: 0.0001, Loss: 0.000320
Speed: 0.147s/iter, Load: 0.011s/iter, Remain: 0:04:05
08/26 12:36:38 Epoch: 8, Step: 2480, L-Rate: 0.0001, Loss: 0.000436
Speed: 0.147s/iter, Load: 0.011s/iter, Remain: 0:04:03
08/26 12:36:40 Epoch: 8, Step: 2490, L-Rate: 0.0001, Loss: 0.000320
Speed: 0.147s/iter, Load: 0.011s/iter, Remain: 0:04:02
08/26 12:36:41 Epoch: 8, Step: 2500, L-Rate: 0.0001, Loss: 0.000486
Speed: 0.147s/iter, Load: 0.011s/iter, Remain: 0:04:00
    saved TF model: /nfs/diskstation/seita/bed-make/grasp/cache_d_v01/grasp_4_img_depth_opt_adam_lr_0.0001_L2_0.0001_kp_1.0_steps_4000_cv_False/08_26_12_36_41_save.ckpt
08/26 12:36:44 Epoch: 8, Step: 2510, L-Rate: 0.0001, Loss: 0.000362
Speed: 0.147s/iter, Load: 0.011s/iter, Remain: 0:03:59
08/26 12:36:45 Epoch: 8, Step: 2520, L-Rate: 0.0001, Loss: 0.000427
Speed: 0.147s/iter, Load: 0.011s/iter, Remain: 0:03:57
08/26 12:36:47 Epoch: 8, Step: 2530, L-Rate: 0.0001, Loss: 0.000278
Speed: 0.147s/iter, Load: 0.011s/iter, Remain: 0:03:56
08/26 12:36:48 Epoch: 8, Step: 2540, L-Rate: 0.0001, Loss: 0.000284
Speed: 0.147s/iter, Load: 0.011s/iter, Remain: 0:03:54
08/26 12:36:50 Epoch: 8, Step: 2550, L-Rate: 0.0001, Loss: 0.000339
Speed: 0.147s/iter, Load: 0.011s/iter, Remain: 0:03:52
08/26 12:36:52 Epoch: 8, Step: 2560, L-Rate: 0.0001, Loss: 0.000632
Speed: 0.147s/iter, Load: 0.011s/iter, Remain: 0:03:51
08/26 12:36:53 Epoch: 8, Step: 2570, L-Rate: 0.0001, Loss: 0.000677
Speed: 0.147s/iter, Load: 0.011s/iter, Remain: 0:03:49
08/26 12:36:55 Epoch: 8, Step: 2580, L-Rate: 0.0001, Loss: 0.000738
Speed: 0.147s/iter, Load: 0.011s/iter, Remain: 0:03:48
08/26 12:36:56 Epoch: 8, Step: 2590, L-Rate: 0.0001, Loss: 0.000622
Speed: 0.147s/iter, Load: 0.011s/iter, Remain: 0:03:46
08/26 12:36:58 Epoch: 8, Step: 2600, L-Rate: 0.0001, Loss: 0.000453
Speed: 0.147s/iter, Load: 0.011s/iter, Remain: 0:03:44
08/26 12:37:00 Epoch: 8, Step: 2610, L-Rate: 0.0001, Loss: 0.000569
Speed: 0.147s/iter, Load: 0.011s/iter, Remain: 0:03:43
08/26 12:37:01 Epoch: 8, Step: 2620, L-Rate: 0.0001, Loss: 0.000423
Speed: 0.147s/iter, Load: 0.011s/iter, Remain: 0:03:41
08/26 12:37:03 Epoch: 8, Step: 2630, L-Rate: 0.0001, Loss: 0.000328
Speed: 0.147s/iter, Load: 0.011s/iter, Remain: 0:03:40
08/26 12:37:04 Epoch: 8, Step: 2640, L-Rate: 0.0001, Loss: 0.000405
Speed: 0.147s/iter, Load: 0.011s/iter, Remain: 0:03:38
08/26 12:37:06 Epoch: 8, Step: 2650, L-Rate: 0.0001, Loss: 0.000630
Speed: 0.147s/iter, Load: 0.011s/iter, Remain: 0:03:36
08/26 12:37:08 Epoch: 9, Step: 2660, L-Rate: 0.0001, Loss: 0.000641
Speed: 0.147s/iter, Load: 0.011s/iter, Remain: 0:03:35
08/26 12:37:09 Epoch: 9, Step: 2670, L-Rate: 0.0001, Loss: 0.000737
Speed: 0.147s/iter, Load: 0.011s/iter, Remain: 0:03:33
08/26 12:37:11 Epoch: 9, Step: 2680, L-Rate: 0.0001, Loss: 0.000424
Speed: 0.147s/iter, Load: 0.011s/iter, Remain: 0:03:32
08/26 12:37:13 Epoch: 9, Step: 2690, L-Rate: 0.0001, Loss: 0.000351
Speed: 0.147s/iter, Load: 0.011s/iter, Remain: 0:03:30
08/26 12:37:14 Epoch: 9, Step: 2700, L-Rate: 0.0001, Loss: 0.000321
Speed: 0.147s/iter, Load: 0.011s/iter, Remain: 0:03:28
08/26 12:37:16 Epoch: 9, Step: 2710, L-Rate: 0.0001, Loss: 0.000485
Speed: 0.147s/iter, Load: 0.011s/iter, Remain: 0:03:27
08/26 12:37:17 Epoch: 9, Step: 2720, L-Rate: 0.0001, Loss: 0.000238
Speed: 0.147s/iter, Load: 0.011s/iter, Remain: 0:03:25
08/26 12:37:19 Epoch: 9, Step: 2730, L-Rate: 0.0001, Loss: 0.000396
Speed: 0.147s/iter, Load: 0.011s/iter, Remain: 0:03:24
08/26 12:37:21 Epoch: 9, Step: 2740, L-Rate: 0.0001, Loss: 0.000414
Speed: 0.147s/iter, Load: 0.011s/iter, Remain: 0:03:22
08/26 12:37:22 Epoch: 9, Step: 2750, L-Rate: 0.0001, Loss: 0.000704
Speed: 0.147s/iter, Load: 0.011s/iter, Remain: 0:03:20
08/26 12:37:24 Epoch: 9, Step: 2760, L-Rate: 0.0001, Loss: 0.000437
Speed: 0.147s/iter, Load: 0.011s/iter, Remain: 0:03:19
08/26 12:37:25 Epoch: 9, Step: 2770, L-Rate: 0.0001, Loss: 0.000411
Speed: 0.147s/iter, Load: 0.011s/iter, Remain: 0:03:17
08/26 12:37:27 Epoch: 9, Step: 2780, L-Rate: 0.0001, Loss: 0.000523
Speed: 0.147s/iter, Load: 0.011s/iter, Remain: 0:03:16
08/26 12:37:29 Epoch: 9, Step: 2790, L-Rate: 0.0001, Loss: 0.000491
Speed: 0.147s/iter, Load: 0.011s/iter, Remain: 0:03:14
08/26 12:37:30 Epoch: 9, Step: 2800, L-Rate: 0.0001, Loss: 0.000346
Speed: 0.147s/iter, Load: 0.011s/iter, Remain: 0:03:12
08/26 12:37:32 Epoch: 9, Step: 2810, L-Rate: 0.0001, Loss: 0.000357
Speed: 0.147s/iter, Load: 0.011s/iter, Remain: 0:03:11
08/26 12:37:33 Epoch: 9, Step: 2820, L-Rate: 0.0001, Loss: 0.000640
Speed: 0.147s/iter, Load: 0.011s/iter, Remain: 0:03:09
08/26 12:37:35 Epoch: 9, Step: 2830, L-Rate: 0.0001, Loss: 0.000427
Speed: 0.147s/iter, Load: 0.011s/iter, Remain: 0:03:07
08/26 12:37:37 Epoch: 9, Step: 2840, L-Rate: 0.0001, Loss: 0.000661
Speed: 0.147s/iter, Load: 0.011s/iter, Remain: 0:03:06
08/26 12:37:38 Epoch: 9, Step: 2850, L-Rate: 0.0001, Loss: 0.000756
Speed: 0.147s/iter, Load: 0.011s/iter, Remain: 0:03:04
08/26 12:37:40 Epoch: 9, Step: 2860, L-Rate: 0.0001, Loss: 0.000462
Speed: 0.147s/iter, Load: 0.011s/iter, Remain: 0:03:03
08/26 12:37:41 Epoch: 9, Step: 2870, L-Rate: 0.0001, Loss: 0.000547
Speed: 0.147s/iter, Load: 0.011s/iter, Remain: 0:03:01
08/26 12:37:43 Epoch: 9, Step: 2880, L-Rate: 0.0001, Loss: 0.000448
Speed: 0.147s/iter, Load: 0.011s/iter, Remain: 0:02:59
08/26 12:37:45 Epoch: 9, Step: 2890, L-Rate: 0.0001, Loss: 0.000444
Speed: 0.147s/iter, Load: 0.011s/iter, Remain: 0:02:58
08/26 12:37:46 Epoch: 9, Step: 2900, L-Rate: 0.0001, Loss: 0.000516
Speed: 0.147s/iter, Load: 0.011s/iter, Remain: 0:02:56
08/26 12:37:48 Epoch: 9, Step: 2910, L-Rate: 0.0001, Loss: 0.000349
Speed: 0.147s/iter, Load: 0.011s/iter, Remain: 0:02:55
08/26 12:37:49 Epoch: 9, Step: 2920, L-Rate: 0.0001, Loss: 0.000747
Speed: 0.147s/iter, Load: 0.011s/iter, Remain: 0:02:53
08/26 12:37:51 Epoch: 9, Step: 2930, L-Rate: 0.0001, Loss: 0.000434
Speed: 0.147s/iter, Load: 0.011s/iter, Remain: 0:02:51
08/26 12:37:53 Epoch: 9, Step: 2940, L-Rate: 0.0001, Loss: 0.000545
Speed: 0.147s/iter, Load: 0.011s/iter, Remain: 0:02:50
08/26 12:37:54 Epoch: 9, Step: 2950, L-Rate: 0.0001, Loss: 0.000616
Speed: 0.147s/iter, Load: 0.011s/iter, Remain: 0:02:48
08/26 12:37:56 Epoch: 9, Step: 2960, L-Rate: 0.0001, Loss: 0.000381
Speed: 0.147s/iter, Load: 0.011s/iter, Remain: 0:02:47
08/26 12:37:57 Epoch: 9, Step: 2970, L-Rate: 0.0001, Loss: 0.000376
Speed: 0.147s/iter, Load: 0.011s/iter, Remain: 0:02:45
08/26 12:37:59 Epoch: 9, Step: 2980, L-Rate: 0.0001, Loss: 0.000336
Speed: 0.147s/iter, Load: 0.011s/iter, Remain: 0:02:43
08/26 12:38:01 Epoch: 10, Step: 2990, L-Rate: 0.0001, Loss: 0.000479
Speed: 0.147s/iter, Load: 0.011s/iter, Remain: 0:02:42
08/26 12:38:02 Epoch: 10, Step: 3000, L-Rate: 0.0001, Loss: 0.000271
Speed: 0.147s/iter, Load: 0.011s/iter, Remain: 0:02:40
    saved TF model: /nfs/diskstation/seita/bed-make/grasp/cache_d_v01/grasp_4_img_depth_opt_adam_lr_0.0001_L2_0.0001_kp_1.0_steps_4000_cv_False/08_26_12_38_02_save.ckpt
08/26 12:38:05 Epoch: 10, Step: 3010, L-Rate: 0.0001, Loss: 0.000377
Speed: 0.147s/iter, Load: 0.011s/iter, Remain: 0:02:39
08/26 12:38:06 Epoch: 10, Step: 3020, L-Rate: 0.0001, Loss: 0.000484
Speed: 0.147s/iter, Load: 0.011s/iter, Remain: 0:02:37
08/26 12:38:08 Epoch: 10, Step: 3030, L-Rate: 0.0001, Loss: 0.000281
Speed: 0.147s/iter, Load: 0.011s/iter, Remain: 0:02:36
08/26 12:38:09 Epoch: 10, Step: 3040, L-Rate: 0.0001, Loss: 0.000361
Speed: 0.147s/iter, Load: 0.011s/iter, Remain: 0:02:34
08/26 12:38:11 Epoch: 10, Step: 3050, L-Rate: 0.0001, Loss: 0.000376
Speed: 0.147s/iter, Load: 0.011s/iter, Remain: 0:02:32
08/26 12:38:13 Epoch: 10, Step: 3060, L-Rate: 0.0001, Loss: 0.000256
Speed: 0.147s/iter, Load: 0.011s/iter, Remain: 0:02:31
08/26 12:38:14 Epoch: 10, Step: 3070, L-Rate: 0.0001, Loss: 0.000305
Speed: 0.147s/iter, Load: 0.011s/iter, Remain: 0:02:29
08/26 12:38:16 Epoch: 10, Step: 3080, L-Rate: 0.0001, Loss: 0.000473
Speed: 0.147s/iter, Load: 0.011s/iter, Remain: 0:02:28
08/26 12:38:18 Epoch: 10, Step: 3090, L-Rate: 0.0001, Loss: 0.000389
Speed: 0.147s/iter, Load: 0.011s/iter, Remain: 0:02:26
08/26 12:38:19 Epoch: 10, Step: 3100, L-Rate: 0.0001, Loss: 0.000267
Speed: 0.147s/iter, Load: 0.011s/iter, Remain: 0:02:24
08/26 12:38:21 Epoch: 10, Step: 3110, L-Rate: 0.0001, Loss: 0.000375
Speed: 0.147s/iter, Load: 0.011s/iter, Remain: 0:02:23
08/26 12:38:22 Epoch: 10, Step: 3120, L-Rate: 0.0001, Loss: 0.000443
Speed: 0.147s/iter, Load: 0.011s/iter, Remain: 0:02:21
08/26 12:38:24 Epoch: 10, Step: 3130, L-Rate: 0.0001, Loss: 0.000567
Speed: 0.147s/iter, Load: 0.011s/iter, Remain: 0:02:19
08/26 12:38:25 Epoch: 10, Step: 3140, L-Rate: 0.0001, Loss: 0.000318
Speed: 0.147s/iter, Load: 0.011s/iter, Remain: 0:02:18
08/26 12:38:27 Epoch: 10, Step: 3150, L-Rate: 0.0001, Loss: 0.000411
Speed: 0.147s/iter, Load: 0.011s/iter, Remain: 0:02:16
08/26 12:38:29 Epoch: 10, Step: 3160, L-Rate: 0.0001, Loss: 0.000337
Speed: 0.147s/iter, Load: 0.011s/iter, Remain: 0:02:15
08/26 12:38:30 Epoch: 10, Step: 3170, L-Rate: 0.0001, Loss: 0.000365
Speed: 0.147s/iter, Load: 0.011s/iter, Remain: 0:02:13
08/26 12:38:32 Epoch: 10, Step: 3180, L-Rate: 0.0001, Loss: 0.000331
Speed: 0.147s/iter, Load: 0.011s/iter, Remain: 0:02:11
08/26 12:38:34 Epoch: 10, Step: 3190, L-Rate: 0.0001, Loss: 0.000480
Speed: 0.147s/iter, Load: 0.011s/iter, Remain: 0:02:10
08/26 12:38:35 Epoch: 10, Step: 3200, L-Rate: 0.0001, Loss: 0.000483
Speed: 0.147s/iter, Load: 0.011s/iter, Remain: 0:02:08
08/26 12:38:37 Epoch: 10, Step: 3210, L-Rate: 0.0001, Loss: 0.000574
Speed: 0.147s/iter, Load: 0.011s/iter, Remain: 0:02:07
08/26 12:38:38 Epoch: 10, Step: 3220, L-Rate: 0.0001, Loss: 0.000539
Speed: 0.147s/iter, Load: 0.011s/iter, Remain: 0:02:05
08/26 12:38:40 Epoch: 10, Step: 3230, L-Rate: 0.0001, Loss: 0.000483
Speed: 0.147s/iter, Load: 0.011s/iter, Remain: 0:02:03
08/26 12:38:42 Epoch: 10, Step: 3240, L-Rate: 0.0001, Loss: 0.000678
Speed: 0.147s/iter, Load: 0.011s/iter, Remain: 0:02:02
08/26 12:38:43 Epoch: 10, Step: 3250, L-Rate: 0.0001, Loss: 0.000674
Speed: 0.147s/iter, Load: 0.011s/iter, Remain: 0:02:00
08/26 12:38:45 Epoch: 10, Step: 3260, L-Rate: 0.0001, Loss: 0.000734
Speed: 0.147s/iter, Load: 0.011s/iter, Remain: 0:01:59
08/26 12:38:46 Epoch: 10, Step: 3270, L-Rate: 0.0001, Loss: 0.000235
Speed: 0.147s/iter, Load: 0.011s/iter, Remain: 0:01:57
08/26 12:38:48 Epoch: 10, Step: 3280, L-Rate: 0.0001, Loss: 0.000267
Speed: 0.147s/iter, Load: 0.011s/iter, Remain: 0:01:55
08/26 12:38:50 Epoch: 10, Step: 3290, L-Rate: 0.0001, Loss: 0.000542
Speed: 0.147s/iter, Load: 0.011s/iter, Remain: 0:01:54
08/26 12:38:51 Epoch: 10, Step: 3300, L-Rate: 0.0001, Loss: 0.000316
Speed: 0.147s/iter, Load: 0.011s/iter, Remain: 0:01:52
08/26 12:38:53 Epoch: 10, Step: 3310, L-Rate: 0.0001, Loss: 0.000446
Speed: 0.147s/iter, Load: 0.011s/iter, Remain: 0:01:50
08/26 12:38:54 Epoch: 11, Step: 3320, L-Rate: 0.0001, Loss: 0.000337
Speed: 0.147s/iter, Load: 0.011s/iter, Remain: 0:01:49
08/26 12:38:56 Epoch: 11, Step: 3330, L-Rate: 0.0001, Loss: 0.000376
Speed: 0.147s/iter, Load: 0.011s/iter, Remain: 0:01:47
08/26 12:38:58 Epoch: 11, Step: 3340, L-Rate: 0.0001, Loss: 0.000397
Speed: 0.147s/iter, Load: 0.011s/iter, Remain: 0:01:46
08/26 12:38:59 Epoch: 11, Step: 3350, L-Rate: 0.0001, Loss: 0.000478
Speed: 0.147s/iter, Load: 0.011s/iter, Remain: 0:01:44
08/26 12:39:01 Epoch: 11, Step: 3360, L-Rate: 0.0001, Loss: 0.000292
Speed: 0.147s/iter, Load: 0.011s/iter, Remain: 0:01:42
08/26 12:39:02 Epoch: 11, Step: 3370, L-Rate: 0.0001, Loss: 0.000386
Speed: 0.147s/iter, Load: 0.011s/iter, Remain: 0:01:41
08/26 12:39:04 Epoch: 11, Step: 3380, L-Rate: 0.0001, Loss: 0.000349
Speed: 0.147s/iter, Load: 0.011s/iter, Remain: 0:01:39
08/26 12:39:06 Epoch: 11, Step: 3390, L-Rate: 0.0001, Loss: 0.000476
Speed: 0.147s/iter, Load: 0.011s/iter, Remain: 0:01:38
08/26 12:39:07 Epoch: 11, Step: 3400, L-Rate: 0.0001, Loss: 0.000437
Speed: 0.147s/iter, Load: 0.011s/iter, Remain: 0:01:36
08/26 12:39:09 Epoch: 11, Step: 3410, L-Rate: 0.0001, Loss: 0.000252
Speed: 0.147s/iter, Load: 0.011s/iter, Remain: 0:01:34
08/26 12:39:10 Epoch: 11, Step: 3420, L-Rate: 0.0001, Loss: 0.000357
Speed: 0.147s/iter, Load: 0.011s/iter, Remain: 0:01:33
08/26 12:39:12 Epoch: 11, Step: 3430, L-Rate: 0.0001, Loss: 0.000350
Speed: 0.147s/iter, Load: 0.011s/iter, Remain: 0:01:31
08/26 12:39:14 Epoch: 11, Step: 3440, L-Rate: 0.0001, Loss: 0.000264
Speed: 0.147s/iter, Load: 0.011s/iter, Remain: 0:01:30
08/26 12:39:15 Epoch: 11, Step: 3450, L-Rate: 0.0001, Loss: 0.000272
Speed: 0.147s/iter, Load: 0.011s/iter, Remain: 0:01:28
08/26 12:39:17 Epoch: 11, Step: 3460, L-Rate: 0.0001, Loss: 0.000275
Speed: 0.147s/iter, Load: 0.011s/iter, Remain: 0:01:26
08/26 12:39:19 Epoch: 11, Step: 3470, L-Rate: 0.0001, Loss: 0.000294
Speed: 0.147s/iter, Load: 0.011s/iter, Remain: 0:01:25
08/26 12:39:20 Epoch: 11, Step: 3480, L-Rate: 0.0001, Loss: 0.000439
Speed: 0.147s/iter, Load: 0.011s/iter, Remain: 0:01:23
08/26 12:39:22 Epoch: 11, Step: 3490, L-Rate: 0.0001, Loss: 0.000413
Speed: 0.147s/iter, Load: 0.011s/iter, Remain: 0:01:22
08/26 12:39:23 Epoch: 11, Step: 3500, L-Rate: 0.0001, Loss: 0.000356
Speed: 0.147s/iter, Load: 0.011s/iter, Remain: 0:01:20
    saved TF model: /nfs/diskstation/seita/bed-make/grasp/cache_d_v01/grasp_4_img_depth_opt_adam_lr_0.0001_L2_0.0001_kp_1.0_steps_4000_cv_False/08_26_12_39_23_save.ckpt
08/26 12:39:26 Epoch: 11, Step: 3510, L-Rate: 0.0001, Loss: 0.000275
Speed: 0.147s/iter, Load: 0.011s/iter, Remain: 0:01:18
08/26 12:39:27 Epoch: 11, Step: 3520, L-Rate: 0.0001, Loss: 0.000323
Speed: 0.147s/iter, Load: 0.011s/iter, Remain: 0:01:17
08/26 12:39:29 Epoch: 11, Step: 3530, L-Rate: 0.0001, Loss: 0.000294
Speed: 0.147s/iter, Load: 0.011s/iter, Remain: 0:01:15
08/26 12:39:31 Epoch: 11, Step: 3540, L-Rate: 0.0001, Loss: 0.000247
Speed: 0.147s/iter, Load: 0.011s/iter, Remain: 0:01:14
08/26 12:39:32 Epoch: 11, Step: 3550, L-Rate: 0.0001, Loss: 0.000285
Speed: 0.147s/iter, Load: 0.011s/iter, Remain: 0:01:12
08/26 12:39:34 Epoch: 11, Step: 3560, L-Rate: 0.0001, Loss: 0.000331
Speed: 0.147s/iter, Load: 0.011s/iter, Remain: 0:01:10
08/26 12:39:35 Epoch: 11, Step: 3570, L-Rate: 0.0001, Loss: 0.000276
Speed: 0.147s/iter, Load: 0.011s/iter, Remain: 0:01:09
08/26 12:39:37 Epoch: 11, Step: 3580, L-Rate: 0.0001, Loss: 0.000308
Speed: 0.147s/iter, Load: 0.011s/iter, Remain: 0:01:07
08/26 12:39:39 Epoch: 11, Step: 3590, L-Rate: 0.0001, Loss: 0.000281
Speed: 0.147s/iter, Load: 0.011s/iter, Remain: 0:01:06
08/26 12:39:40 Epoch: 11, Step: 3600, L-Rate: 0.0001, Loss: 0.000400
Speed: 0.147s/iter, Load: 0.011s/iter, Remain: 0:01:04
08/26 12:39:42 Epoch: 11, Step: 3610, L-Rate: 0.0001, Loss: 0.000310
Speed: 0.147s/iter, Load: 0.011s/iter, Remain: 0:01:02
08/26 12:39:43 Epoch: 11, Step: 3620, L-Rate: 0.0001, Loss: 0.000268
Speed: 0.147s/iter, Load: 0.011s/iter, Remain: 0:01:01
08/26 12:39:45 Epoch: 11, Step: 3630, L-Rate: 0.0001, Loss: 0.000319
Speed: 0.147s/iter, Load: 0.011s/iter, Remain: 0:00:59
08/26 12:39:47 Epoch: 11, Step: 3640, L-Rate: 0.0001, Loss: 0.000405
Speed: 0.147s/iter, Load: 0.011s/iter, Remain: 0:00:57
08/26 12:39:48 Epoch: 12, Step: 3650, L-Rate: 0.0001, Loss: 0.000260
Speed: 0.147s/iter, Load: 0.011s/iter, Remain: 0:00:56
08/26 12:39:50 Epoch: 12, Step: 3660, L-Rate: 0.0001, Loss: 0.000278
Speed: 0.147s/iter, Load: 0.011s/iter, Remain: 0:00:54
08/26 12:39:51 Epoch: 12, Step: 3670, L-Rate: 0.0001, Loss: 0.000347
Speed: 0.147s/iter, Load: 0.011s/iter, Remain: 0:00:53
08/26 12:39:53 Epoch: 12, Step: 3680, L-Rate: 0.0001, Loss: 0.000273
Speed: 0.147s/iter, Load: 0.011s/iter, Remain: 0:00:51
08/26 12:39:55 Epoch: 12, Step: 3690, L-Rate: 0.0001, Loss: 0.000348
Speed: 0.147s/iter, Load: 0.011s/iter, Remain: 0:00:49
08/26 12:39:56 Epoch: 12, Step: 3700, L-Rate: 0.0001, Loss: 0.000208
Speed: 0.147s/iter, Load: 0.011s/iter, Remain: 0:00:48
08/26 12:39:58 Epoch: 12, Step: 3710, L-Rate: 0.0001, Loss: 0.000450
Speed: 0.147s/iter, Load: 0.011s/iter, Remain: 0:00:46
08/26 12:39:59 Epoch: 12, Step: 3720, L-Rate: 0.0001, Loss: 0.000276
Speed: 0.147s/iter, Load: 0.011s/iter, Remain: 0:00:45
08/26 12:40:01 Epoch: 12, Step: 3730, L-Rate: 0.0001, Loss: 0.000368
Speed: 0.147s/iter, Load: 0.011s/iter, Remain: 0:00:43
08/26 12:40:03 Epoch: 12, Step: 3740, L-Rate: 0.0001, Loss: 0.000384
Speed: 0.147s/iter, Load: 0.011s/iter, Remain: 0:00:41
08/26 12:40:04 Epoch: 12, Step: 3750, L-Rate: 0.0001, Loss: 0.000359
Speed: 0.147s/iter, Load: 0.011s/iter, Remain: 0:00:40
08/26 12:40:06 Epoch: 12, Step: 3760, L-Rate: 0.0001, Loss: 0.000561
Speed: 0.147s/iter, Load: 0.011s/iter, Remain: 0:00:38
08/26 12:40:07 Epoch: 12, Step: 3770, L-Rate: 0.0001, Loss: 0.000373
Speed: 0.147s/iter, Load: 0.011s/iter, Remain: 0:00:37
08/26 12:40:09 Epoch: 12, Step: 3780, L-Rate: 0.0001, Loss: 0.000666
Speed: 0.147s/iter, Load: 0.011s/iter, Remain: 0:00:35
08/26 12:40:11 Epoch: 12, Step: 3790, L-Rate: 0.0001, Loss: 0.000566
Speed: 0.147s/iter, Load: 0.011s/iter, Remain: 0:00:33
08/26 12:40:12 Epoch: 12, Step: 3800, L-Rate: 0.0001, Loss: 0.000181
Speed: 0.147s/iter, Load: 0.011s/iter, Remain: 0:00:32
08/26 12:40:14 Epoch: 12, Step: 3810, L-Rate: 0.0001, Loss: 0.000238
Speed: 0.147s/iter, Load: 0.011s/iter, Remain: 0:00:30
08/26 12:40:16 Epoch: 12, Step: 3820, L-Rate: 0.0001, Loss: 0.000330
Speed: 0.147s/iter, Load: 0.011s/iter, Remain: 0:00:28
08/26 12:40:17 Epoch: 12, Step: 3830, L-Rate: 0.0001, Loss: 0.000407
Speed: 0.147s/iter, Load: 0.011s/iter, Remain: 0:00:27
08/26 12:40:19 Epoch: 12, Step: 3840, L-Rate: 0.0001, Loss: 0.000441
Speed: 0.147s/iter, Load: 0.011s/iter, Remain: 0:00:25
08/26 12:40:20 Epoch: 12, Step: 3850, L-Rate: 0.0001, Loss: 0.000470
Speed: 0.147s/iter, Load: 0.011s/iter, Remain: 0:00:24
08/26 12:40:22 Epoch: 12, Step: 3860, L-Rate: 0.0001, Loss: 0.000340
Speed: 0.147s/iter, Load: 0.011s/iter, Remain: 0:00:22
08/26 12:40:24 Epoch: 12, Step: 3870, L-Rate: 0.0001, Loss: 0.000392
Speed: 0.147s/iter, Load: 0.011s/iter, Remain: 0:00:20
08/26 12:40:25 Epoch: 12, Step: 3880, L-Rate: 0.0001, Loss: 0.000653
Speed: 0.147s/iter, Load: 0.011s/iter, Remain: 0:00:19
08/26 12:40:27 Epoch: 12, Step: 3890, L-Rate: 0.0001, Loss: 0.000521
Speed: 0.147s/iter, Load: 0.011s/iter, Remain: 0:00:17
08/26 12:40:28 Epoch: 12, Step: 3900, L-Rate: 0.0001, Loss: 0.000651
Speed: 0.147s/iter, Load: 0.011s/iter, Remain: 0:00:16
08/26 12:40:30 Epoch: 12, Step: 3910, L-Rate: 0.0001, Loss: 0.000543
Speed: 0.147s/iter, Load: 0.011s/iter, Remain: 0:00:14
08/26 12:40:32 Epoch: 12, Step: 3920, L-Rate: 0.0001, Loss: 0.000397
Speed: 0.147s/iter, Load: 0.011s/iter, Remain: 0:00:12
08/26 12:40:33 Epoch: 12, Step: 3930, L-Rate: 0.0001, Loss: 0.000526
Speed: 0.147s/iter, Load: 0.011s/iter, Remain: 0:00:11
08/26 12:40:35 Epoch: 12, Step: 3940, L-Rate: 0.0001, Loss: 0.000601
Speed: 0.147s/iter, Load: 0.011s/iter, Remain: 0:00:09
08/26 12:40:36 Epoch: 12, Step: 3950, L-Rate: 0.0001, Loss: 0.000395
Speed: 0.147s/iter, Load: 0.011s/iter, Remain: 0:00:08
08/26 12:40:38 Epoch: 12, Step: 3960, L-Rate: 0.0001, Loss: 0.000372
Speed: 0.147s/iter, Load: 0.011s/iter, Remain: 0:00:06
08/26 12:40:40 Epoch: 12, Step: 3970, L-Rate: 0.0001, Loss: 0.000371
Speed: 0.147s/iter, Load: 0.011s/iter, Remain: 0:00:04
08/26 12:40:41 Epoch: 13, Step: 3980, L-Rate: 0.0001, Loss: 0.000203
Speed: 0.147s/iter, Load: 0.011s/iter, Remain: 0:00:03
08/26 12:40:43 Epoch: 13, Step: 3990, L-Rate: 0.0001, Loss: 0.000243
Speed: 0.147s/iter, Load: 0.011s/iter, Remain: 0:00:01
08/26 12:40:44 Epoch: 13, Step: 4000, L-Rate: 0.0001, Loss: 0.000405
Speed: 0.147s/iter, Load: 0.011s/iter, Remain: 0:00:00
    saved TF model: /nfs/diskstation/seita/bed-make/grasp/cache_d_v01/grasp_4_img_depth_opt_adam_lr_0.0001_L2_0.0001_kp_1.0_steps_4000_cv_False/08_26_12_40_44_save.ckpt
Done training.
