
`data_manager` class, now calling YOLO_CONV and loading network...

YOLO_CONV.load_network(), pre-trained weights: /nfs/diskstation/seita/yolo_tensorflow/data/pascal_voc/weights/YOLO_small.ckpt

data_manager.load_rollouts() (i.e., training data)
finished: /nfs/diskstation/seita/bed-make/cache_d_v01/grasp_list_of_dicts_nodaug_cv_0_len_103.pkl (len 103)
finished: /nfs/diskstation/seita/bed-make/cache_d_v01/grasp_list_of_dicts_nodaug_cv_1_len_103.pkl (len 103)
finished: /nfs/diskstation/seita/bed-make/cache_d_v01/grasp_list_of_dicts_nodaug_cv_2_len_103.pkl (len 103)
finished: /nfs/diskstation/seita/bed-make/cache_d_v01/grasp_list_of_dicts_nodaug_cv_3_len_103.pkl (len 103)
finished: /nfs/diskstation/seita/bed-make/cache_d_v01/grasp_list_of_dicts_nodaug_cv_4_len_103.pkl (len 103)
finished: /nfs/diskstation/seita/bed-make/cache_d_v01/grasp_list_of_dicts_nodaug_cv_5_len_103.pkl (len 103)
finished: /nfs/diskstation/seita/bed-make/cache_d_v01/grasp_list_of_dicts_nodaug_cv_6_len_103.pkl (len 103)
finished: /nfs/diskstation/seita/bed-make/cache_d_v01/grasp_list_of_dicts_nodaug_cv_7_len_103.pkl (len 103)
finished: /nfs/diskstation/seita/bed-make/cache_d_v01/grasp_list_of_dicts_nodaug_cv_8_len_102.pkl (len 102)
finished: /nfs/diskstation/seita/bed-make/cache_d_v01/grasp_list_of_dicts_nodaug_cv_9_len_102.pkl (len 102)
len(self.train_labels): 10280. Shuffled!
loaded train set in 296.951 seconds...

Solver.__init__(), self.variables_to_restore:
0 grasp/conv_29/weights:0
1 grasp/conv_29/biases:0
2 grasp/conv_30/weights:0
3 grasp/conv_30/biases:0
4 grasp/fc_33/weights:0
5 grasp/fc_33/biases:0
6 grasp/fc_34/weights:0
7 grasp/fc_34/biases:0
8 grasp/fc_36/weights:0
9 grasp/fc_36/biases:0

cfg.FIX_PRETRAINED_LAYERS=True. Optimizer will adjust:
<tf.Variable 'grasp/conv_29/weights:0' shape=(3, 3, 1024, 256) dtype=float32_ref>
<tf.Variable 'grasp/conv_29/biases:0' shape=(256,) dtype=float32_ref>
<tf.Variable 'grasp/conv_30/weights:0' shape=(3, 3, 256, 256) dtype=float32_ref>
<tf.Variable 'grasp/conv_30/biases:0' shape=(256,) dtype=float32_ref>
<tf.Variable 'grasp/fc_33/weights:0' shape=(12544, 1024) dtype=float32_ref>
<tf.Variable 'grasp/fc_33/biases:0' shape=(1024,) dtype=float32_ref>
<tf.Variable 'grasp/fc_34/weights:0' shape=(1024, 1024) dtype=float32_ref>
<tf.Variable 'grasp/fc_34/biases:0' shape=(1024,) dtype=float32_ref>
<tf.Variable 'grasp/fc_36/weights:0' shape=(1024, 2) dtype=float32_ref>
<tf.Variable 'grasp/fc_36/biases:0' shape=(2,) dtype=float32_ref>

adjustable params: 16847362


Just before training, here is `tf.trainable_variables()`:
<tf.Variable 'yolo/conv_2/weights:0' shape=(7, 7, 3, 64) dtype=float32_ref>
<tf.Variable 'yolo/conv_2/biases:0' shape=(64,) dtype=float32_ref>
<tf.Variable 'yolo/conv_4/weights:0' shape=(3, 3, 64, 192) dtype=float32_ref>
<tf.Variable 'yolo/conv_4/biases:0' shape=(192,) dtype=float32_ref>
<tf.Variable 'yolo/conv_6/weights:0' shape=(1, 1, 192, 128) dtype=float32_ref>
<tf.Variable 'yolo/conv_6/biases:0' shape=(128,) dtype=float32_ref>
<tf.Variable 'yolo/conv_7/weights:0' shape=(3, 3, 128, 256) dtype=float32_ref>
<tf.Variable 'yolo/conv_7/biases:0' shape=(256,) dtype=float32_ref>
<tf.Variable 'yolo/conv_8/weights:0' shape=(1, 1, 256, 256) dtype=float32_ref>
<tf.Variable 'yolo/conv_8/biases:0' shape=(256,) dtype=float32_ref>
<tf.Variable 'yolo/conv_9/weights:0' shape=(3, 3, 256, 512) dtype=float32_ref>
<tf.Variable 'yolo/conv_9/biases:0' shape=(512,) dtype=float32_ref>
<tf.Variable 'yolo/conv_11/weights:0' shape=(1, 1, 512, 256) dtype=float32_ref>
<tf.Variable 'yolo/conv_11/biases:0' shape=(256,) dtype=float32_ref>
<tf.Variable 'yolo/conv_12/weights:0' shape=(3, 3, 256, 512) dtype=float32_ref>
<tf.Variable 'yolo/conv_12/biases:0' shape=(512,) dtype=float32_ref>
<tf.Variable 'yolo/conv_13/weights:0' shape=(1, 1, 512, 256) dtype=float32_ref>
<tf.Variable 'yolo/conv_13/biases:0' shape=(256,) dtype=float32_ref>
<tf.Variable 'yolo/conv_14/weights:0' shape=(3, 3, 256, 512) dtype=float32_ref>
<tf.Variable 'yolo/conv_14/biases:0' shape=(512,) dtype=float32_ref>
<tf.Variable 'yolo/conv_15/weights:0' shape=(1, 1, 512, 256) dtype=float32_ref>
<tf.Variable 'yolo/conv_15/biases:0' shape=(256,) dtype=float32_ref>
<tf.Variable 'yolo/conv_16/weights:0' shape=(3, 3, 256, 512) dtype=float32_ref>
<tf.Variable 'yolo/conv_16/biases:0' shape=(512,) dtype=float32_ref>
<tf.Variable 'yolo/conv_17/weights:0' shape=(1, 1, 512, 256) dtype=float32_ref>
<tf.Variable 'yolo/conv_17/biases:0' shape=(256,) dtype=float32_ref>
<tf.Variable 'yolo/conv_18/weights:0' shape=(3, 3, 256, 512) dtype=float32_ref>
<tf.Variable 'yolo/conv_18/biases:0' shape=(512,) dtype=float32_ref>
<tf.Variable 'yolo/conv_19/weights:0' shape=(1, 1, 512, 512) dtype=float32_ref>
<tf.Variable 'yolo/conv_19/biases:0' shape=(512,) dtype=float32_ref>
<tf.Variable 'yolo/conv_20/weights:0' shape=(3, 3, 512, 1024) dtype=float32_ref>
<tf.Variable 'yolo/conv_20/biases:0' shape=(1024,) dtype=float32_ref>
<tf.Variable 'yolo/conv_22/weights:0' shape=(1, 1, 1024, 512) dtype=float32_ref>
<tf.Variable 'yolo/conv_22/biases:0' shape=(512,) dtype=float32_ref>
<tf.Variable 'yolo/conv_23/weights:0' shape=(3, 3, 512, 1024) dtype=float32_ref>
<tf.Variable 'yolo/conv_23/biases:0' shape=(1024,) dtype=float32_ref>
<tf.Variable 'yolo/conv_24/weights:0' shape=(1, 1, 1024, 512) dtype=float32_ref>
<tf.Variable 'yolo/conv_24/biases:0' shape=(512,) dtype=float32_ref>
<tf.Variable 'yolo/conv_25/weights:0' shape=(3, 3, 512, 1024) dtype=float32_ref>
<tf.Variable 'yolo/conv_25/biases:0' shape=(1024,) dtype=float32_ref>
<tf.Variable 'yolo/conv_26/weights:0' shape=(3, 3, 1024, 1024) dtype=float32_ref>
<tf.Variable 'yolo/conv_26/biases:0' shape=(1024,) dtype=float32_ref>
<tf.Variable 'grasp/conv_29/weights:0' shape=(3, 3, 1024, 256) dtype=float32_ref>
<tf.Variable 'grasp/conv_29/biases:0' shape=(256,) dtype=float32_ref>
<tf.Variable 'grasp/conv_30/weights:0' shape=(3, 3, 256, 256) dtype=float32_ref>
<tf.Variable 'grasp/conv_30/biases:0' shape=(256,) dtype=float32_ref>
<tf.Variable 'grasp/fc_33/weights:0' shape=(12544, 1024) dtype=float32_ref>
<tf.Variable 'grasp/fc_33/biases:0' shape=(1024,) dtype=float32_ref>
<tf.Variable 'grasp/fc_34/weights:0' shape=(1024, 1024) dtype=float32_ref>
<tf.Variable 'grasp/fc_34/biases:0' shape=(1024,) dtype=float32_ref>
<tf.Variable 'grasp/fc_36/weights:0' shape=(1024, 2) dtype=float32_ref>
<tf.Variable 'grasp/fc_36/biases:0' shape=(2,) dtype=float32_ref>

Number of trainable variables/parameters: 48688706

Start training ...
08/25 17:43:46 Epoch: 1, Step: 10, L-Rate: 0.0001, Loss: 0.044388
Speed: 0.058s/iter, Load: 0.012s/iter, Remain: 0:04:48
08/25 17:43:46 Epoch: 1, Step: 20, L-Rate: 0.0001, Loss: 0.025924
Speed: 0.041s/iter, Load: 0.012s/iter, Remain: 0:03:39
08/25 17:43:46 Epoch: 1, Step: 30, L-Rate: 0.0001, Loss: 0.024709
Speed: 0.036s/iter, Load: 0.012s/iter, Remain: 0:03:15
08/25 17:43:47 Epoch: 1, Step: 40, L-Rate: 0.0001, Loss: 0.019739
Speed: 0.033s/iter, Load: 0.012s/iter, Remain: 0:03:03
08/25 17:43:47 Epoch: 1, Step: 50, L-Rate: 0.0001, Loss: 0.015179
Speed: 0.031s/iter, Load: 0.012s/iter, Remain: 0:02:56
08/25 17:43:47 Epoch: 1, Step: 60, L-Rate: 0.0001, Loss: 0.019780
Speed: 0.030s/iter, Load: 0.012s/iter, Remain: 0:02:52
08/25 17:43:48 Epoch: 1, Step: 70, L-Rate: 0.0001, Loss: 0.020778
Speed: 0.029s/iter, Load: 0.012s/iter, Remain: 0:02:48
08/25 17:43:48 Epoch: 1, Step: 80, L-Rate: 0.0001, Loss: 0.017976
Speed: 0.029s/iter, Load: 0.012s/iter, Remain: 0:02:45
08/25 17:43:49 Epoch: 1, Step: 90, L-Rate: 0.0001, Loss: 0.014427
Speed: 0.028s/iter, Load: 0.012s/iter, Remain: 0:02:43
08/25 17:43:49 Epoch: 1, Step: 100, L-Rate: 0.0001, Loss: 0.017279
Speed: 0.028s/iter, Load: 0.012s/iter, Remain: 0:02:41
08/25 17:43:49 Epoch: 1, Step: 110, L-Rate: 0.0001, Loss: 0.022508
Speed: 0.028s/iter, Load: 0.012s/iter, Remain: 0:02:40
08/25 17:43:50 Epoch: 1, Step: 120, L-Rate: 0.0001, Loss: 0.009248
Speed: 0.027s/iter, Load: 0.012s/iter, Remain: 0:02:38
08/25 17:43:50 Epoch: 1, Step: 130, L-Rate: 0.0001, Loss: 0.009625
Speed: 0.027s/iter, Load: 0.012s/iter, Remain: 0:02:37
08/25 17:43:50 Epoch: 1, Step: 140, L-Rate: 0.0001, Loss: 0.019507
Speed: 0.027s/iter, Load: 0.012s/iter, Remain: 0:02:36
08/25 17:43:51 Epoch: 1, Step: 150, L-Rate: 0.0001, Loss: 0.009715
Speed: 0.027s/iter, Load: 0.012s/iter, Remain: 0:02:35
08/25 17:43:51 Epoch: 1, Step: 160, L-Rate: 0.0001, Loss: 0.008444
Speed: 0.027s/iter, Load: 0.012s/iter, Remain: 0:02:34
08/25 17:43:52 Epoch: 1, Step: 170, L-Rate: 0.0001, Loss: 0.012155
Speed: 0.027s/iter, Load: 0.012s/iter, Remain: 0:02:33
08/25 17:43:52 Epoch: 1, Step: 180, L-Rate: 0.0001, Loss: 0.009440
Speed: 0.027s/iter, Load: 0.012s/iter, Remain: 0:02:33
08/25 17:43:52 Epoch: 1, Step: 190, L-Rate: 0.0001, Loss: 0.008490
Speed: 0.027s/iter, Load: 0.012s/iter, Remain: 0:02:32
08/25 17:43:53 Epoch: 1, Step: 200, L-Rate: 0.0001, Loss: 0.007643
Speed: 0.026s/iter, Load: 0.012s/iter, Remain: 0:02:31
08/25 17:43:53 Epoch: 1, Step: 210, L-Rate: 0.0001, Loss: 0.010652
Speed: 0.026s/iter, Load: 0.012s/iter, Remain: 0:02:30
08/25 17:43:54 Epoch: 1, Step: 220, L-Rate: 0.0001, Loss: 0.011351
Speed: 0.026s/iter, Load: 0.012s/iter, Remain: 0:02:30
08/25 17:43:54 Epoch: 1, Step: 230, L-Rate: 0.0001, Loss: 0.011497
Speed: 0.026s/iter, Load: 0.012s/iter, Remain: 0:02:29
08/25 17:43:54 Epoch: 1, Step: 240, L-Rate: 0.0001, Loss: 0.010332
Speed: 0.026s/iter, Load: 0.012s/iter, Remain: 0:02:29
08/25 17:43:55 Epoch: 1, Step: 250, L-Rate: 0.0001, Loss: 0.009895
Speed: 0.026s/iter, Load: 0.012s/iter, Remain: 0:02:28
08/25 17:43:55 Epoch: 1, Step: 260, L-Rate: 0.0001, Loss: 0.005156
Speed: 0.026s/iter, Load: 0.012s/iter, Remain: 0:02:27
08/25 17:43:55 Epoch: 1, Step: 270, L-Rate: 0.0001, Loss: 0.008473
Speed: 0.026s/iter, Load: 0.012s/iter, Remain: 0:02:27
08/25 17:43:56 Epoch: 1, Step: 280, L-Rate: 0.0001, Loss: 0.007137
Speed: 0.026s/iter, Load: 0.012s/iter, Remain: 0:02:26
08/25 17:43:56 Epoch: 1, Step: 290, L-Rate: 0.0001, Loss: 0.007777
Speed: 0.026s/iter, Load: 0.012s/iter, Remain: 0:02:26
08/25 17:43:57 Epoch: 1, Step: 300, L-Rate: 0.0001, Loss: 0.011436
Speed: 0.026s/iter, Load: 0.012s/iter, Remain: 0:02:25
08/25 17:43:57 Epoch: 1, Step: 310, L-Rate: 0.0001, Loss: 0.011389
Speed: 0.026s/iter, Load: 0.012s/iter, Remain: 0:02:25
08/25 17:43:57 Epoch: 1, Step: 320, L-Rate: 0.0001, Loss: 0.008992
Speed: 0.026s/iter, Load: 0.012s/iter, Remain: 0:02:24
08/25 17:43:58 Epoch: 1, Step: 330, L-Rate: 0.0001, Loss: 0.004987
Speed: 0.026s/iter, Load: 0.012s/iter, Remain: 0:02:24
08/25 17:43:58 Epoch: 2, Step: 340, L-Rate: 0.0001, Loss: 0.005919
Speed: 0.026s/iter, Load: 0.012s/iter, Remain: 0:02:23
08/25 17:43:59 Epoch: 2, Step: 350, L-Rate: 0.0001, Loss: 0.011434
Speed: 0.026s/iter, Load: 0.012s/iter, Remain: 0:02:23
08/25 17:43:59 Epoch: 2, Step: 360, L-Rate: 0.0001, Loss: 0.006486
Speed: 0.026s/iter, Load: 0.012s/iter, Remain: 0:02:22
08/25 17:43:59 Epoch: 2, Step: 370, L-Rate: 0.0001, Loss: 0.005792
Speed: 0.026s/iter, Load: 0.012s/iter, Remain: 0:02:22
08/25 17:44:00 Epoch: 2, Step: 380, L-Rate: 0.0001, Loss: 0.008972
Speed: 0.026s/iter, Load: 0.012s/iter, Remain: 0:02:21
08/25 17:44:00 Epoch: 2, Step: 390, L-Rate: 0.0001, Loss: 0.005890
Speed: 0.026s/iter, Load: 0.012s/iter, Remain: 0:02:21
08/25 17:44:00 Epoch: 2, Step: 400, L-Rate: 0.0001, Loss: 0.007172
Speed: 0.026s/iter, Load: 0.012s/iter, Remain: 0:02:20
08/25 17:44:01 Epoch: 2, Step: 410, L-Rate: 0.0001, Loss: 0.004736
Speed: 0.026s/iter, Load: 0.012s/iter, Remain: 0:02:20
08/25 17:44:01 Epoch: 2, Step: 420, L-Rate: 0.0001, Loss: 0.006449
Speed: 0.026s/iter, Load: 0.012s/iter, Remain: 0:02:19
08/25 17:44:02 Epoch: 2, Step: 430, L-Rate: 0.0001, Loss: 0.006752
Speed: 0.026s/iter, Load: 0.012s/iter, Remain: 0:02:19
08/25 17:44:02 Epoch: 2, Step: 440, L-Rate: 0.0001, Loss: 0.005960
Speed: 0.026s/iter, Load: 0.012s/iter, Remain: 0:02:19
08/25 17:44:02 Epoch: 2, Step: 450, L-Rate: 0.0001, Loss: 0.005983
Speed: 0.026s/iter, Load: 0.012s/iter, Remain: 0:02:18
08/25 17:44:03 Epoch: 2, Step: 460, L-Rate: 0.0001, Loss: 0.006455
Speed: 0.026s/iter, Load: 0.012s/iter, Remain: 0:02:18
08/25 17:44:03 Epoch: 2, Step: 470, L-Rate: 0.0001, Loss: 0.004241
Speed: 0.026s/iter, Load: 0.012s/iter, Remain: 0:02:17
08/25 17:44:04 Epoch: 2, Step: 480, L-Rate: 0.0001, Loss: 0.004084
Speed: 0.026s/iter, Load: 0.012s/iter, Remain: 0:02:17
08/25 17:44:04 Epoch: 2, Step: 490, L-Rate: 0.0001, Loss: 0.004578
Speed: 0.026s/iter, Load: 0.012s/iter, Remain: 0:02:16
08/25 17:44:04 Epoch: 2, Step: 500, L-Rate: 0.0001, Loss: 0.004281
Speed: 0.026s/iter, Load: 0.012s/iter, Remain: 0:02:16
    saved TF model: /nfs/diskstation/seita/bed-make/grasp/cache_d_v01/grasp_1_img_depth_opt_adam_lr_0.0001_L2_0.0001_kp_1.0_steps_4000_cv_False/08_25_17_44_04_save.ckpt
08/25 17:44:07 Epoch: 2, Step: 510, L-Rate: 0.0001, Loss: 0.008138
Speed: 0.026s/iter, Load: 0.012s/iter, Remain: 0:02:31
08/25 17:44:07 Epoch: 2, Step: 520, L-Rate: 0.0001, Loss: 0.005133
Speed: 0.026s/iter, Load: 0.012s/iter, Remain: 0:02:30
08/25 17:44:08 Epoch: 2, Step: 530, L-Rate: 0.0001, Loss: 0.004233
Speed: 0.026s/iter, Load: 0.012s/iter, Remain: 0:02:29
08/25 17:44:08 Epoch: 2, Step: 540, L-Rate: 0.0001, Loss: 0.004972
Speed: 0.025s/iter, Load: 0.012s/iter, Remain: 0:02:29
08/25 17:44:08 Epoch: 2, Step: 550, L-Rate: 0.0001, Loss: 0.006956
Speed: 0.025s/iter, Load: 0.012s/iter, Remain: 0:02:28
08/25 17:44:09 Epoch: 2, Step: 560, L-Rate: 0.0001, Loss: 0.005765
Speed: 0.025s/iter, Load: 0.012s/iter, Remain: 0:02:27
08/25 17:44:09 Epoch: 2, Step: 570, L-Rate: 0.0001, Loss: 0.008220
Speed: 0.025s/iter, Load: 0.012s/iter, Remain: 0:02:26
08/25 17:44:10 Epoch: 2, Step: 580, L-Rate: 0.0001, Loss: 0.006384
Speed: 0.025s/iter, Load: 0.012s/iter, Remain: 0:02:26
08/25 17:44:10 Epoch: 2, Step: 590, L-Rate: 0.0001, Loss: 0.004814
Speed: 0.025s/iter, Load: 0.012s/iter, Remain: 0:02:25
08/25 17:44:10 Epoch: 2, Step: 600, L-Rate: 0.0001, Loss: 0.007318
Speed: 0.025s/iter, Load: 0.012s/iter, Remain: 0:02:24
08/25 17:44:11 Epoch: 2, Step: 610, L-Rate: 0.0001, Loss: 0.006806
Speed: 0.025s/iter, Load: 0.012s/iter, Remain: 0:02:24
08/25 17:44:11 Epoch: 2, Step: 620, L-Rate: 0.0001, Loss: 0.003888
Speed: 0.025s/iter, Load: 0.012s/iter, Remain: 0:02:23
08/25 17:44:12 Epoch: 2, Step: 630, L-Rate: 0.0001, Loss: 0.004183
Speed: 0.025s/iter, Load: 0.012s/iter, Remain: 0:02:22
08/25 17:44:12 Epoch: 2, Step: 640, L-Rate: 0.0001, Loss: 0.008059
Speed: 0.025s/iter, Load: 0.012s/iter, Remain: 0:02:22
08/25 17:44:12 Epoch: 2, Step: 650, L-Rate: 0.0001, Loss: 0.006488
Speed: 0.025s/iter, Load: 0.012s/iter, Remain: 0:02:21
08/25 17:44:13 Epoch: 2, Step: 660, L-Rate: 0.0001, Loss: 0.004783
Speed: 0.025s/iter, Load: 0.012s/iter, Remain: 0:02:21
08/25 17:44:13 Epoch: 3, Step: 670, L-Rate: 0.0001, Loss: 0.004550
Speed: 0.025s/iter, Load: 0.012s/iter, Remain: 0:02:20
08/25 17:44:13 Epoch: 3, Step: 680, L-Rate: 0.0001, Loss: 0.004545
Speed: 0.025s/iter, Load: 0.012s/iter, Remain: 0:02:19
08/25 17:44:14 Epoch: 3, Step: 690, L-Rate: 0.0001, Loss: 0.003464
Speed: 0.025s/iter, Load: 0.012s/iter, Remain: 0:02:19
08/25 17:44:14 Epoch: 3, Step: 700, L-Rate: 0.0001, Loss: 0.003703
Speed: 0.025s/iter, Load: 0.012s/iter, Remain: 0:02:18
08/25 17:44:15 Epoch: 3, Step: 710, L-Rate: 0.0001, Loss: 0.004463
Speed: 0.025s/iter, Load: 0.012s/iter, Remain: 0:02:17
08/25 17:44:15 Epoch: 3, Step: 720, L-Rate: 0.0001, Loss: 0.004261
Speed: 0.025s/iter, Load: 0.012s/iter, Remain: 0:02:17
08/25 17:44:15 Epoch: 3, Step: 730, L-Rate: 0.0001, Loss: 0.004267
Speed: 0.025s/iter, Load: 0.012s/iter, Remain: 0:02:16
08/25 17:44:16 Epoch: 3, Step: 740, L-Rate: 0.0001, Loss: 0.004163
Speed: 0.025s/iter, Load: 0.012s/iter, Remain: 0:02:16
08/25 17:44:16 Epoch: 3, Step: 750, L-Rate: 0.0001, Loss: 0.003682
Speed: 0.025s/iter, Load: 0.012s/iter, Remain: 0:02:15
08/25 17:44:17 Epoch: 3, Step: 760, L-Rate: 0.0001, Loss: 0.003888
Speed: 0.025s/iter, Load: 0.012s/iter, Remain: 0:02:15
08/25 17:44:17 Epoch: 3, Step: 770, L-Rate: 0.0001, Loss: 0.003432
Speed: 0.025s/iter, Load: 0.012s/iter, Remain: 0:02:14
08/25 17:44:17 Epoch: 3, Step: 780, L-Rate: 0.0001, Loss: 0.003023
Speed: 0.025s/iter, Load: 0.012s/iter, Remain: 0:02:14
08/25 17:44:18 Epoch: 3, Step: 790, L-Rate: 0.0001, Loss: 0.002768
Speed: 0.025s/iter, Load: 0.012s/iter, Remain: 0:02:13
08/25 17:44:18 Epoch: 3, Step: 800, L-Rate: 0.0001, Loss: 0.002056
Speed: 0.025s/iter, Load: 0.012s/iter, Remain: 0:02:12
08/25 17:44:18 Epoch: 3, Step: 810, L-Rate: 0.0001, Loss: 0.004086
Speed: 0.025s/iter, Load: 0.012s/iter, Remain: 0:02:12
08/25 17:44:19 Epoch: 3, Step: 820, L-Rate: 0.0001, Loss: 0.004105
Speed: 0.025s/iter, Load: 0.012s/iter, Remain: 0:02:11
08/25 17:44:19 Epoch: 3, Step: 830, L-Rate: 0.0001, Loss: 0.003016
Speed: 0.025s/iter, Load: 0.012s/iter, Remain: 0:02:11
08/25 17:44:20 Epoch: 3, Step: 840, L-Rate: 0.0001, Loss: 0.003516
Speed: 0.025s/iter, Load: 0.012s/iter, Remain: 0:02:10
08/25 17:44:20 Epoch: 3, Step: 850, L-Rate: 0.0001, Loss: 0.002538
Speed: 0.025s/iter, Load: 0.012s/iter, Remain: 0:02:10
08/25 17:44:20 Epoch: 3, Step: 860, L-Rate: 0.0001, Loss: 0.005224
Speed: 0.025s/iter, Load: 0.012s/iter, Remain: 0:02:09
08/25 17:44:21 Epoch: 3, Step: 870, L-Rate: 0.0001, Loss: 0.003995
Speed: 0.025s/iter, Load: 0.012s/iter, Remain: 0:02:09
08/25 17:44:21 Epoch: 3, Step: 880, L-Rate: 0.0001, Loss: 0.005758
Speed: 0.025s/iter, Load: 0.012s/iter, Remain: 0:02:08
08/25 17:44:22 Epoch: 3, Step: 890, L-Rate: 0.0001, Loss: 0.003931
Speed: 0.025s/iter, Load: 0.012s/iter, Remain: 0:02:08
08/25 17:44:22 Epoch: 3, Step: 900, L-Rate: 0.0001, Loss: 0.003393
Speed: 0.025s/iter, Load: 0.012s/iter, Remain: 0:02:07
08/25 17:44:22 Epoch: 3, Step: 910, L-Rate: 0.0001, Loss: 0.005527
Speed: 0.025s/iter, Load: 0.012s/iter, Remain: 0:02:07
08/25 17:44:23 Epoch: 3, Step: 920, L-Rate: 0.0001, Loss: 0.002923
Speed: 0.025s/iter, Load: 0.012s/iter, Remain: 0:02:06
08/25 17:44:23 Epoch: 3, Step: 930, L-Rate: 0.0001, Loss: 0.003305
Speed: 0.025s/iter, Load: 0.012s/iter, Remain: 0:02:06
08/25 17:44:23 Epoch: 3, Step: 940, L-Rate: 0.0001, Loss: 0.003106
Speed: 0.025s/iter, Load: 0.012s/iter, Remain: 0:02:05
08/25 17:44:24 Epoch: 3, Step: 950, L-Rate: 0.0001, Loss: 0.002694
Speed: 0.025s/iter, Load: 0.012s/iter, Remain: 0:02:05
08/25 17:44:24 Epoch: 3, Step: 960, L-Rate: 0.0001, Loss: 0.002588
Speed: 0.025s/iter, Load: 0.012s/iter, Remain: 0:02:04
08/25 17:44:25 Epoch: 3, Step: 970, L-Rate: 0.0001, Loss: 0.002370
Speed: 0.025s/iter, Load: 0.012s/iter, Remain: 0:02:04
08/25 17:44:25 Epoch: 3, Step: 980, L-Rate: 0.0001, Loss: 0.003191
Speed: 0.025s/iter, Load: 0.012s/iter, Remain: 0:02:03
08/25 17:44:25 Epoch: 3, Step: 990, L-Rate: 0.0001, Loss: 0.003406
Speed: 0.025s/iter, Load: 0.012s/iter, Remain: 0:02:03
08/25 17:44:26 Epoch: 4, Step: 1000, L-Rate: 0.0001, Loss: 0.001960
Speed: 0.025s/iter, Load: 0.012s/iter, Remain: 0:02:02
    saved TF model: /nfs/diskstation/seita/bed-make/grasp/cache_d_v01/grasp_1_img_depth_opt_adam_lr_0.0001_L2_0.0001_kp_1.0_steps_4000_cv_False/08_25_17_44_26_save.ckpt
08/25 17:44:28 Epoch: 4, Step: 1010, L-Rate: 0.0001, Loss: 0.002470
Speed: 0.025s/iter, Load: 0.012s/iter, Remain: 0:02:08
08/25 17:44:29 Epoch: 4, Step: 1020, L-Rate: 0.0001, Loss: 0.002920
Speed: 0.025s/iter, Load: 0.012s/iter, Remain: 0:02:08
08/25 17:44:29 Epoch: 4, Step: 1030, L-Rate: 0.0001, Loss: 0.002363
Speed: 0.025s/iter, Load: 0.012s/iter, Remain: 0:02:07
08/25 17:44:29 Epoch: 4, Step: 1040, L-Rate: 0.0001, Loss: 0.002995
Speed: 0.025s/iter, Load: 0.012s/iter, Remain: 0:02:07
08/25 17:44:30 Epoch: 4, Step: 1050, L-Rate: 0.0001, Loss: 0.002720
Speed: 0.025s/iter, Load: 0.012s/iter, Remain: 0:02:06
08/25 17:44:30 Epoch: 4, Step: 1060, L-Rate: 0.0001, Loss: 0.002620
Speed: 0.025s/iter, Load: 0.012s/iter, Remain: 0:02:05
08/25 17:44:31 Epoch: 4, Step: 1070, L-Rate: 0.0001, Loss: 0.002255
Speed: 0.025s/iter, Load: 0.012s/iter, Remain: 0:02:05
08/25 17:44:31 Epoch: 4, Step: 1080, L-Rate: 0.0001, Loss: 0.002011
Speed: 0.025s/iter, Load: 0.012s/iter, Remain: 0:02:04
08/25 17:44:31 Epoch: 4, Step: 1090, L-Rate: 0.0001, Loss: 0.001895
Speed: 0.025s/iter, Load: 0.012s/iter, Remain: 0:02:04
08/25 17:44:32 Epoch: 4, Step: 1100, L-Rate: 0.0001, Loss: 0.001894
Speed: 0.025s/iter, Load: 0.012s/iter, Remain: 0:02:03
08/25 17:44:32 Epoch: 4, Step: 1110, L-Rate: 0.0001, Loss: 0.003197
Speed: 0.025s/iter, Load: 0.012s/iter, Remain: 0:02:03
08/25 17:44:33 Epoch: 4, Step: 1120, L-Rate: 0.0001, Loss: 0.001130
Speed: 0.025s/iter, Load: 0.012s/iter, Remain: 0:02:02
08/25 17:44:33 Epoch: 4, Step: 1130, L-Rate: 0.0001, Loss: 0.001970
Speed: 0.025s/iter, Load: 0.012s/iter, Remain: 0:02:02
08/25 17:44:33 Epoch: 4, Step: 1140, L-Rate: 0.0001, Loss: 0.002458
Speed: 0.025s/iter, Load: 0.012s/iter, Remain: 0:02:01
08/25 17:44:34 Epoch: 4, Step: 1150, L-Rate: 0.0001, Loss: 0.003106
Speed: 0.025s/iter, Load: 0.012s/iter, Remain: 0:02:01
08/25 17:44:34 Epoch: 4, Step: 1160, L-Rate: 0.0001, Loss: 0.001721
Speed: 0.025s/iter, Load: 0.012s/iter, Remain: 0:02:00
08/25 17:44:34 Epoch: 4, Step: 1170, L-Rate: 0.0001, Loss: 0.002349
Speed: 0.025s/iter, Load: 0.012s/iter, Remain: 0:02:00
08/25 17:44:35 Epoch: 4, Step: 1180, L-Rate: 0.0001, Loss: 0.002858
Speed: 0.025s/iter, Load: 0.012s/iter, Remain: 0:01:59
08/25 17:44:35 Epoch: 4, Step: 1190, L-Rate: 0.0001, Loss: 0.002293
Speed: 0.025s/iter, Load: 0.012s/iter, Remain: 0:01:59
08/25 17:44:36 Epoch: 4, Step: 1200, L-Rate: 0.0001, Loss: 0.002275
Speed: 0.025s/iter, Load: 0.012s/iter, Remain: 0:01:58
08/25 17:44:36 Epoch: 4, Step: 1210, L-Rate: 0.0001, Loss: 0.002992
Speed: 0.025s/iter, Load: 0.012s/iter, Remain: 0:01:58
08/25 17:44:36 Epoch: 4, Step: 1220, L-Rate: 0.0001, Loss: 0.002397
Speed: 0.025s/iter, Load: 0.012s/iter, Remain: 0:01:57
08/25 17:44:37 Epoch: 4, Step: 1230, L-Rate: 0.0001, Loss: 0.001494
Speed: 0.025s/iter, Load: 0.012s/iter, Remain: 0:01:56
08/25 17:44:37 Epoch: 4, Step: 1240, L-Rate: 0.0001, Loss: 0.002109
Speed: 0.025s/iter, Load: 0.012s/iter, Remain: 0:01:56
08/25 17:44:38 Epoch: 4, Step: 1250, L-Rate: 0.0001, Loss: 0.002422
Speed: 0.025s/iter, Load: 0.012s/iter, Remain: 0:01:55
08/25 17:44:38 Epoch: 4, Step: 1260, L-Rate: 0.0001, Loss: 0.002503
Speed: 0.025s/iter, Load: 0.012s/iter, Remain: 0:01:55
08/25 17:44:38 Epoch: 4, Step: 1270, L-Rate: 0.0001, Loss: 0.003021
Speed: 0.025s/iter, Load: 0.012s/iter, Remain: 0:01:54
08/25 17:44:39 Epoch: 4, Step: 1280, L-Rate: 0.0001, Loss: 0.001849
Speed: 0.025s/iter, Load: 0.012s/iter, Remain: 0:01:54
08/25 17:44:39 Epoch: 4, Step: 1290, L-Rate: 0.0001, Loss: 0.002811
Speed: 0.025s/iter, Load: 0.012s/iter, Remain: 0:01:53
08/25 17:44:39 Epoch: 4, Step: 1300, L-Rate: 0.0001, Loss: 0.002376
Speed: 0.025s/iter, Load: 0.012s/iter, Remain: 0:01:53
08/25 17:44:40 Epoch: 4, Step: 1310, L-Rate: 0.0001, Loss: 0.004078
Speed: 0.025s/iter, Load: 0.012s/iter, Remain: 0:01:53
08/25 17:44:40 Epoch: 4, Step: 1320, L-Rate: 0.0001, Loss: 0.002368
Speed: 0.025s/iter, Load: 0.012s/iter, Remain: 0:01:52
08/25 17:44:41 Epoch: 5, Step: 1330, L-Rate: 0.0001, Loss: 0.002243
Speed: 0.025s/iter, Load: 0.012s/iter, Remain: 0:01:52
08/25 17:44:41 Epoch: 5, Step: 1340, L-Rate: 0.0001, Loss: 0.001402
Speed: 0.025s/iter, Load: 0.012s/iter, Remain: 0:01:51
08/25 17:44:41 Epoch: 5, Step: 1350, L-Rate: 0.0001, Loss: 0.001359
Speed: 0.025s/iter, Load: 0.012s/iter, Remain: 0:01:51
08/25 17:44:42 Epoch: 5, Step: 1360, L-Rate: 0.0001, Loss: 0.002450
Speed: 0.025s/iter, Load: 0.012s/iter, Remain: 0:01:50
08/25 17:44:42 Epoch: 5, Step: 1370, L-Rate: 0.0001, Loss: 0.001527
Speed: 0.025s/iter, Load: 0.012s/iter, Remain: 0:01:50
08/25 17:44:43 Epoch: 5, Step: 1380, L-Rate: 0.0001, Loss: 0.001113
Speed: 0.025s/iter, Load: 0.012s/iter, Remain: 0:01:49
08/25 17:44:43 Epoch: 5, Step: 1390, L-Rate: 0.0001, Loss: 0.001258
Speed: 0.025s/iter, Load: 0.012s/iter, Remain: 0:01:49
08/25 17:44:43 Epoch: 5, Step: 1400, L-Rate: 0.0001, Loss: 0.001352
Speed: 0.025s/iter, Load: 0.012s/iter, Remain: 0:01:48
08/25 17:44:44 Epoch: 5, Step: 1410, L-Rate: 0.0001, Loss: 0.000883
Speed: 0.025s/iter, Load: 0.012s/iter, Remain: 0:01:48
08/25 17:44:44 Epoch: 5, Step: 1420, L-Rate: 0.0001, Loss: 0.001141
Speed: 0.025s/iter, Load: 0.012s/iter, Remain: 0:01:47
08/25 17:44:44 Epoch: 5, Step: 1430, L-Rate: 0.0001, Loss: 0.001026
Speed: 0.025s/iter, Load: 0.012s/iter, Remain: 0:01:47
08/25 17:44:45 Epoch: 5, Step: 1440, L-Rate: 0.0001, Loss: 0.001378
Speed: 0.025s/iter, Load: 0.012s/iter, Remain: 0:01:46
08/25 17:44:45 Epoch: 5, Step: 1450, L-Rate: 0.0001, Loss: 0.001015
Speed: 0.025s/iter, Load: 0.012s/iter, Remain: 0:01:46
08/25 17:44:46 Epoch: 5, Step: 1460, L-Rate: 0.0001, Loss: 0.000953
Speed: 0.025s/iter, Load: 0.012s/iter, Remain: 0:01:45
08/25 17:44:46 Epoch: 5, Step: 1470, L-Rate: 0.0001, Loss: 0.002282
Speed: 0.025s/iter, Load: 0.012s/iter, Remain: 0:01:45
08/25 17:44:46 Epoch: 5, Step: 1480, L-Rate: 0.0001, Loss: 0.002231
Speed: 0.025s/iter, Load: 0.012s/iter, Remain: 0:01:44
08/25 17:44:47 Epoch: 5, Step: 1490, L-Rate: 0.0001, Loss: 0.001475
Speed: 0.025s/iter, Load: 0.012s/iter, Remain: 0:01:44
08/25 17:44:47 Epoch: 5, Step: 1500, L-Rate: 0.0001, Loss: 0.001007
Speed: 0.025s/iter, Load: 0.012s/iter, Remain: 0:01:43
    saved TF model: /nfs/diskstation/seita/bed-make/grasp/cache_d_v01/grasp_1_img_depth_opt_adam_lr_0.0001_L2_0.0001_kp_1.0_steps_4000_cv_False/08_25_17_44_47_save.ckpt
08/25 17:44:50 Epoch: 5, Step: 1510, L-Rate: 0.0001, Loss: 0.002022
Speed: 0.025s/iter, Load: 0.012s/iter, Remain: 0:01:47
08/25 17:44:50 Epoch: 5, Step: 1520, L-Rate: 0.0001, Loss: 0.001383
Speed: 0.025s/iter, Load: 0.012s/iter, Remain: 0:01:46
08/25 17:44:51 Epoch: 5, Step: 1530, L-Rate: 0.0001, Loss: 0.002023
Speed: 0.025s/iter, Load: 0.012s/iter, Remain: 0:01:46
08/25 17:44:51 Epoch: 5, Step: 1540, L-Rate: 0.0001, Loss: 0.001994
Speed: 0.025s/iter, Load: 0.012s/iter, Remain: 0:01:45
08/25 17:44:51 Epoch: 5, Step: 1550, L-Rate: 0.0001, Loss: 0.002100
Speed: 0.025s/iter, Load: 0.012s/iter, Remain: 0:01:45
08/25 17:44:52 Epoch: 5, Step: 1560, L-Rate: 0.0001, Loss: 0.001974
Speed: 0.025s/iter, Load: 0.012s/iter, Remain: 0:01:44
08/25 17:44:52 Epoch: 5, Step: 1570, L-Rate: 0.0001, Loss: 0.001354
Speed: 0.025s/iter, Load: 0.012s/iter, Remain: 0:01:44
08/25 17:44:52 Epoch: 5, Step: 1580, L-Rate: 0.0001, Loss: 0.001171
Speed: 0.025s/iter, Load: 0.012s/iter, Remain: 0:01:43
08/25 17:44:53 Epoch: 5, Step: 1590, L-Rate: 0.0001, Loss: 0.001277
Speed: 0.025s/iter, Load: 0.012s/iter, Remain: 0:01:43
08/25 17:44:53 Epoch: 5, Step: 1600, L-Rate: 0.0001, Loss: 0.001010
Speed: 0.025s/iter, Load: 0.012s/iter, Remain: 0:01:42
08/25 17:44:54 Epoch: 5, Step: 1610, L-Rate: 0.0001, Loss: 0.002822
Speed: 0.025s/iter, Load: 0.012s/iter, Remain: 0:01:42
08/25 17:44:54 Epoch: 5, Step: 1620, L-Rate: 0.0001, Loss: 0.001150
Speed: 0.025s/iter, Load: 0.012s/iter, Remain: 0:01:41
08/25 17:44:54 Epoch: 5, Step: 1630, L-Rate: 0.0001, Loss: 0.002016
Speed: 0.025s/iter, Load: 0.012s/iter, Remain: 0:01:41
08/25 17:44:55 Epoch: 5, Step: 1640, L-Rate: 0.0001, Loss: 0.001093
Speed: 0.025s/iter, Load: 0.012s/iter, Remain: 0:01:40
08/25 17:44:55 Epoch: 5, Step: 1650, L-Rate: 0.0001, Loss: 0.001250
Speed: 0.025s/iter, Load: 0.012s/iter, Remain: 0:01:40
08/25 17:44:56 Epoch: 6, Step: 1660, L-Rate: 0.0001, Loss: 0.000948
Speed: 0.025s/iter, Load: 0.012s/iter, Remain: 0:01:39
08/25 17:44:56 Epoch: 6, Step: 1670, L-Rate: 0.0001, Loss: 0.001165
Speed: 0.025s/iter, Load: 0.012s/iter, Remain: 0:01:39
08/25 17:44:56 Epoch: 6, Step: 1680, L-Rate: 0.0001, Loss: 0.001355
Speed: 0.025s/iter, Load: 0.012s/iter, Remain: 0:01:38
08/25 17:44:57 Epoch: 6, Step: 1690, L-Rate: 0.0001, Loss: 0.000927
Speed: 0.025s/iter, Load: 0.012s/iter, Remain: 0:01:38
08/25 17:44:57 Epoch: 6, Step: 1700, L-Rate: 0.0001, Loss: 0.001131
Speed: 0.025s/iter, Load: 0.012s/iter, Remain: 0:01:37
08/25 17:44:58 Epoch: 6, Step: 1710, L-Rate: 0.0001, Loss: 0.001635
Speed: 0.025s/iter, Load: 0.012s/iter, Remain: 0:01:37
08/25 17:44:58 Epoch: 6, Step: 1720, L-Rate: 0.0001, Loss: 0.001160
Speed: 0.025s/iter, Load: 0.012s/iter, Remain: 0:01:36
08/25 17:44:58 Epoch: 6, Step: 1730, L-Rate: 0.0001, Loss: 0.002063
Speed: 0.025s/iter, Load: 0.012s/iter, Remain: 0:01:36
08/25 17:44:59 Epoch: 6, Step: 1740, L-Rate: 0.0001, Loss: 0.001299
Speed: 0.025s/iter, Load: 0.012s/iter, Remain: 0:01:35
08/25 17:44:59 Epoch: 6, Step: 1750, L-Rate: 0.0001, Loss: 0.001473
Speed: 0.025s/iter, Load: 0.012s/iter, Remain: 0:01:35
08/25 17:44:59 Epoch: 6, Step: 1760, L-Rate: 0.0001, Loss: 0.001116
Speed: 0.025s/iter, Load: 0.012s/iter, Remain: 0:01:35
08/25 17:45:00 Epoch: 6, Step: 1770, L-Rate: 0.0001, Loss: 0.001402
Speed: 0.025s/iter, Load: 0.012s/iter, Remain: 0:01:34
08/25 17:45:00 Epoch: 6, Step: 1780, L-Rate: 0.0001, Loss: 0.000933
Speed: 0.025s/iter, Load: 0.012s/iter, Remain: 0:01:34
08/25 17:45:01 Epoch: 6, Step: 1790, L-Rate: 0.0001, Loss: 0.001568
Speed: 0.025s/iter, Load: 0.012s/iter, Remain: 0:01:33
08/25 17:45:01 Epoch: 6, Step: 1800, L-Rate: 0.0001, Loss: 0.001453
Speed: 0.025s/iter, Load: 0.012s/iter, Remain: 0:01:33
08/25 17:45:01 Epoch: 6, Step: 1810, L-Rate: 0.0001, Loss: 0.001120
Speed: 0.025s/iter, Load: 0.012s/iter, Remain: 0:01:32
08/25 17:45:02 Epoch: 6, Step: 1820, L-Rate: 0.0001, Loss: 0.000734
Speed: 0.025s/iter, Load: 0.012s/iter, Remain: 0:01:32
08/25 17:45:02 Epoch: 6, Step: 1830, L-Rate: 0.0001, Loss: 0.001389
Speed: 0.025s/iter, Load: 0.012s/iter, Remain: 0:01:31
08/25 17:45:03 Epoch: 6, Step: 1840, L-Rate: 0.0001, Loss: 0.000904
Speed: 0.025s/iter, Load: 0.012s/iter, Remain: 0:01:31
08/25 17:45:03 Epoch: 6, Step: 1850, L-Rate: 0.0001, Loss: 0.000870
Speed: 0.025s/iter, Load: 0.012s/iter, Remain: 0:01:30
08/25 17:45:03 Epoch: 6, Step: 1860, L-Rate: 0.0001, Loss: 0.000945
Speed: 0.025s/iter, Load: 0.012s/iter, Remain: 0:01:30
08/25 17:45:04 Epoch: 6, Step: 1870, L-Rate: 0.0001, Loss: 0.001307
Speed: 0.025s/iter, Load: 0.012s/iter, Remain: 0:01:29
08/25 17:45:04 Epoch: 6, Step: 1880, L-Rate: 0.0001, Loss: 0.001011
Speed: 0.025s/iter, Load: 0.012s/iter, Remain: 0:01:29
08/25 17:45:05 Epoch: 6, Step: 1890, L-Rate: 0.0001, Loss: 0.001229
Speed: 0.025s/iter, Load: 0.012s/iter, Remain: 0:01:29
08/25 17:45:05 Epoch: 6, Step: 1900, L-Rate: 0.0001, Loss: 0.001148
Speed: 0.025s/iter, Load: 0.012s/iter, Remain: 0:01:28
08/25 17:45:05 Epoch: 6, Step: 1910, L-Rate: 0.0001, Loss: 0.001536
Speed: 0.025s/iter, Load: 0.012s/iter, Remain: 0:01:28
08/25 17:45:06 Epoch: 6, Step: 1920, L-Rate: 0.0001, Loss: 0.001288
Speed: 0.025s/iter, Load: 0.012s/iter, Remain: 0:01:27
08/25 17:45:06 Epoch: 6, Step: 1930, L-Rate: 0.0001, Loss: 0.001034
Speed: 0.025s/iter, Load: 0.012s/iter, Remain: 0:01:27
08/25 17:45:06 Epoch: 6, Step: 1940, L-Rate: 0.0001, Loss: 0.000780
Speed: 0.025s/iter, Load: 0.012s/iter, Remain: 0:01:26
08/25 17:45:07 Epoch: 6, Step: 1950, L-Rate: 0.0001, Loss: 0.001745
Speed: 0.025s/iter, Load: 0.012s/iter, Remain: 0:01:26
08/25 17:45:07 Epoch: 6, Step: 1960, L-Rate: 0.0001, Loss: 0.000806
Speed: 0.025s/iter, Load: 0.012s/iter, Remain: 0:01:25
08/25 17:45:08 Epoch: 6, Step: 1970, L-Rate: 0.0001, Loss: 0.001527
Speed: 0.025s/iter, Load: 0.012s/iter, Remain: 0:01:25
08/25 17:45:08 Epoch: 6, Step: 1980, L-Rate: 0.0001, Loss: 0.000797
Speed: 0.025s/iter, Load: 0.012s/iter, Remain: 0:01:24
08/25 17:45:08 Epoch: 7, Step: 1990, L-Rate: 0.0001, Loss: 0.001867
Speed: 0.025s/iter, Load: 0.012s/iter, Remain: 0:01:24
08/25 17:45:09 Epoch: 7, Step: 2000, L-Rate: 0.0001, Loss: 0.000651
Speed: 0.025s/iter, Load: 0.012s/iter, Remain: 0:01:24
    saved TF model: /nfs/diskstation/seita/bed-make/grasp/cache_d_v01/grasp_1_img_depth_opt_adam_lr_0.0001_L2_0.0001_kp_1.0_steps_4000_cv_False/08_25_17_45_09_save.ckpt
08/25 17:45:11 Epoch: 7, Step: 2010, L-Rate: 0.0001, Loss: 0.000598
Speed: 0.025s/iter, Load: 0.012s/iter, Remain: 0:01:25
08/25 17:45:12 Epoch: 7, Step: 2020, L-Rate: 0.0001, Loss: 0.000879
Speed: 0.025s/iter, Load: 0.012s/iter, Remain: 0:01:25
08/25 17:45:12 Epoch: 7, Step: 2030, L-Rate: 0.0001, Loss: 0.000792
Speed: 0.025s/iter, Load: 0.012s/iter, Remain: 0:01:24
08/25 17:45:13 Epoch: 7, Step: 2040, L-Rate: 0.0001, Loss: 0.000607
Speed: 0.025s/iter, Load: 0.012s/iter, Remain: 0:01:24
08/25 17:45:13 Epoch: 7, Step: 2050, L-Rate: 0.0001, Loss: 0.000689
Speed: 0.025s/iter, Load: 0.012s/iter, Remain: 0:01:23
08/25 17:45:13 Epoch: 7, Step: 2060, L-Rate: 0.0001, Loss: 0.000816
Speed: 0.025s/iter, Load: 0.012s/iter, Remain: 0:01:23
08/25 17:45:14 Epoch: 7, Step: 2070, L-Rate: 0.0001, Loss: 0.000854
Speed: 0.025s/iter, Load: 0.012s/iter, Remain: 0:01:22
08/25 17:45:14 Epoch: 7, Step: 2080, L-Rate: 0.0001, Loss: 0.000573
Speed: 0.025s/iter, Load: 0.012s/iter, Remain: 0:01:22
08/25 17:45:15 Epoch: 7, Step: 2090, L-Rate: 0.0001, Loss: 0.001264
Speed: 0.025s/iter, Load: 0.012s/iter, Remain: 0:01:21
08/25 17:45:15 Epoch: 7, Step: 2100, L-Rate: 0.0001, Loss: 0.000968
Speed: 0.025s/iter, Load: 0.012s/iter, Remain: 0:01:21
08/25 17:45:15 Epoch: 7, Step: 2110, L-Rate: 0.0001, Loss: 0.000796
Speed: 0.025s/iter, Load: 0.012s/iter, Remain: 0:01:21
08/25 17:45:16 Epoch: 7, Step: 2120, L-Rate: 0.0001, Loss: 0.001126
Speed: 0.025s/iter, Load: 0.012s/iter, Remain: 0:01:20
08/25 17:45:16 Epoch: 7, Step: 2130, L-Rate: 0.0001, Loss: 0.000470
Speed: 0.025s/iter, Load: 0.012s/iter, Remain: 0:01:20
08/25 17:45:16 Epoch: 7, Step: 2140, L-Rate: 0.0001, Loss: 0.001125
Speed: 0.025s/iter, Load: 0.012s/iter, Remain: 0:01:19
08/25 17:45:17 Epoch: 7, Step: 2150, L-Rate: 0.0001, Loss: 0.001062
Speed: 0.025s/iter, Load: 0.012s/iter, Remain: 0:01:19
08/25 17:45:17 Epoch: 7, Step: 2160, L-Rate: 0.0001, Loss: 0.001137
Speed: 0.025s/iter, Load: 0.012s/iter, Remain: 0:01:18
08/25 17:45:18 Epoch: 7, Step: 2170, L-Rate: 0.0001, Loss: 0.000912
Speed: 0.025s/iter, Load: 0.012s/iter, Remain: 0:01:18
08/25 17:45:18 Epoch: 7, Step: 2180, L-Rate: 0.0001, Loss: 0.000617
Speed: 0.025s/iter, Load: 0.012s/iter, Remain: 0:01:17
08/25 17:45:18 Epoch: 7, Step: 2190, L-Rate: 0.0001, Loss: 0.001577
Speed: 0.025s/iter, Load: 0.012s/iter, Remain: 0:01:17
08/25 17:45:19 Epoch: 7, Step: 2200, L-Rate: 0.0001, Loss: 0.001139
Speed: 0.025s/iter, Load: 0.012s/iter, Remain: 0:01:16
08/25 17:45:19 Epoch: 7, Step: 2210, L-Rate: 0.0001, Loss: 0.001344
Speed: 0.025s/iter, Load: 0.012s/iter, Remain: 0:01:16
08/25 17:45:20 Epoch: 7, Step: 2220, L-Rate: 0.0001, Loss: 0.000862
Speed: 0.025s/iter, Load: 0.012s/iter, Remain: 0:01:15
08/25 17:45:20 Epoch: 7, Step: 2230, L-Rate: 0.0001, Loss: 0.001106
Speed: 0.025s/iter, Load: 0.012s/iter, Remain: 0:01:15
08/25 17:45:20 Epoch: 7, Step: 2240, L-Rate: 0.0001, Loss: 0.001490
Speed: 0.025s/iter, Load: 0.012s/iter, Remain: 0:01:15
08/25 17:45:21 Epoch: 7, Step: 2250, L-Rate: 0.0001, Loss: 0.000804
Speed: 0.025s/iter, Load: 0.012s/iter, Remain: 0:01:14
08/25 17:45:21 Epoch: 7, Step: 2260, L-Rate: 0.0001, Loss: 0.001034
Speed: 0.025s/iter, Load: 0.012s/iter, Remain: 0:01:14
08/25 17:45:21 Epoch: 7, Step: 2270, L-Rate: 0.0001, Loss: 0.000785
Speed: 0.025s/iter, Load: 0.012s/iter, Remain: 0:01:13
08/25 17:45:22 Epoch: 7, Step: 2280, L-Rate: 0.0001, Loss: 0.001153
Speed: 0.025s/iter, Load: 0.012s/iter, Remain: 0:01:13
08/25 17:45:22 Epoch: 7, Step: 2290, L-Rate: 0.0001, Loss: 0.000761
Speed: 0.025s/iter, Load: 0.012s/iter, Remain: 0:01:12
08/25 17:45:23 Epoch: 7, Step: 2300, L-Rate: 0.0001, Loss: 0.001006
Speed: 0.025s/iter, Load: 0.012s/iter, Remain: 0:01:12
08/25 17:45:23 Epoch: 7, Step: 2310, L-Rate: 0.0001, Loss: 0.000813
Speed: 0.025s/iter, Load: 0.012s/iter, Remain: 0:01:11
08/25 17:45:23 Epoch: 7, Step: 2320, L-Rate: 0.0001, Loss: 0.000803
Speed: 0.025s/iter, Load: 0.012s/iter, Remain: 0:01:11
08/25 17:45:24 Epoch: 8, Step: 2330, L-Rate: 0.0001, Loss: 0.000582
Speed: 0.025s/iter, Load: 0.012s/iter, Remain: 0:01:10
08/25 17:45:24 Epoch: 8, Step: 2340, L-Rate: 0.0001, Loss: 0.000579
Speed: 0.025s/iter, Load: 0.012s/iter, Remain: 0:01:10
08/25 17:45:25 Epoch: 8, Step: 2350, L-Rate: 0.0001, Loss: 0.000696
Speed: 0.025s/iter, Load: 0.012s/iter, Remain: 0:01:10
08/25 17:45:25 Epoch: 8, Step: 2360, L-Rate: 0.0001, Loss: 0.000632
Speed: 0.025s/iter, Load: 0.012s/iter, Remain: 0:01:09
08/25 17:45:25 Epoch: 8, Step: 2370, L-Rate: 0.0001, Loss: 0.000818
Speed: 0.025s/iter, Load: 0.012s/iter, Remain: 0:01:09
08/25 17:45:26 Epoch: 8, Step: 2380, L-Rate: 0.0001, Loss: 0.000613
Speed: 0.025s/iter, Load: 0.012s/iter, Remain: 0:01:08
08/25 17:45:26 Epoch: 8, Step: 2390, L-Rate: 0.0001, Loss: 0.000698
Speed: 0.025s/iter, Load: 0.012s/iter, Remain: 0:01:08
08/25 17:45:26 Epoch: 8, Step: 2400, L-Rate: 0.0001, Loss: 0.000514
Speed: 0.025s/iter, Load: 0.012s/iter, Remain: 0:01:07
08/25 17:45:27 Epoch: 8, Step: 2410, L-Rate: 0.0001, Loss: 0.000569
Speed: 0.025s/iter, Load: 0.012s/iter, Remain: 0:01:07
08/25 17:45:27 Epoch: 8, Step: 2420, L-Rate: 0.0001, Loss: 0.000633
Speed: 0.025s/iter, Load: 0.012s/iter, Remain: 0:01:06
08/25 17:45:28 Epoch: 8, Step: 2430, L-Rate: 0.0001, Loss: 0.001041
Speed: 0.025s/iter, Load: 0.012s/iter, Remain: 0:01:06
08/25 17:45:28 Epoch: 8, Step: 2440, L-Rate: 0.0001, Loss: 0.000963
Speed: 0.025s/iter, Load: 0.012s/iter, Remain: 0:01:05
08/25 17:45:28 Epoch: 8, Step: 2450, L-Rate: 0.0001, Loss: 0.001074
Speed: 0.025s/iter, Load: 0.012s/iter, Remain: 0:01:05
08/25 17:45:29 Epoch: 8, Step: 2460, L-Rate: 0.0001, Loss: 0.000702
Speed: 0.025s/iter, Load: 0.012s/iter, Remain: 0:01:05
08/25 17:45:29 Epoch: 8, Step: 2470, L-Rate: 0.0001, Loss: 0.000589
Speed: 0.025s/iter, Load: 0.012s/iter, Remain: 0:01:04
08/25 17:45:30 Epoch: 8, Step: 2480, L-Rate: 0.0001, Loss: 0.000490
Speed: 0.025s/iter, Load: 0.012s/iter, Remain: 0:01:04
08/25 17:45:30 Epoch: 8, Step: 2490, L-Rate: 0.0001, Loss: 0.001070
Speed: 0.025s/iter, Load: 0.012s/iter, Remain: 0:01:03
08/25 17:45:30 Epoch: 8, Step: 2500, L-Rate: 0.0001, Loss: 0.001080
Speed: 0.025s/iter, Load: 0.012s/iter, Remain: 0:01:03
    saved TF model: /nfs/diskstation/seita/bed-make/grasp/cache_d_v01/grasp_1_img_depth_opt_adam_lr_0.0001_L2_0.0001_kp_1.0_steps_4000_cv_False/08_25_17_45_30_save.ckpt
08/25 17:45:33 Epoch: 8, Step: 2510, L-Rate: 0.0001, Loss: 0.000665
Speed: 0.025s/iter, Load: 0.012s/iter, Remain: 0:01:04
08/25 17:45:33 Epoch: 8, Step: 2520, L-Rate: 0.0001, Loss: 0.001025
Speed: 0.025s/iter, Load: 0.012s/iter, Remain: 0:01:03
08/25 17:45:34 Epoch: 8, Step: 2530, L-Rate: 0.0001, Loss: 0.000969
Speed: 0.025s/iter, Load: 0.012s/iter, Remain: 0:01:03
08/25 17:45:34 Epoch: 8, Step: 2540, L-Rate: 0.0001, Loss: 0.001094
Speed: 0.025s/iter, Load: 0.012s/iter, Remain: 0:01:02
08/25 17:45:35 Epoch: 8, Step: 2550, L-Rate: 0.0001, Loss: 0.000530
Speed: 0.025s/iter, Load: 0.012s/iter, Remain: 0:01:02
08/25 17:45:35 Epoch: 8, Step: 2560, L-Rate: 0.0001, Loss: 0.000870
Speed: 0.025s/iter, Load: 0.012s/iter, Remain: 0:01:01
08/25 17:45:35 Epoch: 8, Step: 2570, L-Rate: 0.0001, Loss: 0.000903
Speed: 0.025s/iter, Load: 0.012s/iter, Remain: 0:01:01
08/25 17:45:36 Epoch: 8, Step: 2580, L-Rate: 0.0001, Loss: 0.000578
Speed: 0.025s/iter, Load: 0.012s/iter, Remain: 0:01:01
08/25 17:45:36 Epoch: 8, Step: 2590, L-Rate: 0.0001, Loss: 0.001072
Speed: 0.025s/iter, Load: 0.012s/iter, Remain: 0:01:00
08/25 17:45:36 Epoch: 8, Step: 2600, L-Rate: 0.0001, Loss: 0.000476
Speed: 0.025s/iter, Load: 0.012s/iter, Remain: 0:01:00
08/25 17:45:37 Epoch: 8, Step: 2610, L-Rate: 0.0001, Loss: 0.000731
Speed: 0.025s/iter, Load: 0.012s/iter, Remain: 0:00:59
08/25 17:45:37 Epoch: 8, Step: 2620, L-Rate: 0.0001, Loss: 0.000577
Speed: 0.025s/iter, Load: 0.012s/iter, Remain: 0:00:59
08/25 17:45:38 Epoch: 8, Step: 2630, L-Rate: 0.0001, Loss: 0.000738
Speed: 0.025s/iter, Load: 0.012s/iter, Remain: 0:00:58
08/25 17:45:38 Epoch: 8, Step: 2640, L-Rate: 0.0001, Loss: 0.000650
Speed: 0.025s/iter, Load: 0.012s/iter, Remain: 0:00:58
08/25 17:45:38 Epoch: 8, Step: 2650, L-Rate: 0.0001, Loss: 0.000767
Speed: 0.025s/iter, Load: 0.012s/iter, Remain: 0:00:57
08/25 17:45:39 Epoch: 9, Step: 2660, L-Rate: 0.0001, Loss: 0.000462
Speed: 0.025s/iter, Load: 0.012s/iter, Remain: 0:00:57
08/25 17:45:39 Epoch: 9, Step: 2670, L-Rate: 0.0001, Loss: 0.000878
Speed: 0.025s/iter, Load: 0.012s/iter, Remain: 0:00:56
08/25 17:45:40 Epoch: 9, Step: 2680, L-Rate: 0.0001, Loss: 0.000693
Speed: 0.025s/iter, Load: 0.012s/iter, Remain: 0:00:56
08/25 17:45:40 Epoch: 9, Step: 2690, L-Rate: 0.0001, Loss: 0.000601
Speed: 0.025s/iter, Load: 0.012s/iter, Remain: 0:00:56
08/25 17:45:40 Epoch: 9, Step: 2700, L-Rate: 0.0001, Loss: 0.000588
Speed: 0.025s/iter, Load: 0.012s/iter, Remain: 0:00:55
08/25 17:45:41 Epoch: 9, Step: 2710, L-Rate: 0.0001, Loss: 0.000948
Speed: 0.025s/iter, Load: 0.012s/iter, Remain: 0:00:55
08/25 17:45:41 Epoch: 9, Step: 2720, L-Rate: 0.0001, Loss: 0.000813
Speed: 0.025s/iter, Load: 0.012s/iter, Remain: 0:00:54
08/25 17:45:41 Epoch: 9, Step: 2730, L-Rate: 0.0001, Loss: 0.000608
Speed: 0.025s/iter, Load: 0.012s/iter, Remain: 0:00:54
08/25 17:45:42 Epoch: 9, Step: 2740, L-Rate: 0.0001, Loss: 0.000625
Speed: 0.025s/iter, Load: 0.012s/iter, Remain: 0:00:53
08/25 17:45:42 Epoch: 9, Step: 2750, L-Rate: 0.0001, Loss: 0.000713
Speed: 0.025s/iter, Load: 0.012s/iter, Remain: 0:00:53
08/25 17:45:43 Epoch: 9, Step: 2760, L-Rate: 0.0001, Loss: 0.001017
Speed: 0.025s/iter, Load: 0.012s/iter, Remain: 0:00:52
08/25 17:45:43 Epoch: 9, Step: 2770, L-Rate: 0.0001, Loss: 0.000443
Speed: 0.025s/iter, Load: 0.012s/iter, Remain: 0:00:52
08/25 17:45:43 Epoch: 9, Step: 2780, L-Rate: 0.0001, Loss: 0.000636
Speed: 0.025s/iter, Load: 0.012s/iter, Remain: 0:00:52
08/25 17:45:44 Epoch: 9, Step: 2790, L-Rate: 0.0001, Loss: 0.000492
Speed: 0.025s/iter, Load: 0.012s/iter, Remain: 0:00:51
08/25 17:45:44 Epoch: 9, Step: 2800, L-Rate: 0.0001, Loss: 0.000935
Speed: 0.025s/iter, Load: 0.012s/iter, Remain: 0:00:51
08/25 17:45:45 Epoch: 9, Step: 2810, L-Rate: 0.0001, Loss: 0.000608
Speed: 0.025s/iter, Load: 0.012s/iter, Remain: 0:00:50
08/25 17:45:45 Epoch: 9, Step: 2820, L-Rate: 0.0001, Loss: 0.000457
Speed: 0.025s/iter, Load: 0.012s/iter, Remain: 0:00:50
08/25 17:45:45 Epoch: 9, Step: 2830, L-Rate: 0.0001, Loss: 0.000472
Speed: 0.025s/iter, Load: 0.012s/iter, Remain: 0:00:49
08/25 17:45:46 Epoch: 9, Step: 2840, L-Rate: 0.0001, Loss: 0.000686
Speed: 0.025s/iter, Load: 0.012s/iter, Remain: 0:00:49
08/25 17:45:46 Epoch: 9, Step: 2850, L-Rate: 0.0001, Loss: 0.000600
Speed: 0.025s/iter, Load: 0.012s/iter, Remain: 0:00:48
08/25 17:45:47 Epoch: 9, Step: 2860, L-Rate: 0.0001, Loss: 0.000675
Speed: 0.025s/iter, Load: 0.012s/iter, Remain: 0:00:48
08/25 17:45:47 Epoch: 9, Step: 2870, L-Rate: 0.0001, Loss: 0.000333
Speed: 0.025s/iter, Load: 0.012s/iter, Remain: 0:00:48
08/25 17:45:47 Epoch: 9, Step: 2880, L-Rate: 0.0001, Loss: 0.000543
Speed: 0.025s/iter, Load: 0.012s/iter, Remain: 0:00:47
08/25 17:45:48 Epoch: 9, Step: 2890, L-Rate: 0.0001, Loss: 0.000513
Speed: 0.025s/iter, Load: 0.012s/iter, Remain: 0:00:47
08/25 17:45:48 Epoch: 9, Step: 2900, L-Rate: 0.0001, Loss: 0.000558
Speed: 0.025s/iter, Load: 0.012s/iter, Remain: 0:00:46
08/25 17:45:48 Epoch: 9, Step: 2910, L-Rate: 0.0001, Loss: 0.000418
Speed: 0.025s/iter, Load: 0.012s/iter, Remain: 0:00:46
08/25 17:45:49 Epoch: 9, Step: 2920, L-Rate: 0.0001, Loss: 0.000536
Speed: 0.025s/iter, Load: 0.012s/iter, Remain: 0:00:45
08/25 17:45:49 Epoch: 9, Step: 2930, L-Rate: 0.0001, Loss: 0.000672
Speed: 0.025s/iter, Load: 0.012s/iter, Remain: 0:00:45
08/25 17:45:50 Epoch: 9, Step: 2940, L-Rate: 0.0001, Loss: 0.000672
Speed: 0.025s/iter, Load: 0.012s/iter, Remain: 0:00:45
08/25 17:45:50 Epoch: 9, Step: 2950, L-Rate: 0.0001, Loss: 0.000558
Speed: 0.025s/iter, Load: 0.012s/iter, Remain: 0:00:44
08/25 17:45:50 Epoch: 9, Step: 2960, L-Rate: 0.0001, Loss: 0.000490
Speed: 0.025s/iter, Load: 0.012s/iter, Remain: 0:00:44
08/25 17:45:51 Epoch: 9, Step: 2970, L-Rate: 0.0001, Loss: 0.000806
Speed: 0.025s/iter, Load: 0.012s/iter, Remain: 0:00:43
08/25 17:45:51 Epoch: 9, Step: 2980, L-Rate: 0.0001, Loss: 0.000499
Speed: 0.025s/iter, Load: 0.012s/iter, Remain: 0:00:43
08/25 17:45:52 Epoch: 10, Step: 2990, L-Rate: 0.0001, Loss: 0.000444
Speed: 0.025s/iter, Load: 0.012s/iter, Remain: 0:00:42
08/25 17:45:52 Epoch: 10, Step: 3000, L-Rate: 0.0001, Loss: 0.000872
Speed: 0.025s/iter, Load: 0.012s/iter, Remain: 0:00:42
    saved TF model: /nfs/diskstation/seita/bed-make/grasp/cache_d_v01/grasp_1_img_depth_opt_adam_lr_0.0001_L2_0.0001_kp_1.0_steps_4000_cv_False/08_25_17_45_52_save.ckpt
08/25 17:45:55 Epoch: 10, Step: 3010, L-Rate: 0.0001, Loss: 0.000589
Speed: 0.025s/iter, Load: 0.012s/iter, Remain: 0:00:42
08/25 17:45:55 Epoch: 10, Step: 3020, L-Rate: 0.0001, Loss: 0.000321
Speed: 0.025s/iter, Load: 0.012s/iter, Remain: 0:00:42
08/25 17:45:55 Epoch: 10, Step: 3030, L-Rate: 0.0001, Loss: 0.000436
Speed: 0.025s/iter, Load: 0.012s/iter, Remain: 0:00:41
08/25 17:45:56 Epoch: 10, Step: 3040, L-Rate: 0.0001, Loss: 0.000459
Speed: 0.025s/iter, Load: 0.012s/iter, Remain: 0:00:41
08/25 17:45:56 Epoch: 10, Step: 3050, L-Rate: 0.0001, Loss: 0.000678
Speed: 0.025s/iter, Load: 0.012s/iter, Remain: 0:00:40
08/25 17:45:57 Epoch: 10, Step: 3060, L-Rate: 0.0001, Loss: 0.000569
Speed: 0.025s/iter, Load: 0.012s/iter, Remain: 0:00:40
08/25 17:45:57 Epoch: 10, Step: 3070, L-Rate: 0.0001, Loss: 0.000549
Speed: 0.025s/iter, Load: 0.012s/iter, Remain: 0:00:40
08/25 17:45:57 Epoch: 10, Step: 3080, L-Rate: 0.0001, Loss: 0.000711
Speed: 0.025s/iter, Load: 0.012s/iter, Remain: 0:00:39
08/25 17:45:58 Epoch: 10, Step: 3090, L-Rate: 0.0001, Loss: 0.000533
Speed: 0.025s/iter, Load: 0.012s/iter, Remain: 0:00:39
08/25 17:45:58 Epoch: 10, Step: 3100, L-Rate: 0.0001, Loss: 0.000423
Speed: 0.025s/iter, Load: 0.012s/iter, Remain: 0:00:38
08/25 17:45:58 Epoch: 10, Step: 3110, L-Rate: 0.0001, Loss: 0.000276
Speed: 0.025s/iter, Load: 0.012s/iter, Remain: 0:00:38
08/25 17:45:59 Epoch: 10, Step: 3120, L-Rate: 0.0001, Loss: 0.000794
Speed: 0.025s/iter, Load: 0.012s/iter, Remain: 0:00:37
08/25 17:45:59 Epoch: 10, Step: 3130, L-Rate: 0.0001, Loss: 0.000467
Speed: 0.025s/iter, Load: 0.012s/iter, Remain: 0:00:37
08/25 17:46:00 Epoch: 10, Step: 3140, L-Rate: 0.0001, Loss: 0.000704
Speed: 0.025s/iter, Load: 0.012s/iter, Remain: 0:00:36
08/25 17:46:00 Epoch: 10, Step: 3150, L-Rate: 0.0001, Loss: 0.000485
Speed: 0.025s/iter, Load: 0.012s/iter, Remain: 0:00:36
08/25 17:46:00 Epoch: 10, Step: 3160, L-Rate: 0.0001, Loss: 0.000532
Speed: 0.025s/iter, Load: 0.012s/iter, Remain: 0:00:36
08/25 17:46:01 Epoch: 10, Step: 3170, L-Rate: 0.0001, Loss: 0.000518
Speed: 0.025s/iter, Load: 0.012s/iter, Remain: 0:00:35
08/25 17:46:01 Epoch: 10, Step: 3180, L-Rate: 0.0001, Loss: 0.000685
Speed: 0.025s/iter, Load: 0.012s/iter, Remain: 0:00:35
08/25 17:46:02 Epoch: 10, Step: 3190, L-Rate: 0.0001, Loss: 0.000738
Speed: 0.025s/iter, Load: 0.012s/iter, Remain: 0:00:34
08/25 17:46:02 Epoch: 10, Step: 3200, L-Rate: 0.0001, Loss: 0.000565
Speed: 0.025s/iter, Load: 0.012s/iter, Remain: 0:00:34
08/25 17:46:02 Epoch: 10, Step: 3210, L-Rate: 0.0001, Loss: 0.000428
Speed: 0.025s/iter, Load: 0.012s/iter, Remain: 0:00:33
08/25 17:46:03 Epoch: 10, Step: 3220, L-Rate: 0.0001, Loss: 0.000765
Speed: 0.025s/iter, Load: 0.012s/iter, Remain: 0:00:33
08/25 17:46:03 Epoch: 10, Step: 3230, L-Rate: 0.0001, Loss: 0.000439
Speed: 0.025s/iter, Load: 0.012s/iter, Remain: 0:00:32
08/25 17:46:04 Epoch: 10, Step: 3240, L-Rate: 0.0001, Loss: 0.000882
Speed: 0.025s/iter, Load: 0.012s/iter, Remain: 0:00:32
08/25 17:46:04 Epoch: 10, Step: 3250, L-Rate: 0.0001, Loss: 0.000570
Speed: 0.025s/iter, Load: 0.012s/iter, Remain: 0:00:32
08/25 17:46:04 Epoch: 10, Step: 3260, L-Rate: 0.0001, Loss: 0.000391
Speed: 0.025s/iter, Load: 0.012s/iter, Remain: 0:00:31
08/25 17:46:05 Epoch: 10, Step: 3270, L-Rate: 0.0001, Loss: 0.000754
Speed: 0.025s/iter, Load: 0.012s/iter, Remain: 0:00:31
08/25 17:46:05 Epoch: 10, Step: 3280, L-Rate: 0.0001, Loss: 0.000847
Speed: 0.025s/iter, Load: 0.012s/iter, Remain: 0:00:30
08/25 17:46:06 Epoch: 10, Step: 3290, L-Rate: 0.0001, Loss: 0.000426
Speed: 0.025s/iter, Load: 0.012s/iter, Remain: 0:00:30
08/25 17:46:06 Epoch: 10, Step: 3300, L-Rate: 0.0001, Loss: 0.000441
Speed: 0.025s/iter, Load: 0.012s/iter, Remain: 0:00:29
08/25 17:46:06 Epoch: 10, Step: 3310, L-Rate: 0.0001, Loss: 0.001080
Speed: 0.025s/iter, Load: 0.012s/iter, Remain: 0:00:29
08/25 17:46:07 Epoch: 11, Step: 3320, L-Rate: 0.0001, Loss: 0.000782
Speed: 0.025s/iter, Load: 0.012s/iter, Remain: 0:00:29
08/25 17:46:07 Epoch: 11, Step: 3330, L-Rate: 0.0001, Loss: 0.000921
Speed: 0.025s/iter, Load: 0.012s/iter, Remain: 0:00:28
08/25 17:46:08 Epoch: 11, Step: 3340, L-Rate: 0.0001, Loss: 0.000492
Speed: 0.025s/iter, Load: 0.012s/iter, Remain: 0:00:28
08/25 17:46:08 Epoch: 11, Step: 3350, L-Rate: 0.0001, Loss: 0.000558
Speed: 0.025s/iter, Load: 0.012s/iter, Remain: 0:00:27
08/25 17:46:08 Epoch: 11, Step: 3360, L-Rate: 0.0001, Loss: 0.000700
Speed: 0.025s/iter, Load: 0.012s/iter, Remain: 0:00:27
08/25 17:46:09 Epoch: 11, Step: 3370, L-Rate: 0.0001, Loss: 0.000407
Speed: 0.025s/iter, Load: 0.012s/iter, Remain: 0:00:26
08/25 17:46:09 Epoch: 11, Step: 3380, L-Rate: 0.0001, Loss: 0.000413
Speed: 0.025s/iter, Load: 0.012s/iter, Remain: 0:00:26
08/25 17:46:10 Epoch: 11, Step: 3390, L-Rate: 0.0001, Loss: 0.000411
Speed: 0.025s/iter, Load: 0.012s/iter, Remain: 0:00:26
08/25 17:46:10 Epoch: 11, Step: 3400, L-Rate: 0.0001, Loss: 0.000444
Speed: 0.025s/iter, Load: 0.012s/iter, Remain: 0:00:25
08/25 17:46:10 Epoch: 11, Step: 3410, L-Rate: 0.0001, Loss: 0.000409
Speed: 0.025s/iter, Load: 0.012s/iter, Remain: 0:00:25
08/25 17:46:11 Epoch: 11, Step: 3420, L-Rate: 0.0001, Loss: 0.000492
Speed: 0.025s/iter, Load: 0.012s/iter, Remain: 0:00:24
08/25 17:46:11 Epoch: 11, Step: 3430, L-Rate: 0.0001, Loss: 0.000419
Speed: 0.025s/iter, Load: 0.012s/iter, Remain: 0:00:24
08/25 17:46:11 Epoch: 11, Step: 3440, L-Rate: 0.0001, Loss: 0.000982
Speed: 0.025s/iter, Load: 0.012s/iter, Remain: 0:00:23
08/25 17:46:12 Epoch: 11, Step: 3450, L-Rate: 0.0001, Loss: 0.000730
Speed: 0.025s/iter, Load: 0.012s/iter, Remain: 0:00:23
08/25 17:46:12 Epoch: 11, Step: 3460, L-Rate: 0.0001, Loss: 0.000666
Speed: 0.025s/iter, Load: 0.012s/iter, Remain: 0:00:23
08/25 17:46:13 Epoch: 11, Step: 3470, L-Rate: 0.0001, Loss: 0.000944
Speed: 0.025s/iter, Load: 0.012s/iter, Remain: 0:00:22
08/25 17:46:13 Epoch: 11, Step: 3480, L-Rate: 0.0001, Loss: 0.000584
Speed: 0.025s/iter, Load: 0.012s/iter, Remain: 0:00:22
08/25 17:46:13 Epoch: 11, Step: 3490, L-Rate: 0.0001, Loss: 0.000740
Speed: 0.025s/iter, Load: 0.012s/iter, Remain: 0:00:21
08/25 17:46:14 Epoch: 11, Step: 3500, L-Rate: 0.0001, Loss: 0.000550
Speed: 0.025s/iter, Load: 0.012s/iter, Remain: 0:00:21
    saved TF model: /nfs/diskstation/seita/bed-make/grasp/cache_d_v01/grasp_1_img_depth_opt_adam_lr_0.0001_L2_0.0001_kp_1.0_steps_4000_cv_False/08_25_17_46_14_save.ckpt
08/25 17:46:17 Epoch: 11, Step: 3510, L-Rate: 0.0001, Loss: 0.000608
Speed: 0.025s/iter, Load: 0.012s/iter, Remain: 0:00:21
08/25 17:46:17 Epoch: 11, Step: 3520, L-Rate: 0.0001, Loss: 0.000620
Speed: 0.025s/iter, Load: 0.012s/iter, Remain: 0:00:20
08/25 17:46:17 Epoch: 11, Step: 3530, L-Rate: 0.0001, Loss: 0.000586
Speed: 0.025s/iter, Load: 0.012s/iter, Remain: 0:00:20
08/25 17:46:18 Epoch: 11, Step: 3540, L-Rate: 0.0001, Loss: 0.000466
Speed: 0.025s/iter, Load: 0.012s/iter, Remain: 0:00:19
08/25 17:46:18 Epoch: 11, Step: 3550, L-Rate: 0.0001, Loss: 0.000774
Speed: 0.025s/iter, Load: 0.012s/iter, Remain: 0:00:19
08/25 17:46:18 Epoch: 11, Step: 3560, L-Rate: 0.0001, Loss: 0.000477
Speed: 0.025s/iter, Load: 0.012s/iter, Remain: 0:00:18
08/25 17:46:19 Epoch: 11, Step: 3570, L-Rate: 0.0001, Loss: 0.000504
Speed: 0.025s/iter, Load: 0.012s/iter, Remain: 0:00:18
08/25 17:46:19 Epoch: 11, Step: 3580, L-Rate: 0.0001, Loss: 0.000396
Speed: 0.025s/iter, Load: 0.012s/iter, Remain: 0:00:18
08/25 17:46:20 Epoch: 11, Step: 3590, L-Rate: 0.0001, Loss: 0.000537
Speed: 0.025s/iter, Load: 0.012s/iter, Remain: 0:00:17
08/25 17:46:20 Epoch: 11, Step: 3600, L-Rate: 0.0001, Loss: 0.000768
Speed: 0.025s/iter, Load: 0.012s/iter, Remain: 0:00:17
08/25 17:46:20 Epoch: 11, Step: 3610, L-Rate: 0.0001, Loss: 0.000401
Speed: 0.025s/iter, Load: 0.012s/iter, Remain: 0:00:16
08/25 17:46:21 Epoch: 11, Step: 3620, L-Rate: 0.0001, Loss: 0.000557
Speed: 0.025s/iter, Load: 0.012s/iter, Remain: 0:00:16
08/25 17:46:21 Epoch: 11, Step: 3630, L-Rate: 0.0001, Loss: 0.000538
Speed: 0.025s/iter, Load: 0.012s/iter, Remain: 0:00:15
08/25 17:46:22 Epoch: 11, Step: 3640, L-Rate: 0.0001, Loss: 0.000556
Speed: 0.025s/iter, Load: 0.012s/iter, Remain: 0:00:15
08/25 17:46:22 Epoch: 12, Step: 3650, L-Rate: 0.0001, Loss: 0.000545
Speed: 0.025s/iter, Load: 0.012s/iter, Remain: 0:00:15
08/25 17:46:22 Epoch: 12, Step: 3660, L-Rate: 0.0001, Loss: 0.000427
Speed: 0.025s/iter, Load: 0.012s/iter, Remain: 0:00:14
08/25 17:46:23 Epoch: 12, Step: 3670, L-Rate: 0.0001, Loss: 0.000511
Speed: 0.025s/iter, Load: 0.012s/iter, Remain: 0:00:14
08/25 17:46:23 Epoch: 12, Step: 3680, L-Rate: 0.0001, Loss: 0.000502
Speed: 0.025s/iter, Load: 0.012s/iter, Remain: 0:00:13
08/25 17:46:23 Epoch: 12, Step: 3690, L-Rate: 0.0001, Loss: 0.000790
Speed: 0.025s/iter, Load: 0.012s/iter, Remain: 0:00:13
08/25 17:46:24 Epoch: 12, Step: 3700, L-Rate: 0.0001, Loss: 0.000560
Speed: 0.025s/iter, Load: 0.012s/iter, Remain: 0:00:12
08/25 17:46:24 Epoch: 12, Step: 3710, L-Rate: 0.0001, Loss: 0.000422
Speed: 0.025s/iter, Load: 0.012s/iter, Remain: 0:00:12
08/25 17:46:25 Epoch: 12, Step: 3720, L-Rate: 0.0001, Loss: 0.000553
Speed: 0.025s/iter, Load: 0.012s/iter, Remain: 0:00:12
08/25 17:46:25 Epoch: 12, Step: 3730, L-Rate: 0.0001, Loss: 0.000507
Speed: 0.025s/iter, Load: 0.012s/iter, Remain: 0:00:11
08/25 17:46:25 Epoch: 12, Step: 3740, L-Rate: 0.0001, Loss: 0.000425
Speed: 0.025s/iter, Load: 0.012s/iter, Remain: 0:00:11
08/25 17:46:26 Epoch: 12, Step: 3750, L-Rate: 0.0001, Loss: 0.000322
Speed: 0.025s/iter, Load: 0.012s/iter, Remain: 0:00:10
08/25 17:46:26 Epoch: 12, Step: 3760, L-Rate: 0.0001, Loss: 0.000640
Speed: 0.025s/iter, Load: 0.012s/iter, Remain: 0:00:10
08/25 17:46:27 Epoch: 12, Step: 3770, L-Rate: 0.0001, Loss: 0.000474
Speed: 0.025s/iter, Load: 0.012s/iter, Remain: 0:00:09
08/25 17:46:27 Epoch: 12, Step: 3780, L-Rate: 0.0001, Loss: 0.000700
Speed: 0.025s/iter, Load: 0.012s/iter, Remain: 0:00:09
08/25 17:46:27 Epoch: 12, Step: 3790, L-Rate: 0.0001, Loss: 0.000339
Speed: 0.025s/iter, Load: 0.012s/iter, Remain: 0:00:09
08/25 17:46:28 Epoch: 12, Step: 3800, L-Rate: 0.0001, Loss: 0.000601
Speed: 0.025s/iter, Load: 0.012s/iter, Remain: 0:00:08
08/25 17:46:28 Epoch: 12, Step: 3810, L-Rate: 0.0001, Loss: 0.000520
Speed: 0.025s/iter, Load: 0.012s/iter, Remain: 0:00:08
08/25 17:46:29 Epoch: 12, Step: 3820, L-Rate: 0.0001, Loss: 0.000324
Speed: 0.025s/iter, Load: 0.012s/iter, Remain: 0:00:07
08/25 17:46:29 Epoch: 12, Step: 3830, L-Rate: 0.0001, Loss: 0.000630
Speed: 0.025s/iter, Load: 0.012s/iter, Remain: 0:00:07
08/25 17:46:29 Epoch: 12, Step: 3840, L-Rate: 0.0001, Loss: 0.000821
Speed: 0.025s/iter, Load: 0.012s/iter, Remain: 0:00:06
08/25 17:46:30 Epoch: 12, Step: 3850, L-Rate: 0.0001, Loss: 0.000686
Speed: 0.025s/iter, Load: 0.012s/iter, Remain: 0:00:06
08/25 17:46:30 Epoch: 12, Step: 3860, L-Rate: 0.0001, Loss: 0.000522
Speed: 0.025s/iter, Load: 0.012s/iter, Remain: 0:00:05
08/25 17:46:30 Epoch: 12, Step: 3870, L-Rate: 0.0001, Loss: 0.000743
Speed: 0.025s/iter, Load: 0.012s/iter, Remain: 0:00:05
08/25 17:46:31 Epoch: 12, Step: 3880, L-Rate: 0.0001, Loss: 0.000533
Speed: 0.025s/iter, Load: 0.012s/iter, Remain: 0:00:05
08/25 17:46:31 Epoch: 12, Step: 3890, L-Rate: 0.0001, Loss: 0.000645
Speed: 0.025s/iter, Load: 0.012s/iter, Remain: 0:00:04
08/25 17:46:32 Epoch: 12, Step: 3900, L-Rate: 0.0001, Loss: 0.000495
Speed: 0.025s/iter, Load: 0.012s/iter, Remain: 0:00:04
08/25 17:46:32 Epoch: 12, Step: 3910, L-Rate: 0.0001, Loss: 0.000452
Speed: 0.025s/iter, Load: 0.012s/iter, Remain: 0:00:03
08/25 17:46:32 Epoch: 12, Step: 3920, L-Rate: 0.0001, Loss: 0.000928
Speed: 0.025s/iter, Load: 0.012s/iter, Remain: 0:00:03
08/25 17:46:33 Epoch: 12, Step: 3930, L-Rate: 0.0001, Loss: 0.000382
Speed: 0.025s/iter, Load: 0.012s/iter, Remain: 0:00:02
08/25 17:46:33 Epoch: 12, Step: 3940, L-Rate: 0.0001, Loss: 0.000856
Speed: 0.025s/iter, Load: 0.012s/iter, Remain: 0:00:02
08/25 17:46:34 Epoch: 12, Step: 3950, L-Rate: 0.0001, Loss: 0.000349
Speed: 0.025s/iter, Load: 0.012s/iter, Remain: 0:00:02
08/25 17:46:34 Epoch: 12, Step: 3960, L-Rate: 0.0001, Loss: 0.000505
Speed: 0.025s/iter, Load: 0.012s/iter, Remain: 0:00:01
08/25 17:46:34 Epoch: 12, Step: 3970, L-Rate: 0.0001, Loss: 0.000518
Speed: 0.025s/iter, Load: 0.012s/iter, Remain: 0:00:01
08/25 17:46:35 Epoch: 13, Step: 3980, L-Rate: 0.0001, Loss: 0.000510
Speed: 0.025s/iter, Load: 0.012s/iter, Remain: 0:00:00
08/25 17:46:35 Epoch: 13, Step: 3990, L-Rate: 0.0001, Loss: 0.000690
Speed: 0.025s/iter, Load: 0.012s/iter, Remain: 0:00:00
08/25 17:46:36 Epoch: 13, Step: 4000, L-Rate: 0.0001, Loss: 0.000855
Speed: 0.025s/iter, Load: 0.012s/iter, Remain: 0:00:00
    saved TF model: /nfs/diskstation/seita/bed-make/grasp/cache_d_v01/grasp_1_img_depth_opt_adam_lr_0.0001_L2_0.0001_kp_1.0_steps_4000_cv_False/08_25_17_46_36_save.ckpt
Done training.
