
`data_manager` class, now calling YOLO_CONV and loading network...

YOLO_CONV.load_network(), pre-trained weights: /nfs/diskstation/seita/yolo_tensorflow/data/pascal_voc/weights/YOLO_small.ckpt

data_manager.load_rollouts() (i.e., training data)
finished: /nfs/diskstation/seita/bed-make/cache_combo_v01/grasp_list_of_dicts_nodaug_cv_0_len_202.pkl (len 202)
finished: /nfs/diskstation/seita/bed-make/cache_combo_v01/grasp_list_of_dicts_nodaug_cv_1_len_202.pkl (len 202)
finished: /nfs/diskstation/seita/bed-make/cache_combo_v01/grasp_list_of_dicts_nodaug_cv_2_len_202.pkl (len 202)
finished: /nfs/diskstation/seita/bed-make/cache_combo_v01/grasp_list_of_dicts_nodaug_cv_3_len_202.pkl (len 202)
finished: /nfs/diskstation/seita/bed-make/cache_combo_v01/grasp_list_of_dicts_nodaug_cv_4_len_202.pkl (len 202)
finished: /nfs/diskstation/seita/bed-make/cache_combo_v01/grasp_list_of_dicts_nodaug_cv_5_len_202.pkl (len 202)
finished: /nfs/diskstation/seita/bed-make/cache_combo_v01/grasp_list_of_dicts_nodaug_cv_6_len_202.pkl (len 202)
finished: /nfs/diskstation/seita/bed-make/cache_combo_v01/grasp_list_of_dicts_nodaug_cv_7_len_202.pkl (len 202)
finished: /nfs/diskstation/seita/bed-make/cache_combo_v01/grasp_list_of_dicts_nodaug_cv_8_len_201.pkl (len 201)
finished: /nfs/diskstation/seita/bed-make/cache_combo_v01/grasp_list_of_dicts_nodaug_cv_9_len_201.pkl (len 201)
len(self.train_labels): 20180. Shuffled!
loaded train set in 736.587 seconds...

Solver.__init__(), self.variables_to_restore:
0 grasp/conv_29/weights:0
1 grasp/conv_29/biases:0
2 grasp/conv_30/weights:0
3 grasp/conv_30/biases:0
4 grasp/fc_33/weights:0
5 grasp/fc_33/biases:0
6 grasp/fc_34/weights:0
7 grasp/fc_34/biases:0
8 grasp/fc_36/weights:0
9 grasp/fc_36/biases:0

cfg.FIX_PRETRAINED_LAYERS=True. Optimizer will adjust:
<tf.Variable 'grasp/conv_29/weights:0' shape=(3, 3, 1024, 256) dtype=float32_ref>
<tf.Variable 'grasp/conv_29/biases:0' shape=(256,) dtype=float32_ref>
<tf.Variable 'grasp/conv_30/weights:0' shape=(3, 3, 256, 256) dtype=float32_ref>
<tf.Variable 'grasp/conv_30/biases:0' shape=(256,) dtype=float32_ref>
<tf.Variable 'grasp/fc_33/weights:0' shape=(12544, 1024) dtype=float32_ref>
<tf.Variable 'grasp/fc_33/biases:0' shape=(1024,) dtype=float32_ref>
<tf.Variable 'grasp/fc_34/weights:0' shape=(1024, 1024) dtype=float32_ref>
<tf.Variable 'grasp/fc_34/biases:0' shape=(1024,) dtype=float32_ref>
<tf.Variable 'grasp/fc_36/weights:0' shape=(1024, 2) dtype=float32_ref>
<tf.Variable 'grasp/fc_36/biases:0' shape=(2,) dtype=float32_ref>

adjustable params: 16847362


Just before training, here is `tf.trainable_variables()`:
<tf.Variable 'yolo/conv_2/weights:0' shape=(7, 7, 3, 64) dtype=float32_ref>
<tf.Variable 'yolo/conv_2/biases:0' shape=(64,) dtype=float32_ref>
<tf.Variable 'yolo/conv_4/weights:0' shape=(3, 3, 64, 192) dtype=float32_ref>
<tf.Variable 'yolo/conv_4/biases:0' shape=(192,) dtype=float32_ref>
<tf.Variable 'yolo/conv_6/weights:0' shape=(1, 1, 192, 128) dtype=float32_ref>
<tf.Variable 'yolo/conv_6/biases:0' shape=(128,) dtype=float32_ref>
<tf.Variable 'yolo/conv_7/weights:0' shape=(3, 3, 128, 256) dtype=float32_ref>
<tf.Variable 'yolo/conv_7/biases:0' shape=(256,) dtype=float32_ref>
<tf.Variable 'yolo/conv_8/weights:0' shape=(1, 1, 256, 256) dtype=float32_ref>
<tf.Variable 'yolo/conv_8/biases:0' shape=(256,) dtype=float32_ref>
<tf.Variable 'yolo/conv_9/weights:0' shape=(3, 3, 256, 512) dtype=float32_ref>
<tf.Variable 'yolo/conv_9/biases:0' shape=(512,) dtype=float32_ref>
<tf.Variable 'yolo/conv_11/weights:0' shape=(1, 1, 512, 256) dtype=float32_ref>
<tf.Variable 'yolo/conv_11/biases:0' shape=(256,) dtype=float32_ref>
<tf.Variable 'yolo/conv_12/weights:0' shape=(3, 3, 256, 512) dtype=float32_ref>
<tf.Variable 'yolo/conv_12/biases:0' shape=(512,) dtype=float32_ref>
<tf.Variable 'yolo/conv_13/weights:0' shape=(1, 1, 512, 256) dtype=float32_ref>
<tf.Variable 'yolo/conv_13/biases:0' shape=(256,) dtype=float32_ref>
<tf.Variable 'yolo/conv_14/weights:0' shape=(3, 3, 256, 512) dtype=float32_ref>
<tf.Variable 'yolo/conv_14/biases:0' shape=(512,) dtype=float32_ref>
<tf.Variable 'yolo/conv_15/weights:0' shape=(1, 1, 512, 256) dtype=float32_ref>
<tf.Variable 'yolo/conv_15/biases:0' shape=(256,) dtype=float32_ref>
<tf.Variable 'yolo/conv_16/weights:0' shape=(3, 3, 256, 512) dtype=float32_ref>
<tf.Variable 'yolo/conv_16/biases:0' shape=(512,) dtype=float32_ref>
<tf.Variable 'yolo/conv_17/weights:0' shape=(1, 1, 512, 256) dtype=float32_ref>
<tf.Variable 'yolo/conv_17/biases:0' shape=(256,) dtype=float32_ref>
<tf.Variable 'yolo/conv_18/weights:0' shape=(3, 3, 256, 512) dtype=float32_ref>
<tf.Variable 'yolo/conv_18/biases:0' shape=(512,) dtype=float32_ref>
<tf.Variable 'yolo/conv_19/weights:0' shape=(1, 1, 512, 512) dtype=float32_ref>
<tf.Variable 'yolo/conv_19/biases:0' shape=(512,) dtype=float32_ref>
<tf.Variable 'yolo/conv_20/weights:0' shape=(3, 3, 512, 1024) dtype=float32_ref>
<tf.Variable 'yolo/conv_20/biases:0' shape=(1024,) dtype=float32_ref>
<tf.Variable 'yolo/conv_22/weights:0' shape=(1, 1, 1024, 512) dtype=float32_ref>
<tf.Variable 'yolo/conv_22/biases:0' shape=(512,) dtype=float32_ref>
<tf.Variable 'yolo/conv_23/weights:0' shape=(3, 3, 512, 1024) dtype=float32_ref>
<tf.Variable 'yolo/conv_23/biases:0' shape=(1024,) dtype=float32_ref>
<tf.Variable 'yolo/conv_24/weights:0' shape=(1, 1, 1024, 512) dtype=float32_ref>
<tf.Variable 'yolo/conv_24/biases:0' shape=(512,) dtype=float32_ref>
<tf.Variable 'yolo/conv_25/weights:0' shape=(3, 3, 512, 1024) dtype=float32_ref>
<tf.Variable 'yolo/conv_25/biases:0' shape=(1024,) dtype=float32_ref>
<tf.Variable 'yolo/conv_26/weights:0' shape=(3, 3, 1024, 1024) dtype=float32_ref>
<tf.Variable 'yolo/conv_26/biases:0' shape=(1024,) dtype=float32_ref>
<tf.Variable 'grasp/conv_29/weights:0' shape=(3, 3, 1024, 256) dtype=float32_ref>
<tf.Variable 'grasp/conv_29/biases:0' shape=(256,) dtype=float32_ref>
<tf.Variable 'grasp/conv_30/weights:0' shape=(3, 3, 256, 256) dtype=float32_ref>
<tf.Variable 'grasp/conv_30/biases:0' shape=(256,) dtype=float32_ref>
<tf.Variable 'grasp/fc_33/weights:0' shape=(12544, 1024) dtype=float32_ref>
<tf.Variable 'grasp/fc_33/biases:0' shape=(1024,) dtype=float32_ref>
<tf.Variable 'grasp/fc_34/weights:0' shape=(1024, 1024) dtype=float32_ref>
<tf.Variable 'grasp/fc_34/biases:0' shape=(1024,) dtype=float32_ref>
<tf.Variable 'grasp/fc_36/weights:0' shape=(1024, 2) dtype=float32_ref>
<tf.Variable 'grasp/fc_36/biases:0' shape=(2,) dtype=float32_ref>

Number of trainable variables/parameters: 48688706

Start training ...
08/25 19:01:01 Epoch: 1, Step: 10, L-Rate: 0.0001, Loss: 0.045823
Speed: 0.069s/iter, Load: 0.014s/iter, Remain: 0:08:24
08/25 19:01:01 Epoch: 1, Step: 20, L-Rate: 0.0001, Loss: 0.035636
Speed: 0.049s/iter, Load: 0.014s/iter, Remain: 0:06:22
08/25 19:01:02 Epoch: 1, Step: 30, L-Rate: 0.0001, Loss: 0.039956
Speed: 0.043s/iter, Load: 0.014s/iter, Remain: 0:05:43
08/25 19:01:02 Epoch: 1, Step: 40, L-Rate: 0.0001, Loss: 0.021254
Speed: 0.040s/iter, Load: 0.014s/iter, Remain: 0:05:22
08/25 19:01:03 Epoch: 1, Step: 50, L-Rate: 0.0001, Loss: 0.022641
Speed: 0.038s/iter, Load: 0.014s/iter, Remain: 0:05:10
08/25 19:01:03 Epoch: 1, Step: 60, L-Rate: 0.0001, Loss: 0.014503
Speed: 0.037s/iter, Load: 0.014s/iter, Remain: 0:05:01
08/25 19:01:04 Epoch: 1, Step: 70, L-Rate: 0.0001, Loss: 0.021724
Speed: 0.036s/iter, Load: 0.014s/iter, Remain: 0:04:55
08/25 19:01:04 Epoch: 1, Step: 80, L-Rate: 0.0001, Loss: 0.018985
Speed: 0.035s/iter, Load: 0.014s/iter, Remain: 0:04:50
08/25 19:01:04 Epoch: 1, Step: 90, L-Rate: 0.0001, Loss: 0.017412
Speed: 0.034s/iter, Load: 0.014s/iter, Remain: 0:04:47
08/25 19:01:05 Epoch: 1, Step: 100, L-Rate: 0.0001, Loss: 0.015233
Speed: 0.034s/iter, Load: 0.014s/iter, Remain: 0:04:44
08/25 19:01:05 Epoch: 1, Step: 110, L-Rate: 0.0001, Loss: 0.015488
Speed: 0.034s/iter, Load: 0.014s/iter, Remain: 0:04:43
08/25 19:01:06 Epoch: 1, Step: 120, L-Rate: 0.0001, Loss: 0.015138
Speed: 0.034s/iter, Load: 0.014s/iter, Remain: 0:04:40
08/25 19:01:06 Epoch: 1, Step: 130, L-Rate: 0.0001, Loss: 0.011797
Speed: 0.033s/iter, Load: 0.014s/iter, Remain: 0:04:39
08/25 19:01:07 Epoch: 1, Step: 140, L-Rate: 0.0001, Loss: 0.014236
Speed: 0.033s/iter, Load: 0.014s/iter, Remain: 0:04:37
08/25 19:01:07 Epoch: 1, Step: 150, L-Rate: 0.0001, Loss: 0.014803
Speed: 0.033s/iter, Load: 0.014s/iter, Remain: 0:04:36
08/25 19:01:08 Epoch: 1, Step: 160, L-Rate: 0.0001, Loss: 0.011422
Speed: 0.033s/iter, Load: 0.014s/iter, Remain: 0:04:34
08/25 19:01:08 Epoch: 1, Step: 170, L-Rate: 0.0001, Loss: 0.018318
Speed: 0.033s/iter, Load: 0.014s/iter, Remain: 0:04:33
08/25 19:01:09 Epoch: 1, Step: 180, L-Rate: 0.0001, Loss: 0.014334
Speed: 0.033s/iter, Load: 0.014s/iter, Remain: 0:04:32
08/25 19:01:09 Epoch: 1, Step: 190, L-Rate: 0.0001, Loss: 0.013570
Speed: 0.033s/iter, Load: 0.014s/iter, Remain: 0:04:31
08/25 19:01:09 Epoch: 1, Step: 200, L-Rate: 0.0001, Loss: 0.007136
Speed: 0.033s/iter, Load: 0.014s/iter, Remain: 0:04:30
08/25 19:01:10 Epoch: 1, Step: 210, L-Rate: 0.0001, Loss: 0.010587
Speed: 0.032s/iter, Load: 0.014s/iter, Remain: 0:04:29
08/25 19:01:10 Epoch: 1, Step: 220, L-Rate: 0.0001, Loss: 0.012193
Speed: 0.032s/iter, Load: 0.014s/iter, Remain: 0:04:28
08/25 19:01:11 Epoch: 1, Step: 230, L-Rate: 0.0001, Loss: 0.009968
Speed: 0.032s/iter, Load: 0.014s/iter, Remain: 0:04:27
08/25 19:01:11 Epoch: 1, Step: 240, L-Rate: 0.0001, Loss: 0.015219
Speed: 0.032s/iter, Load: 0.014s/iter, Remain: 0:04:27
08/25 19:01:12 Epoch: 1, Step: 250, L-Rate: 0.0001, Loss: 0.014358
Speed: 0.032s/iter, Load: 0.014s/iter, Remain: 0:04:26
08/25 19:01:12 Epoch: 1, Step: 260, L-Rate: 0.0001, Loss: 0.013484
Speed: 0.032s/iter, Load: 0.014s/iter, Remain: 0:04:26
08/25 19:01:13 Epoch: 1, Step: 270, L-Rate: 0.0001, Loss: 0.008677
Speed: 0.032s/iter, Load: 0.014s/iter, Remain: 0:04:25
08/25 19:01:13 Epoch: 1, Step: 280, L-Rate: 0.0001, Loss: 0.012098
Speed: 0.032s/iter, Load: 0.014s/iter, Remain: 0:04:24
08/25 19:01:13 Epoch: 1, Step: 290, L-Rate: 0.0001, Loss: 0.013578
Speed: 0.032s/iter, Load: 0.014s/iter, Remain: 0:04:23
08/25 19:01:14 Epoch: 1, Step: 300, L-Rate: 0.0001, Loss: 0.010675
Speed: 0.032s/iter, Load: 0.014s/iter, Remain: 0:04:23
08/25 19:01:14 Epoch: 1, Step: 310, L-Rate: 0.0001, Loss: 0.015859
Speed: 0.032s/iter, Load: 0.014s/iter, Remain: 0:04:22
08/25 19:01:15 Epoch: 1, Step: 320, L-Rate: 0.0001, Loss: 0.015224
Speed: 0.032s/iter, Load: 0.014s/iter, Remain: 0:04:21
08/25 19:01:15 Epoch: 1, Step: 330, L-Rate: 0.0001, Loss: 0.010261
Speed: 0.032s/iter, Load: 0.014s/iter, Remain: 0:04:20
08/25 19:01:16 Epoch: 1, Step: 340, L-Rate: 0.0001, Loss: 0.010490
Speed: 0.032s/iter, Load: 0.014s/iter, Remain: 0:04:20
08/25 19:01:16 Epoch: 1, Step: 350, L-Rate: 0.0001, Loss: 0.010431
Speed: 0.032s/iter, Load: 0.014s/iter, Remain: 0:04:19
08/25 19:01:17 Epoch: 1, Step: 360, L-Rate: 0.0001, Loss: 0.013569
Speed: 0.032s/iter, Load: 0.014s/iter, Remain: 0:04:18
08/25 19:01:17 Epoch: 1, Step: 370, L-Rate: 0.0001, Loss: 0.010765
Speed: 0.032s/iter, Load: 0.014s/iter, Remain: 0:04:18
08/25 19:01:18 Epoch: 1, Step: 380, L-Rate: 0.0001, Loss: 0.010671
Speed: 0.032s/iter, Load: 0.014s/iter, Remain: 0:04:17
08/25 19:01:18 Epoch: 1, Step: 390, L-Rate: 0.0001, Loss: 0.007994
Speed: 0.032s/iter, Load: 0.014s/iter, Remain: 0:04:17
08/25 19:01:18 Epoch: 1, Step: 400, L-Rate: 0.0001, Loss: 0.011488
Speed: 0.032s/iter, Load: 0.014s/iter, Remain: 0:04:16
08/25 19:01:19 Epoch: 1, Step: 410, L-Rate: 0.0001, Loss: 0.006840
Speed: 0.032s/iter, Load: 0.014s/iter, Remain: 0:04:16
08/25 19:01:19 Epoch: 1, Step: 420, L-Rate: 0.0001, Loss: 0.008161
Speed: 0.032s/iter, Load: 0.014s/iter, Remain: 0:04:15
08/25 19:01:20 Epoch: 1, Step: 430, L-Rate: 0.0001, Loss: 0.006460
Speed: 0.032s/iter, Load: 0.014s/iter, Remain: 0:04:14
08/25 19:01:20 Epoch: 1, Step: 440, L-Rate: 0.0001, Loss: 0.008721
Speed: 0.032s/iter, Load: 0.014s/iter, Remain: 0:04:14
08/25 19:01:21 Epoch: 1, Step: 450, L-Rate: 0.0001, Loss: 0.010203
Speed: 0.032s/iter, Load: 0.014s/iter, Remain: 0:04:13
08/25 19:01:21 Epoch: 1, Step: 460, L-Rate: 0.0001, Loss: 0.011660
Speed: 0.032s/iter, Load: 0.014s/iter, Remain: 0:04:13
08/25 19:01:22 Epoch: 1, Step: 470, L-Rate: 0.0001, Loss: 0.005119
Speed: 0.032s/iter, Load: 0.014s/iter, Remain: 0:04:12
08/25 19:01:22 Epoch: 1, Step: 480, L-Rate: 0.0001, Loss: 0.013750
Speed: 0.032s/iter, Load: 0.014s/iter, Remain: 0:04:12
08/25 19:01:22 Epoch: 1, Step: 490, L-Rate: 0.0001, Loss: 0.007586
Speed: 0.032s/iter, Load: 0.014s/iter, Remain: 0:04:11
08/25 19:01:23 Epoch: 1, Step: 500, L-Rate: 0.0001, Loss: 0.011975
Speed: 0.032s/iter, Load: 0.014s/iter, Remain: 0:04:11
    saved TF model: /nfs/diskstation/seita/bed-make/grasp/cache_combo_v01/grasp_1_img_depth_opt_adam_lr_0.0001_L2_0.0001_kp_1.0_steps_6000_cv_False/08_25_19_01_23_save.ckpt
08/25 19:01:25 Epoch: 1, Step: 510, L-Rate: 0.0001, Loss: 0.005647
Speed: 0.032s/iter, Load: 0.014s/iter, Remain: 0:04:32
08/25 19:01:26 Epoch: 1, Step: 520, L-Rate: 0.0001, Loss: 0.005866
Speed: 0.032s/iter, Load: 0.014s/iter, Remain: 0:04:31
08/25 19:01:26 Epoch: 1, Step: 530, L-Rate: 0.0001, Loss: 0.007339
Speed: 0.031s/iter, Load: 0.014s/iter, Remain: 0:04:30
08/25 19:01:27 Epoch: 1, Step: 540, L-Rate: 0.0001, Loss: 0.008836
Speed: 0.031s/iter, Load: 0.014s/iter, Remain: 0:04:29
08/25 19:01:27 Epoch: 1, Step: 550, L-Rate: 0.0001, Loss: 0.005790
Speed: 0.031s/iter, Load: 0.014s/iter, Remain: 0:04:28
08/25 19:01:28 Epoch: 1, Step: 560, L-Rate: 0.0001, Loss: 0.006133
Speed: 0.031s/iter, Load: 0.014s/iter, Remain: 0:04:27
08/25 19:01:28 Epoch: 1, Step: 570, L-Rate: 0.0001, Loss: 0.008445
Speed: 0.031s/iter, Load: 0.014s/iter, Remain: 0:04:26
08/25 19:01:29 Epoch: 1, Step: 580, L-Rate: 0.0001, Loss: 0.004533
Speed: 0.031s/iter, Load: 0.014s/iter, Remain: 0:04:25
08/25 19:01:29 Epoch: 1, Step: 590, L-Rate: 0.0001, Loss: 0.006913
Speed: 0.031s/iter, Load: 0.014s/iter, Remain: 0:04:25
08/25 19:01:29 Epoch: 1, Step: 600, L-Rate: 0.0001, Loss: 0.005517
Speed: 0.031s/iter, Load: 0.014s/iter, Remain: 0:04:24
08/25 19:01:30 Epoch: 1, Step: 610, L-Rate: 0.0001, Loss: 0.006380
Speed: 0.031s/iter, Load: 0.014s/iter, Remain: 0:04:23
08/25 19:01:30 Epoch: 1, Step: 620, L-Rate: 0.0001, Loss: 0.009201
Speed: 0.031s/iter, Load: 0.014s/iter, Remain: 0:04:22
08/25 19:01:31 Epoch: 1, Step: 630, L-Rate: 0.0001, Loss: 0.008378
Speed: 0.031s/iter, Load: 0.014s/iter, Remain: 0:04:22
08/25 19:01:31 Epoch: 1, Step: 640, L-Rate: 0.0001, Loss: 0.006214
Speed: 0.031s/iter, Load: 0.014s/iter, Remain: 0:04:21
08/25 19:01:32 Epoch: 1, Step: 650, L-Rate: 0.0001, Loss: 0.008811
Speed: 0.031s/iter, Load: 0.014s/iter, Remain: 0:04:20
08/25 19:01:32 Epoch: 2, Step: 660, L-Rate: 0.0001, Loss: 0.005845
Speed: 0.031s/iter, Load: 0.014s/iter, Remain: 0:04:19
08/25 19:01:33 Epoch: 2, Step: 670, L-Rate: 0.0001, Loss: 0.007228
Speed: 0.031s/iter, Load: 0.014s/iter, Remain: 0:04:19
08/25 19:01:33 Epoch: 2, Step: 680, L-Rate: 0.0001, Loss: 0.008913
Speed: 0.031s/iter, Load: 0.014s/iter, Remain: 0:04:18
08/25 19:01:34 Epoch: 2, Step: 690, L-Rate: 0.0001, Loss: 0.005275
Speed: 0.031s/iter, Load: 0.014s/iter, Remain: 0:04:17
08/25 19:01:34 Epoch: 2, Step: 700, L-Rate: 0.0001, Loss: 0.006970
Speed: 0.031s/iter, Load: 0.014s/iter, Remain: 0:04:16
08/25 19:01:34 Epoch: 2, Step: 710, L-Rate: 0.0001, Loss: 0.011361
Speed: 0.031s/iter, Load: 0.014s/iter, Remain: 0:04:16
08/25 19:01:35 Epoch: 2, Step: 720, L-Rate: 0.0001, Loss: 0.009962
Speed: 0.031s/iter, Load: 0.014s/iter, Remain: 0:04:15
08/25 19:01:35 Epoch: 2, Step: 730, L-Rate: 0.0001, Loss: 0.006172
Speed: 0.031s/iter, Load: 0.014s/iter, Remain: 0:04:14
08/25 19:01:36 Epoch: 2, Step: 740, L-Rate: 0.0001, Loss: 0.007166
Speed: 0.031s/iter, Load: 0.014s/iter, Remain: 0:04:14
08/25 19:01:36 Epoch: 2, Step: 750, L-Rate: 0.0001, Loss: 0.005518
Speed: 0.031s/iter, Load: 0.014s/iter, Remain: 0:04:13
08/25 19:01:37 Epoch: 2, Step: 760, L-Rate: 0.0001, Loss: 0.004167
Speed: 0.031s/iter, Load: 0.014s/iter, Remain: 0:04:12
08/25 19:01:37 Epoch: 2, Step: 770, L-Rate: 0.0001, Loss: 0.003008
Speed: 0.031s/iter, Load: 0.014s/iter, Remain: 0:04:12
08/25 19:01:38 Epoch: 2, Step: 780, L-Rate: 0.0001, Loss: 0.007035
Speed: 0.031s/iter, Load: 0.014s/iter, Remain: 0:04:11
08/25 19:01:38 Epoch: 2, Step: 790, L-Rate: 0.0001, Loss: 0.005462
Speed: 0.031s/iter, Load: 0.014s/iter, Remain: 0:04:10
08/25 19:01:39 Epoch: 2, Step: 800, L-Rate: 0.0001, Loss: 0.005988
Speed: 0.031s/iter, Load: 0.014s/iter, Remain: 0:04:10
08/25 19:01:39 Epoch: 2, Step: 810, L-Rate: 0.0001, Loss: 0.006845
Speed: 0.031s/iter, Load: 0.014s/iter, Remain: 0:04:09
08/25 19:01:39 Epoch: 2, Step: 820, L-Rate: 0.0001, Loss: 0.004182
Speed: 0.031s/iter, Load: 0.014s/iter, Remain: 0:04:08
08/25 19:01:40 Epoch: 2, Step: 830, L-Rate: 0.0001, Loss: 0.005663
Speed: 0.031s/iter, Load: 0.014s/iter, Remain: 0:04:08
08/25 19:01:40 Epoch: 2, Step: 840, L-Rate: 0.0001, Loss: 0.006870
Speed: 0.031s/iter, Load: 0.014s/iter, Remain: 0:04:07
08/25 19:01:41 Epoch: 2, Step: 850, L-Rate: 0.0001, Loss: 0.005218
Speed: 0.031s/iter, Load: 0.014s/iter, Remain: 0:04:07
08/25 19:01:41 Epoch: 2, Step: 860, L-Rate: 0.0001, Loss: 0.006518
Speed: 0.031s/iter, Load: 0.014s/iter, Remain: 0:04:06
08/25 19:01:42 Epoch: 2, Step: 870, L-Rate: 0.0001, Loss: 0.005563
Speed: 0.031s/iter, Load: 0.014s/iter, Remain: 0:04:05
08/25 19:01:42 Epoch: 2, Step: 880, L-Rate: 0.0001, Loss: 0.003952
Speed: 0.031s/iter, Load: 0.014s/iter, Remain: 0:04:05
08/25 19:01:43 Epoch: 2, Step: 890, L-Rate: 0.0001, Loss: 0.004806
Speed: 0.031s/iter, Load: 0.014s/iter, Remain: 0:04:04
08/25 19:01:43 Epoch: 2, Step: 900, L-Rate: 0.0001, Loss: 0.007008
Speed: 0.031s/iter, Load: 0.014s/iter, Remain: 0:04:03
08/25 19:01:44 Epoch: 2, Step: 910, L-Rate: 0.0001, Loss: 0.006598
Speed: 0.031s/iter, Load: 0.014s/iter, Remain: 0:04:03
08/25 19:01:44 Epoch: 2, Step: 920, L-Rate: 0.0001, Loss: 0.008752
Speed: 0.031s/iter, Load: 0.014s/iter, Remain: 0:04:02
08/25 19:01:45 Epoch: 2, Step: 930, L-Rate: 0.0001, Loss: 0.006165
Speed: 0.031s/iter, Load: 0.014s/iter, Remain: 0:04:02
08/25 19:01:45 Epoch: 2, Step: 940, L-Rate: 0.0001, Loss: 0.011292
Speed: 0.031s/iter, Load: 0.014s/iter, Remain: 0:04:01
08/25 19:01:45 Epoch: 2, Step: 950, L-Rate: 0.0001, Loss: 0.005096
Speed: 0.031s/iter, Load: 0.014s/iter, Remain: 0:04:01
08/25 19:01:46 Epoch: 2, Step: 960, L-Rate: 0.0001, Loss: 0.005905
Speed: 0.031s/iter, Load: 0.014s/iter, Remain: 0:04:00
08/25 19:01:46 Epoch: 2, Step: 970, L-Rate: 0.0001, Loss: 0.006120
Speed: 0.031s/iter, Load: 0.014s/iter, Remain: 0:03:59
08/25 19:01:47 Epoch: 2, Step: 980, L-Rate: 0.0001, Loss: 0.004750
Speed: 0.031s/iter, Load: 0.014s/iter, Remain: 0:03:59
08/25 19:01:47 Epoch: 2, Step: 990, L-Rate: 0.0001, Loss: 0.004005
Speed: 0.031s/iter, Load: 0.014s/iter, Remain: 0:03:58
08/25 19:01:48 Epoch: 2, Step: 1000, L-Rate: 0.0001, Loss: 0.007018
Speed: 0.031s/iter, Load: 0.014s/iter, Remain: 0:03:57
    saved TF model: /nfs/diskstation/seita/bed-make/grasp/cache_combo_v01/grasp_1_img_depth_opt_adam_lr_0.0001_L2_0.0001_kp_1.0_steps_6000_cv_False/08_25_19_01_48_save.ckpt
08/25 19:01:50 Epoch: 2, Step: 1010, L-Rate: 0.0001, Loss: 0.004802
Speed: 0.031s/iter, Load: 0.014s/iter, Remain: 0:04:06
08/25 19:01:50 Epoch: 2, Step: 1020, L-Rate: 0.0001, Loss: 0.005038
Speed: 0.031s/iter, Load: 0.014s/iter, Remain: 0:04:06
08/25 19:01:51 Epoch: 2, Step: 1030, L-Rate: 0.0001, Loss: 0.004670
Speed: 0.031s/iter, Load: 0.014s/iter, Remain: 0:04:05
08/25 19:01:51 Epoch: 2, Step: 1040, L-Rate: 0.0001, Loss: 0.004496
Speed: 0.031s/iter, Load: 0.014s/iter, Remain: 0:04:04
08/25 19:01:52 Epoch: 2, Step: 1050, L-Rate: 0.0001, Loss: 0.006218
Speed: 0.031s/iter, Load: 0.014s/iter, Remain: 0:04:04
08/25 19:01:52 Epoch: 2, Step: 1060, L-Rate: 0.0001, Loss: 0.007158
Speed: 0.032s/iter, Load: 0.014s/iter, Remain: 0:04:03
08/25 19:01:53 Epoch: 2, Step: 1070, L-Rate: 0.0001, Loss: 0.010665
Speed: 0.032s/iter, Load: 0.014s/iter, Remain: 0:04:02
08/25 19:01:53 Epoch: 2, Step: 1080, L-Rate: 0.0001, Loss: 0.006239
Speed: 0.032s/iter, Load: 0.014s/iter, Remain: 0:04:02
08/25 19:01:54 Epoch: 2, Step: 1090, L-Rate: 0.0001, Loss: 0.005530
Speed: 0.032s/iter, Load: 0.014s/iter, Remain: 0:04:01
08/25 19:01:54 Epoch: 2, Step: 1100, L-Rate: 0.0001, Loss: 0.006447
Speed: 0.032s/iter, Load: 0.014s/iter, Remain: 0:04:00
08/25 19:01:55 Epoch: 2, Step: 1110, L-Rate: 0.0001, Loss: 0.004688
Speed: 0.032s/iter, Load: 0.014s/iter, Remain: 0:04:00
08/25 19:01:55 Epoch: 2, Step: 1120, L-Rate: 0.0001, Loss: 0.005716
Speed: 0.032s/iter, Load: 0.014s/iter, Remain: 0:03:59
08/25 19:01:56 Epoch: 2, Step: 1130, L-Rate: 0.0001, Loss: 0.005690
Speed: 0.032s/iter, Load: 0.014s/iter, Remain: 0:03:58
08/25 19:01:56 Epoch: 2, Step: 1140, L-Rate: 0.0001, Loss: 0.005573
Speed: 0.032s/iter, Load: 0.014s/iter, Remain: 0:03:58
08/25 19:01:56 Epoch: 2, Step: 1150, L-Rate: 0.0001, Loss: 0.007031
Speed: 0.032s/iter, Load: 0.014s/iter, Remain: 0:03:57
08/25 19:01:57 Epoch: 2, Step: 1160, L-Rate: 0.0001, Loss: 0.005945
Speed: 0.032s/iter, Load: 0.014s/iter, Remain: 0:03:57
08/25 19:01:57 Epoch: 2, Step: 1170, L-Rate: 0.0001, Loss: 0.007618
Speed: 0.032s/iter, Load: 0.014s/iter, Remain: 0:03:56
08/25 19:01:58 Epoch: 2, Step: 1180, L-Rate: 0.0001, Loss: 0.004466
Speed: 0.032s/iter, Load: 0.014s/iter, Remain: 0:03:55
08/25 19:01:58 Epoch: 2, Step: 1190, L-Rate: 0.0001, Loss: 0.008328
Speed: 0.032s/iter, Load: 0.014s/iter, Remain: 0:03:55
08/25 19:01:59 Epoch: 2, Step: 1200, L-Rate: 0.0001, Loss: 0.008196
Speed: 0.032s/iter, Load: 0.014s/iter, Remain: 0:03:54
08/25 19:01:59 Epoch: 2, Step: 1210, L-Rate: 0.0001, Loss: 0.003473
Speed: 0.032s/iter, Load: 0.014s/iter, Remain: 0:03:54
08/25 19:02:00 Epoch: 2, Step: 1220, L-Rate: 0.0001, Loss: 0.005833
Speed: 0.032s/iter, Load: 0.014s/iter, Remain: 0:03:53
08/25 19:02:00 Epoch: 2, Step: 1230, L-Rate: 0.0001, Loss: 0.004238
Speed: 0.032s/iter, Load: 0.014s/iter, Remain: 0:03:53
08/25 19:02:01 Epoch: 2, Step: 1240, L-Rate: 0.0001, Loss: 0.004954
Speed: 0.032s/iter, Load: 0.014s/iter, Remain: 0:03:52
08/25 19:02:01 Epoch: 2, Step: 1250, L-Rate: 0.0001, Loss: 0.003926
Speed: 0.032s/iter, Load: 0.014s/iter, Remain: 0:03:51
08/25 19:02:02 Epoch: 2, Step: 1260, L-Rate: 0.0001, Loss: 0.008824
Speed: 0.032s/iter, Load: 0.014s/iter, Remain: 0:03:51
08/25 19:02:02 Epoch: 2, Step: 1270, L-Rate: 0.0001, Loss: 0.004922
Speed: 0.032s/iter, Load: 0.014s/iter, Remain: 0:03:50
08/25 19:02:02 Epoch: 2, Step: 1280, L-Rate: 0.0001, Loss: 0.003055
Speed: 0.032s/iter, Load: 0.014s/iter, Remain: 0:03:50
08/25 19:02:03 Epoch: 2, Step: 1290, L-Rate: 0.0001, Loss: 0.004229
Speed: 0.032s/iter, Load: 0.014s/iter, Remain: 0:03:49
08/25 19:02:03 Epoch: 2, Step: 1300, L-Rate: 0.0001, Loss: 0.006451
Speed: 0.032s/iter, Load: 0.014s/iter, Remain: 0:03:48
08/25 19:02:04 Epoch: 3, Step: 1310, L-Rate: 0.0001, Loss: 0.005398
Speed: 0.032s/iter, Load: 0.014s/iter, Remain: 0:03:48
08/25 19:02:04 Epoch: 3, Step: 1320, L-Rate: 0.0001, Loss: 0.004603
Speed: 0.032s/iter, Load: 0.014s/iter, Remain: 0:03:47
08/25 19:02:05 Epoch: 3, Step: 1330, L-Rate: 0.0001, Loss: 0.005165
Speed: 0.032s/iter, Load: 0.014s/iter, Remain: 0:03:47
08/25 19:02:05 Epoch: 3, Step: 1340, L-Rate: 0.0001, Loss: 0.002718
Speed: 0.032s/iter, Load: 0.014s/iter, Remain: 0:03:46
08/25 19:02:06 Epoch: 3, Step: 1350, L-Rate: 0.0001, Loss: 0.003225
Speed: 0.032s/iter, Load: 0.014s/iter, Remain: 0:03:46
08/25 19:02:06 Epoch: 3, Step: 1360, L-Rate: 0.0001, Loss: 0.004896
Speed: 0.032s/iter, Load: 0.014s/iter, Remain: 0:03:45
08/25 19:02:07 Epoch: 3, Step: 1370, L-Rate: 0.0001, Loss: 0.004530
Speed: 0.032s/iter, Load: 0.014s/iter, Remain: 0:03:44
08/25 19:02:07 Epoch: 3, Step: 1380, L-Rate: 0.0001, Loss: 0.002381
Speed: 0.032s/iter, Load: 0.014s/iter, Remain: 0:03:44
08/25 19:02:08 Epoch: 3, Step: 1390, L-Rate: 0.0001, Loss: 0.004118
Speed: 0.032s/iter, Load: 0.014s/iter, Remain: 0:03:43
08/25 19:02:08 Epoch: 3, Step: 1400, L-Rate: 0.0001, Loss: 0.003518
Speed: 0.032s/iter, Load: 0.014s/iter, Remain: 0:03:43
08/25 19:02:08 Epoch: 3, Step: 1410, L-Rate: 0.0001, Loss: 0.003779
Speed: 0.032s/iter, Load: 0.014s/iter, Remain: 0:03:42
08/25 19:02:09 Epoch: 3, Step: 1420, L-Rate: 0.0001, Loss: 0.002318
Speed: 0.032s/iter, Load: 0.014s/iter, Remain: 0:03:42
08/25 19:02:09 Epoch: 3, Step: 1430, L-Rate: 0.0001, Loss: 0.002325
Speed: 0.032s/iter, Load: 0.014s/iter, Remain: 0:03:41
08/25 19:02:10 Epoch: 3, Step: 1440, L-Rate: 0.0001, Loss: 0.004167
Speed: 0.032s/iter, Load: 0.014s/iter, Remain: 0:03:40
08/25 19:02:10 Epoch: 3, Step: 1450, L-Rate: 0.0001, Loss: 0.004380
Speed: 0.032s/iter, Load: 0.014s/iter, Remain: 0:03:40
08/25 19:02:11 Epoch: 3, Step: 1460, L-Rate: 0.0001, Loss: 0.003113
Speed: 0.032s/iter, Load: 0.014s/iter, Remain: 0:03:39
08/25 19:02:11 Epoch: 3, Step: 1470, L-Rate: 0.0001, Loss: 0.002891
Speed: 0.032s/iter, Load: 0.014s/iter, Remain: 0:03:39
08/25 19:02:12 Epoch: 3, Step: 1480, L-Rate: 0.0001, Loss: 0.002214
Speed: 0.032s/iter, Load: 0.014s/iter, Remain: 0:03:38
08/25 19:02:12 Epoch: 3, Step: 1490, L-Rate: 0.0001, Loss: 0.003550
Speed: 0.032s/iter, Load: 0.014s/iter, Remain: 0:03:38
08/25 19:02:13 Epoch: 3, Step: 1500, L-Rate: 0.0001, Loss: 0.005397
Speed: 0.032s/iter, Load: 0.014s/iter, Remain: 0:03:37
    saved TF model: /nfs/diskstation/seita/bed-make/grasp/cache_combo_v01/grasp_1_img_depth_opt_adam_lr_0.0001_L2_0.0001_kp_1.0_steps_6000_cv_False/08_25_19_02_13_save.ckpt
08/25 19:02:15 Epoch: 3, Step: 1510, L-Rate: 0.0001, Loss: 0.002779
Speed: 0.032s/iter, Load: 0.014s/iter, Remain: 0:03:42
08/25 19:02:15 Epoch: 3, Step: 1520, L-Rate: 0.0001, Loss: 0.002114
Speed: 0.032s/iter, Load: 0.014s/iter, Remain: 0:03:42
08/25 19:02:16 Epoch: 3, Step: 1530, L-Rate: 0.0001, Loss: 0.004110
Speed: 0.032s/iter, Load: 0.014s/iter, Remain: 0:03:41
08/25 19:02:16 Epoch: 3, Step: 1540, L-Rate: 0.0001, Loss: 0.004011
Speed: 0.032s/iter, Load: 0.014s/iter, Remain: 0:03:40
08/25 19:02:17 Epoch: 3, Step: 1550, L-Rate: 0.0001, Loss: 0.004732
Speed: 0.032s/iter, Load: 0.014s/iter, Remain: 0:03:40
08/25 19:02:17 Epoch: 3, Step: 1560, L-Rate: 0.0001, Loss: 0.004790
Speed: 0.032s/iter, Load: 0.014s/iter, Remain: 0:03:39
08/25 19:02:18 Epoch: 3, Step: 1570, L-Rate: 0.0001, Loss: 0.003248
Speed: 0.032s/iter, Load: 0.014s/iter, Remain: 0:03:39
08/25 19:02:18 Epoch: 3, Step: 1580, L-Rate: 0.0001, Loss: 0.003251
Speed: 0.032s/iter, Load: 0.014s/iter, Remain: 0:03:38
08/25 19:02:19 Epoch: 3, Step: 1590, L-Rate: 0.0001, Loss: 0.004515
Speed: 0.032s/iter, Load: 0.014s/iter, Remain: 0:03:37
08/25 19:02:19 Epoch: 3, Step: 1600, L-Rate: 0.0001, Loss: 0.003957
Speed: 0.032s/iter, Load: 0.014s/iter, Remain: 0:03:37
08/25 19:02:20 Epoch: 3, Step: 1610, L-Rate: 0.0001, Loss: 0.005595
Speed: 0.032s/iter, Load: 0.014s/iter, Remain: 0:03:36
08/25 19:02:20 Epoch: 3, Step: 1620, L-Rate: 0.0001, Loss: 0.002806
Speed: 0.032s/iter, Load: 0.014s/iter, Remain: 0:03:36
08/25 19:02:21 Epoch: 3, Step: 1630, L-Rate: 0.0001, Loss: 0.007258
Speed: 0.032s/iter, Load: 0.014s/iter, Remain: 0:03:35
08/25 19:02:21 Epoch: 3, Step: 1640, L-Rate: 0.0001, Loss: 0.002758
Speed: 0.032s/iter, Load: 0.014s/iter, Remain: 0:03:35
08/25 19:02:21 Epoch: 3, Step: 1650, L-Rate: 0.0001, Loss: 0.004316
Speed: 0.032s/iter, Load: 0.014s/iter, Remain: 0:03:34
08/25 19:02:22 Epoch: 3, Step: 1660, L-Rate: 0.0001, Loss: 0.004407
Speed: 0.032s/iter, Load: 0.014s/iter, Remain: 0:03:33
08/25 19:02:22 Epoch: 3, Step: 1670, L-Rate: 0.0001, Loss: 0.002077
Speed: 0.032s/iter, Load: 0.014s/iter, Remain: 0:03:33
08/25 19:02:23 Epoch: 3, Step: 1680, L-Rate: 0.0001, Loss: 0.001759
Speed: 0.032s/iter, Load: 0.014s/iter, Remain: 0:03:32
08/25 19:02:23 Epoch: 3, Step: 1690, L-Rate: 0.0001, Loss: 0.003768
Speed: 0.032s/iter, Load: 0.014s/iter, Remain: 0:03:32
08/25 19:02:24 Epoch: 3, Step: 1700, L-Rate: 0.0001, Loss: 0.003863
Speed: 0.032s/iter, Load: 0.014s/iter, Remain: 0:03:31
08/25 19:02:24 Epoch: 3, Step: 1710, L-Rate: 0.0001, Loss: 0.004975
Speed: 0.032s/iter, Load: 0.014s/iter, Remain: 0:03:31
08/25 19:02:25 Epoch: 3, Step: 1720, L-Rate: 0.0001, Loss: 0.002385
Speed: 0.032s/iter, Load: 0.014s/iter, Remain: 0:03:30
08/25 19:02:25 Epoch: 3, Step: 1730, L-Rate: 0.0001, Loss: 0.003600
Speed: 0.032s/iter, Load: 0.014s/iter, Remain: 0:03:29
08/25 19:02:26 Epoch: 3, Step: 1740, L-Rate: 0.0001, Loss: 0.004692
Speed: 0.032s/iter, Load: 0.014s/iter, Remain: 0:03:29
08/25 19:02:26 Epoch: 3, Step: 1750, L-Rate: 0.0001, Loss: 0.003524
Speed: 0.032s/iter, Load: 0.014s/iter, Remain: 0:03:28
08/25 19:02:27 Epoch: 3, Step: 1760, L-Rate: 0.0001, Loss: 0.003434
Speed: 0.032s/iter, Load: 0.014s/iter, Remain: 0:03:28
08/25 19:02:27 Epoch: 3, Step: 1770, L-Rate: 0.0001, Loss: 0.002473
Speed: 0.032s/iter, Load: 0.014s/iter, Remain: 0:03:27
08/25 19:02:27 Epoch: 3, Step: 1780, L-Rate: 0.0001, Loss: 0.002321
Speed: 0.032s/iter, Load: 0.014s/iter, Remain: 0:03:27
08/25 19:02:28 Epoch: 3, Step: 1790, L-Rate: 0.0001, Loss: 0.004701
Speed: 0.032s/iter, Load: 0.014s/iter, Remain: 0:03:26
08/25 19:02:28 Epoch: 3, Step: 1800, L-Rate: 0.0001, Loss: 0.004847
Speed: 0.032s/iter, Load: 0.014s/iter, Remain: 0:03:26
08/25 19:02:29 Epoch: 3, Step: 1810, L-Rate: 0.0001, Loss: 0.005003
Speed: 0.032s/iter, Load: 0.014s/iter, Remain: 0:03:25
08/25 19:02:29 Epoch: 3, Step: 1820, L-Rate: 0.0001, Loss: 0.004128
Speed: 0.032s/iter, Load: 0.014s/iter, Remain: 0:03:24
08/25 19:02:30 Epoch: 3, Step: 1830, L-Rate: 0.0001, Loss: 0.002940
Speed: 0.032s/iter, Load: 0.014s/iter, Remain: 0:03:24
08/25 19:02:30 Epoch: 3, Step: 1840, L-Rate: 0.0001, Loss: 0.004223
Speed: 0.032s/iter, Load: 0.014s/iter, Remain: 0:03:23
08/25 19:02:31 Epoch: 3, Step: 1850, L-Rate: 0.0001, Loss: 0.004510
Speed: 0.032s/iter, Load: 0.014s/iter, Remain: 0:03:23
08/25 19:02:31 Epoch: 3, Step: 1860, L-Rate: 0.0001, Loss: 0.003230
Speed: 0.032s/iter, Load: 0.014s/iter, Remain: 0:03:22
08/25 19:02:32 Epoch: 3, Step: 1870, L-Rate: 0.0001, Loss: 0.003158
Speed: 0.032s/iter, Load: 0.014s/iter, Remain: 0:03:22
08/25 19:02:32 Epoch: 3, Step: 1880, L-Rate: 0.0001, Loss: 0.004499
Speed: 0.032s/iter, Load: 0.014s/iter, Remain: 0:03:21
08/25 19:02:33 Epoch: 3, Step: 1890, L-Rate: 0.0001, Loss: 0.003771
Speed: 0.032s/iter, Load: 0.014s/iter, Remain: 0:03:21
08/25 19:02:33 Epoch: 3, Step: 1900, L-Rate: 0.0001, Loss: 0.001839
Speed: 0.032s/iter, Load: 0.014s/iter, Remain: 0:03:20
08/25 19:02:33 Epoch: 3, Step: 1910, L-Rate: 0.0001, Loss: 0.002733
Speed: 0.032s/iter, Load: 0.014s/iter, Remain: 0:03:19
08/25 19:02:34 Epoch: 3, Step: 1920, L-Rate: 0.0001, Loss: 0.002428
Speed: 0.032s/iter, Load: 0.014s/iter, Remain: 0:03:19
08/25 19:02:34 Epoch: 3, Step: 1930, L-Rate: 0.0001, Loss: 0.003977
Speed: 0.032s/iter, Load: 0.014s/iter, Remain: 0:03:18
08/25 19:02:35 Epoch: 3, Step: 1940, L-Rate: 0.0001, Loss: 0.003392
Speed: 0.032s/iter, Load: 0.014s/iter, Remain: 0:03:18
08/25 19:02:35 Epoch: 3, Step: 1950, L-Rate: 0.0001, Loss: 0.003478
Speed: 0.032s/iter, Load: 0.014s/iter, Remain: 0:03:17
08/25 19:02:36 Epoch: 4, Step: 1960, L-Rate: 0.0001, Loss: 0.003840
Speed: 0.032s/iter, Load: 0.014s/iter, Remain: 0:03:17
08/25 19:02:36 Epoch: 4, Step: 1970, L-Rate: 0.0001, Loss: 0.002468
Speed: 0.032s/iter, Load: 0.014s/iter, Remain: 0:03:16
08/25 19:02:37 Epoch: 4, Step: 1980, L-Rate: 0.0001, Loss: 0.002581
Speed: 0.032s/iter, Load: 0.014s/iter, Remain: 0:03:16
08/25 19:02:37 Epoch: 4, Step: 1990, L-Rate: 0.0001, Loss: 0.002442
Speed: 0.032s/iter, Load: 0.014s/iter, Remain: 0:03:15
08/25 19:02:38 Epoch: 4, Step: 2000, L-Rate: 0.0001, Loss: 0.002356
Speed: 0.032s/iter, Load: 0.014s/iter, Remain: 0:03:15
    saved TF model: /nfs/diskstation/seita/bed-make/grasp/cache_combo_v01/grasp_1_img_depth_opt_adam_lr_0.0001_L2_0.0001_kp_1.0_steps_6000_cv_False/08_25_19_02_38_save.ckpt
08/25 19:02:40 Epoch: 4, Step: 2010, L-Rate: 0.0001, Loss: 0.001496
Speed: 0.032s/iter, Load: 0.014s/iter, Remain: 0:03:18
08/25 19:02:40 Epoch: 4, Step: 2020, L-Rate: 0.0001, Loss: 0.001807
Speed: 0.032s/iter, Load: 0.014s/iter, Remain: 0:03:17
08/25 19:02:41 Epoch: 4, Step: 2030, L-Rate: 0.0001, Loss: 0.002884
Speed: 0.032s/iter, Load: 0.014s/iter, Remain: 0:03:17
08/25 19:02:41 Epoch: 4, Step: 2040, L-Rate: 0.0001, Loss: 0.002016
Speed: 0.032s/iter, Load: 0.014s/iter, Remain: 0:03:16
08/25 19:02:42 Epoch: 4, Step: 2050, L-Rate: 0.0001, Loss: 0.003115
Speed: 0.032s/iter, Load: 0.014s/iter, Remain: 0:03:16
08/25 19:02:42 Epoch: 4, Step: 2060, L-Rate: 0.0001, Loss: 0.001419
Speed: 0.032s/iter, Load: 0.014s/iter, Remain: 0:03:15
08/25 19:02:43 Epoch: 4, Step: 2070, L-Rate: 0.0001, Loss: 0.002758
Speed: 0.032s/iter, Load: 0.014s/iter, Remain: 0:03:14
08/25 19:02:43 Epoch: 4, Step: 2080, L-Rate: 0.0001, Loss: 0.002614
Speed: 0.032s/iter, Load: 0.014s/iter, Remain: 0:03:14
08/25 19:02:44 Epoch: 4, Step: 2090, L-Rate: 0.0001, Loss: 0.001568
Speed: 0.032s/iter, Load: 0.014s/iter, Remain: 0:03:13
08/25 19:02:44 Epoch: 4, Step: 2100, L-Rate: 0.0001, Loss: 0.002572
Speed: 0.032s/iter, Load: 0.014s/iter, Remain: 0:03:13
08/25 19:02:45 Epoch: 4, Step: 2110, L-Rate: 0.0001, Loss: 0.001368
Speed: 0.032s/iter, Load: 0.014s/iter, Remain: 0:03:12
08/25 19:02:45 Epoch: 4, Step: 2120, L-Rate: 0.0001, Loss: 0.002836
Speed: 0.032s/iter, Load: 0.014s/iter, Remain: 0:03:12
08/25 19:02:45 Epoch: 4, Step: 2130, L-Rate: 0.0001, Loss: 0.002242
Speed: 0.032s/iter, Load: 0.014s/iter, Remain: 0:03:11
08/25 19:02:46 Epoch: 4, Step: 2140, L-Rate: 0.0001, Loss: 0.001453
Speed: 0.032s/iter, Load: 0.014s/iter, Remain: 0:03:10
08/25 19:02:46 Epoch: 4, Step: 2150, L-Rate: 0.0001, Loss: 0.002314
Speed: 0.032s/iter, Load: 0.014s/iter, Remain: 0:03:10
08/25 19:02:47 Epoch: 4, Step: 2160, L-Rate: 0.0001, Loss: 0.002821
Speed: 0.032s/iter, Load: 0.014s/iter, Remain: 0:03:09
08/25 19:02:47 Epoch: 4, Step: 2170, L-Rate: 0.0001, Loss: 0.001864
Speed: 0.032s/iter, Load: 0.014s/iter, Remain: 0:03:09
08/25 19:02:48 Epoch: 4, Step: 2180, L-Rate: 0.0001, Loss: 0.002996
Speed: 0.032s/iter, Load: 0.014s/iter, Remain: 0:03:08
08/25 19:02:48 Epoch: 4, Step: 2190, L-Rate: 0.0001, Loss: 0.002119
Speed: 0.032s/iter, Load: 0.014s/iter, Remain: 0:03:08
08/25 19:02:49 Epoch: 4, Step: 2200, L-Rate: 0.0001, Loss: 0.002813
Speed: 0.032s/iter, Load: 0.014s/iter, Remain: 0:03:07
08/25 19:02:49 Epoch: 4, Step: 2210, L-Rate: 0.0001, Loss: 0.001726
Speed: 0.032s/iter, Load: 0.014s/iter, Remain: 0:03:06
08/25 19:02:50 Epoch: 4, Step: 2220, L-Rate: 0.0001, Loss: 0.002784
Speed: 0.032s/iter, Load: 0.014s/iter, Remain: 0:03:06
08/25 19:02:50 Epoch: 4, Step: 2230, L-Rate: 0.0001, Loss: 0.002646
Speed: 0.032s/iter, Load: 0.014s/iter, Remain: 0:03:05
08/25 19:02:50 Epoch: 4, Step: 2240, L-Rate: 0.0001, Loss: 0.002792
Speed: 0.032s/iter, Load: 0.014s/iter, Remain: 0:03:05
08/25 19:02:51 Epoch: 4, Step: 2250, L-Rate: 0.0001, Loss: 0.002295
Speed: 0.032s/iter, Load: 0.014s/iter, Remain: 0:03:04
08/25 19:02:51 Epoch: 4, Step: 2260, L-Rate: 0.0001, Loss: 0.001641
Speed: 0.032s/iter, Load: 0.014s/iter, Remain: 0:03:04
08/25 19:02:52 Epoch: 4, Step: 2270, L-Rate: 0.0001, Loss: 0.002435
Speed: 0.032s/iter, Load: 0.014s/iter, Remain: 0:03:03
08/25 19:02:52 Epoch: 4, Step: 2280, L-Rate: 0.0001, Loss: 0.002070
Speed: 0.032s/iter, Load: 0.014s/iter, Remain: 0:03:02
08/25 19:02:53 Epoch: 4, Step: 2290, L-Rate: 0.0001, Loss: 0.001898
Speed: 0.032s/iter, Load: 0.014s/iter, Remain: 0:03:02
08/25 19:02:53 Epoch: 4, Step: 2300, L-Rate: 0.0001, Loss: 0.002851
Speed: 0.032s/iter, Load: 0.014s/iter, Remain: 0:03:01
08/25 19:02:54 Epoch: 4, Step: 2310, L-Rate: 0.0001, Loss: 0.002691
Speed: 0.032s/iter, Load: 0.014s/iter, Remain: 0:03:01
08/25 19:02:54 Epoch: 4, Step: 2320, L-Rate: 0.0001, Loss: 0.002602
Speed: 0.032s/iter, Load: 0.014s/iter, Remain: 0:03:00
08/25 19:02:55 Epoch: 4, Step: 2330, L-Rate: 0.0001, Loss: 0.003720
Speed: 0.032s/iter, Load: 0.014s/iter, Remain: 0:03:00
08/25 19:02:55 Epoch: 4, Step: 2340, L-Rate: 0.0001, Loss: 0.002627
Speed: 0.032s/iter, Load: 0.014s/iter, Remain: 0:02:59
08/25 19:02:55 Epoch: 4, Step: 2350, L-Rate: 0.0001, Loss: 0.003971
Speed: 0.032s/iter, Load: 0.014s/iter, Remain: 0:02:59
08/25 19:02:56 Epoch: 4, Step: 2360, L-Rate: 0.0001, Loss: 0.002064
Speed: 0.032s/iter, Load: 0.014s/iter, Remain: 0:02:58
08/25 19:02:56 Epoch: 4, Step: 2370, L-Rate: 0.0001, Loss: 0.001688
Speed: 0.032s/iter, Load: 0.014s/iter, Remain: 0:02:58
08/25 19:02:57 Epoch: 4, Step: 2380, L-Rate: 0.0001, Loss: 0.002565
Speed: 0.032s/iter, Load: 0.014s/iter, Remain: 0:02:57
08/25 19:02:57 Epoch: 4, Step: 2390, L-Rate: 0.0001, Loss: 0.003846
Speed: 0.032s/iter, Load: 0.014s/iter, Remain: 0:02:57
08/25 19:02:58 Epoch: 4, Step: 2400, L-Rate: 0.0001, Loss: 0.001699
Speed: 0.032s/iter, Load: 0.014s/iter, Remain: 0:02:56
08/25 19:02:58 Epoch: 4, Step: 2410, L-Rate: 0.0001, Loss: 0.004227
Speed: 0.032s/iter, Load: 0.014s/iter, Remain: 0:02:55
08/25 19:02:59 Epoch: 4, Step: 2420, L-Rate: 0.0001, Loss: 0.002744
Speed: 0.032s/iter, Load: 0.014s/iter, Remain: 0:02:55
08/25 19:02:59 Epoch: 4, Step: 2430, L-Rate: 0.0001, Loss: 0.002881
Speed: 0.032s/iter, Load: 0.014s/iter, Remain: 0:02:54
08/25 19:03:00 Epoch: 4, Step: 2440, L-Rate: 0.0001, Loss: 0.003628
Speed: 0.032s/iter, Load: 0.014s/iter, Remain: 0:02:54
08/25 19:03:00 Epoch: 4, Step: 2450, L-Rate: 0.0001, Loss: 0.002242
Speed: 0.032s/iter, Load: 0.014s/iter, Remain: 0:02:53
08/25 19:03:00 Epoch: 4, Step: 2460, L-Rate: 0.0001, Loss: 0.002442
Speed: 0.032s/iter, Load: 0.014s/iter, Remain: 0:02:53
08/25 19:03:01 Epoch: 4, Step: 2470, L-Rate: 0.0001, Loss: 0.002291
Speed: 0.032s/iter, Load: 0.014s/iter, Remain: 0:02:52
08/25 19:03:01 Epoch: 4, Step: 2480, L-Rate: 0.0001, Loss: 0.004167
Speed: 0.032s/iter, Load: 0.014s/iter, Remain: 0:02:52
08/25 19:03:02 Epoch: 4, Step: 2490, L-Rate: 0.0001, Loss: 0.002406
Speed: 0.032s/iter, Load: 0.014s/iter, Remain: 0:02:51
08/25 19:03:02 Epoch: 4, Step: 2500, L-Rate: 0.0001, Loss: 0.002629
Speed: 0.032s/iter, Load: 0.014s/iter, Remain: 0:02:51
    saved TF model: /nfs/diskstation/seita/bed-make/grasp/cache_combo_v01/grasp_1_img_depth_opt_adam_lr_0.0001_L2_0.0001_kp_1.0_steps_6000_cv_False/08_25_19_03_02_save.ckpt
08/25 19:03:05 Epoch: 4, Step: 2510, L-Rate: 0.0001, Loss: 0.002748
Speed: 0.032s/iter, Load: 0.014s/iter, Remain: 0:02:53
08/25 19:03:05 Epoch: 4, Step: 2520, L-Rate: 0.0001, Loss: 0.005349
Speed: 0.032s/iter, Load: 0.014s/iter, Remain: 0:02:52
08/25 19:03:06 Epoch: 4, Step: 2530, L-Rate: 0.0001, Loss: 0.002256
Speed: 0.032s/iter, Load: 0.014s/iter, Remain: 0:02:52
08/25 19:03:06 Epoch: 4, Step: 2540, L-Rate: 0.0001, Loss: 0.003448
Speed: 0.032s/iter, Load: 0.014s/iter, Remain: 0:02:51
08/25 19:03:06 Epoch: 4, Step: 2550, L-Rate: 0.0001, Loss: 0.002353
Speed: 0.032s/iter, Load: 0.014s/iter, Remain: 0:02:50
08/25 19:03:07 Epoch: 4, Step: 2560, L-Rate: 0.0001, Loss: 0.001649
Speed: 0.032s/iter, Load: 0.014s/iter, Remain: 0:02:50
08/25 19:03:07 Epoch: 4, Step: 2570, L-Rate: 0.0001, Loss: 0.002753
Speed: 0.032s/iter, Load: 0.014s/iter, Remain: 0:02:49
08/25 19:03:08 Epoch: 4, Step: 2580, L-Rate: 0.0001, Loss: 0.003291
Speed: 0.032s/iter, Load: 0.014s/iter, Remain: 0:02:49
08/25 19:03:08 Epoch: 4, Step: 2590, L-Rate: 0.0001, Loss: 0.002779
Speed: 0.032s/iter, Load: 0.014s/iter, Remain: 0:02:48
08/25 19:03:09 Epoch: 4, Step: 2600, L-Rate: 0.0001, Loss: 0.001770
Speed: 0.032s/iter, Load: 0.014s/iter, Remain: 0:02:48
08/25 19:03:09 Epoch: 5, Step: 2610, L-Rate: 0.0001, Loss: 0.001318
Speed: 0.032s/iter, Load: 0.014s/iter, Remain: 0:02:47
08/25 19:03:10 Epoch: 5, Step: 2620, L-Rate: 0.0001, Loss: 0.002253
Speed: 0.032s/iter, Load: 0.014s/iter, Remain: 0:02:47
08/25 19:03:10 Epoch: 5, Step: 2630, L-Rate: 0.0001, Loss: 0.002653
Speed: 0.032s/iter, Load: 0.014s/iter, Remain: 0:02:46
08/25 19:03:11 Epoch: 5, Step: 2640, L-Rate: 0.0001, Loss: 0.002421
Speed: 0.032s/iter, Load: 0.014s/iter, Remain: 0:02:46
08/25 19:03:11 Epoch: 5, Step: 2650, L-Rate: 0.0001, Loss: 0.002590
Speed: 0.032s/iter, Load: 0.014s/iter, Remain: 0:02:45
08/25 19:03:11 Epoch: 5, Step: 2660, L-Rate: 0.0001, Loss: 0.001235
Speed: 0.032s/iter, Load: 0.014s/iter, Remain: 0:02:44
08/25 19:03:12 Epoch: 5, Step: 2670, L-Rate: 0.0001, Loss: 0.001168
Speed: 0.032s/iter, Load: 0.014s/iter, Remain: 0:02:44
08/25 19:03:12 Epoch: 5, Step: 2680, L-Rate: 0.0001, Loss: 0.002072
Speed: 0.032s/iter, Load: 0.014s/iter, Remain: 0:02:43
08/25 19:03:13 Epoch: 5, Step: 2690, L-Rate: 0.0001, Loss: 0.001271
Speed: 0.032s/iter, Load: 0.014s/iter, Remain: 0:02:43
08/25 19:03:13 Epoch: 5, Step: 2700, L-Rate: 0.0001, Loss: 0.002812
Speed: 0.032s/iter, Load: 0.014s/iter, Remain: 0:02:42
08/25 19:03:14 Epoch: 5, Step: 2710, L-Rate: 0.0001, Loss: 0.002541
Speed: 0.032s/iter, Load: 0.014s/iter, Remain: 0:02:42
08/25 19:03:14 Epoch: 5, Step: 2720, L-Rate: 0.0001, Loss: 0.001406
Speed: 0.032s/iter, Load: 0.014s/iter, Remain: 0:02:41
08/25 19:03:15 Epoch: 5, Step: 2730, L-Rate: 0.0001, Loss: 0.002018
Speed: 0.032s/iter, Load: 0.014s/iter, Remain: 0:02:41
08/25 19:03:15 Epoch: 5, Step: 2740, L-Rate: 0.0001, Loss: 0.002657
Speed: 0.032s/iter, Load: 0.014s/iter, Remain: 0:02:40
08/25 19:03:15 Epoch: 5, Step: 2750, L-Rate: 0.0001, Loss: 0.001909
Speed: 0.032s/iter, Load: 0.014s/iter, Remain: 0:02:39
08/25 19:03:16 Epoch: 5, Step: 2760, L-Rate: 0.0001, Loss: 0.001881
Speed: 0.032s/iter, Load: 0.014s/iter, Remain: 0:02:39
08/25 19:03:16 Epoch: 5, Step: 2770, L-Rate: 0.0001, Loss: 0.001120
Speed: 0.032s/iter, Load: 0.014s/iter, Remain: 0:02:38
08/25 19:03:17 Epoch: 5, Step: 2780, L-Rate: 0.0001, Loss: 0.001428
Speed: 0.032s/iter, Load: 0.014s/iter, Remain: 0:02:38
08/25 19:03:17 Epoch: 5, Step: 2790, L-Rate: 0.0001, Loss: 0.002444
Speed: 0.032s/iter, Load: 0.014s/iter, Remain: 0:02:37
08/25 19:03:18 Epoch: 5, Step: 2800, L-Rate: 0.0001, Loss: 0.001879
Speed: 0.032s/iter, Load: 0.014s/iter, Remain: 0:02:37
08/25 19:03:18 Epoch: 5, Step: 2810, L-Rate: 0.0001, Loss: 0.003711
Speed: 0.032s/iter, Load: 0.014s/iter, Remain: 0:02:36
08/25 19:03:19 Epoch: 5, Step: 2820, L-Rate: 0.0001, Loss: 0.003915
Speed: 0.032s/iter, Load: 0.014s/iter, Remain: 0:02:36
08/25 19:03:19 Epoch: 5, Step: 2830, L-Rate: 0.0001, Loss: 0.002007
Speed: 0.032s/iter, Load: 0.014s/iter, Remain: 0:02:35
08/25 19:03:19 Epoch: 5, Step: 2840, L-Rate: 0.0001, Loss: 0.002242
Speed: 0.032s/iter, Load: 0.014s/iter, Remain: 0:02:35
08/25 19:03:20 Epoch: 5, Step: 2850, L-Rate: 0.0001, Loss: 0.002929
Speed: 0.032s/iter, Load: 0.014s/iter, Remain: 0:02:34
08/25 19:03:20 Epoch: 5, Step: 2860, L-Rate: 0.0001, Loss: 0.002114
Speed: 0.032s/iter, Load: 0.014s/iter, Remain: 0:02:34
08/25 19:03:21 Epoch: 5, Step: 2870, L-Rate: 0.0001, Loss: 0.000877
Speed: 0.032s/iter, Load: 0.014s/iter, Remain: 0:02:33
08/25 19:03:21 Epoch: 5, Step: 2880, L-Rate: 0.0001, Loss: 0.002716
Speed: 0.032s/iter, Load: 0.014s/iter, Remain: 0:02:32
08/25 19:03:22 Epoch: 5, Step: 2890, L-Rate: 0.0001, Loss: 0.005973
Speed: 0.032s/iter, Load: 0.014s/iter, Remain: 0:02:32
08/25 19:03:22 Epoch: 5, Step: 2900, L-Rate: 0.0001, Loss: 0.001134
Speed: 0.032s/iter, Load: 0.014s/iter, Remain: 0:02:31
08/25 19:03:23 Epoch: 5, Step: 2910, L-Rate: 0.0001, Loss: 0.001842
Speed: 0.032s/iter, Load: 0.014s/iter, Remain: 0:02:31
08/25 19:03:23 Epoch: 5, Step: 2920, L-Rate: 0.0001, Loss: 0.004626
Speed: 0.032s/iter, Load: 0.014s/iter, Remain: 0:02:30
08/25 19:03:24 Epoch: 5, Step: 2930, L-Rate: 0.0001, Loss: 0.000885
Speed: 0.032s/iter, Load: 0.014s/iter, Remain: 0:02:30
08/25 19:03:24 Epoch: 5, Step: 2940, L-Rate: 0.0001, Loss: 0.002445
Speed: 0.032s/iter, Load: 0.014s/iter, Remain: 0:02:29
08/25 19:03:24 Epoch: 5, Step: 2950, L-Rate: 0.0001, Loss: 0.001707
Speed: 0.032s/iter, Load: 0.014s/iter, Remain: 0:02:29
08/25 19:03:25 Epoch: 5, Step: 2960, L-Rate: 0.0001, Loss: 0.001865
Speed: 0.032s/iter, Load: 0.014s/iter, Remain: 0:02:28
08/25 19:03:25 Epoch: 5, Step: 2970, L-Rate: 0.0001, Loss: 0.002119
Speed: 0.032s/iter, Load: 0.014s/iter, Remain: 0:02:28
08/25 19:03:26 Epoch: 5, Step: 2980, L-Rate: 0.0001, Loss: 0.001706
Speed: 0.032s/iter, Load: 0.014s/iter, Remain: 0:02:27
08/25 19:03:26 Epoch: 5, Step: 2990, L-Rate: 0.0001, Loss: 0.003594
Speed: 0.032s/iter, Load: 0.014s/iter, Remain: 0:02:27
08/25 19:03:27 Epoch: 5, Step: 3000, L-Rate: 0.0001, Loss: 0.001350
Speed: 0.032s/iter, Load: 0.014s/iter, Remain: 0:02:26
    saved TF model: /nfs/diskstation/seita/bed-make/grasp/cache_combo_v01/grasp_1_img_depth_opt_adam_lr_0.0001_L2_0.0001_kp_1.0_steps_6000_cv_False/08_25_19_03_27_save.ckpt
08/25 19:03:29 Epoch: 5, Step: 3010, L-Rate: 0.0001, Loss: 0.002530
Speed: 0.032s/iter, Load: 0.014s/iter, Remain: 0:02:28
08/25 19:03:30 Epoch: 5, Step: 3020, L-Rate: 0.0001, Loss: 0.002230
Speed: 0.032s/iter, Load: 0.014s/iter, Remain: 0:02:27
08/25 19:03:30 Epoch: 5, Step: 3030, L-Rate: 0.0001, Loss: 0.001374
Speed: 0.032s/iter, Load: 0.014s/iter, Remain: 0:02:26
08/25 19:03:30 Epoch: 5, Step: 3040, L-Rate: 0.0001, Loss: 0.001302
Speed: 0.032s/iter, Load: 0.014s/iter, Remain: 0:02:26
08/25 19:03:31 Epoch: 5, Step: 3050, L-Rate: 0.0001, Loss: 0.003230
Speed: 0.032s/iter, Load: 0.014s/iter, Remain: 0:02:25
08/25 19:03:31 Epoch: 5, Step: 3060, L-Rate: 0.0001, Loss: 0.002307
Speed: 0.032s/iter, Load: 0.014s/iter, Remain: 0:02:25
08/25 19:03:32 Epoch: 5, Step: 3070, L-Rate: 0.0001, Loss: 0.001910
Speed: 0.032s/iter, Load: 0.014s/iter, Remain: 0:02:24
08/25 19:03:32 Epoch: 5, Step: 3080, L-Rate: 0.0001, Loss: 0.003050
Speed: 0.032s/iter, Load: 0.014s/iter, Remain: 0:02:24
08/25 19:03:33 Epoch: 5, Step: 3090, L-Rate: 0.0001, Loss: 0.002402
Speed: 0.032s/iter, Load: 0.014s/iter, Remain: 0:02:23
08/25 19:03:33 Epoch: 5, Step: 3100, L-Rate: 0.0001, Loss: 0.002907
Speed: 0.032s/iter, Load: 0.014s/iter, Remain: 0:02:23
08/25 19:03:34 Epoch: 5, Step: 3110, L-Rate: 0.0001, Loss: 0.001704
Speed: 0.032s/iter, Load: 0.014s/iter, Remain: 0:02:22
08/25 19:03:34 Epoch: 5, Step: 3120, L-Rate: 0.0001, Loss: 0.001557
Speed: 0.032s/iter, Load: 0.014s/iter, Remain: 0:02:22
08/25 19:03:35 Epoch: 5, Step: 3130, L-Rate: 0.0001, Loss: 0.002327
Speed: 0.032s/iter, Load: 0.014s/iter, Remain: 0:02:21
08/25 19:03:35 Epoch: 5, Step: 3140, L-Rate: 0.0001, Loss: 0.001381
Speed: 0.032s/iter, Load: 0.014s/iter, Remain: 0:02:21
08/25 19:03:35 Epoch: 5, Step: 3150, L-Rate: 0.0001, Loss: 0.002393
Speed: 0.032s/iter, Load: 0.014s/iter, Remain: 0:02:20
08/25 19:03:36 Epoch: 5, Step: 3160, L-Rate: 0.0001, Loss: 0.001786
Speed: 0.032s/iter, Load: 0.014s/iter, Remain: 0:02:20
08/25 19:03:36 Epoch: 5, Step: 3170, L-Rate: 0.0001, Loss: 0.001880
Speed: 0.032s/iter, Load: 0.014s/iter, Remain: 0:02:19
08/25 19:03:37 Epoch: 5, Step: 3180, L-Rate: 0.0001, Loss: 0.002080
Speed: 0.032s/iter, Load: 0.014s/iter, Remain: 0:02:18
08/25 19:03:37 Epoch: 5, Step: 3190, L-Rate: 0.0001, Loss: 0.001171
Speed: 0.032s/iter, Load: 0.014s/iter, Remain: 0:02:18
08/25 19:03:38 Epoch: 5, Step: 3200, L-Rate: 0.0001, Loss: 0.002161
Speed: 0.032s/iter, Load: 0.014s/iter, Remain: 0:02:17
08/25 19:03:38 Epoch: 5, Step: 3210, L-Rate: 0.0001, Loss: 0.002630
Speed: 0.032s/iter, Load: 0.014s/iter, Remain: 0:02:17
08/25 19:03:39 Epoch: 5, Step: 3220, L-Rate: 0.0001, Loss: 0.001953
Speed: 0.032s/iter, Load: 0.014s/iter, Remain: 0:02:16
08/25 19:03:39 Epoch: 5, Step: 3230, L-Rate: 0.0001, Loss: 0.001834
Speed: 0.032s/iter, Load: 0.014s/iter, Remain: 0:02:16
08/25 19:03:40 Epoch: 5, Step: 3240, L-Rate: 0.0001, Loss: 0.002250
Speed: 0.032s/iter, Load: 0.014s/iter, Remain: 0:02:15
08/25 19:03:40 Epoch: 5, Step: 3250, L-Rate: 0.0001, Loss: 0.001836
Speed: 0.032s/iter, Load: 0.014s/iter, Remain: 0:02:15
08/25 19:03:40 Epoch: 6, Step: 3260, L-Rate: 0.0001, Loss: 0.000955
Speed: 0.032s/iter, Load: 0.014s/iter, Remain: 0:02:14
08/25 19:03:41 Epoch: 6, Step: 3270, L-Rate: 0.0001, Loss: 0.001334
Speed: 0.032s/iter, Load: 0.014s/iter, Remain: 0:02:14
08/25 19:03:41 Epoch: 6, Step: 3280, L-Rate: 0.0001, Loss: 0.002646
Speed: 0.032s/iter, Load: 0.014s/iter, Remain: 0:02:13
08/25 19:03:42 Epoch: 6, Step: 3290, L-Rate: 0.0001, Loss: 0.001201
Speed: 0.032s/iter, Load: 0.014s/iter, Remain: 0:02:13
08/25 19:03:42 Epoch: 6, Step: 3300, L-Rate: 0.0001, Loss: 0.001420
Speed: 0.032s/iter, Load: 0.014s/iter, Remain: 0:02:12
08/25 19:03:43 Epoch: 6, Step: 3310, L-Rate: 0.0001, Loss: 0.000907
Speed: 0.032s/iter, Load: 0.014s/iter, Remain: 0:02:12
08/25 19:03:43 Epoch: 6, Step: 3320, L-Rate: 0.0001, Loss: 0.001517
Speed: 0.032s/iter, Load: 0.014s/iter, Remain: 0:02:11
08/25 19:03:44 Epoch: 6, Step: 3330, L-Rate: 0.0001, Loss: 0.001225
Speed: 0.032s/iter, Load: 0.014s/iter, Remain: 0:02:11
08/25 19:03:44 Epoch: 6, Step: 3340, L-Rate: 0.0001, Loss: 0.001389
Speed: 0.032s/iter, Load: 0.014s/iter, Remain: 0:02:10
08/25 19:03:45 Epoch: 6, Step: 3350, L-Rate: 0.0001, Loss: 0.001889
Speed: 0.032s/iter, Load: 0.014s/iter, Remain: 0:02:10
08/25 19:03:45 Epoch: 6, Step: 3360, L-Rate: 0.0001, Loss: 0.001459
Speed: 0.032s/iter, Load: 0.014s/iter, Remain: 0:02:09
08/25 19:03:45 Epoch: 6, Step: 3370, L-Rate: 0.0001, Loss: 0.000812
Speed: 0.032s/iter, Load: 0.014s/iter, Remain: 0:02:09
08/25 19:03:46 Epoch: 6, Step: 3380, L-Rate: 0.0001, Loss: 0.001202
Speed: 0.032s/iter, Load: 0.014s/iter, Remain: 0:02:08
08/25 19:03:46 Epoch: 6, Step: 3390, L-Rate: 0.0001, Loss: 0.001336
Speed: 0.032s/iter, Load: 0.014s/iter, Remain: 0:02:08
08/25 19:03:47 Epoch: 6, Step: 3400, L-Rate: 0.0001, Loss: 0.001096
Speed: 0.032s/iter, Load: 0.014s/iter, Remain: 0:02:07
08/25 19:03:47 Epoch: 6, Step: 3410, L-Rate: 0.0001, Loss: 0.001208
Speed: 0.032s/iter, Load: 0.014s/iter, Remain: 0:02:06
08/25 19:03:48 Epoch: 6, Step: 3420, L-Rate: 0.0001, Loss: 0.001060
Speed: 0.032s/iter, Load: 0.014s/iter, Remain: 0:02:06
08/25 19:03:48 Epoch: 6, Step: 3430, L-Rate: 0.0001, Loss: 0.001421
Speed: 0.032s/iter, Load: 0.014s/iter, Remain: 0:02:05
08/25 19:03:49 Epoch: 6, Step: 3440, L-Rate: 0.0001, Loss: 0.000896
Speed: 0.032s/iter, Load: 0.014s/iter, Remain: 0:02:05
08/25 19:03:49 Epoch: 6, Step: 3450, L-Rate: 0.0001, Loss: 0.000870
Speed: 0.032s/iter, Load: 0.014s/iter, Remain: 0:02:04
08/25 19:03:50 Epoch: 6, Step: 3460, L-Rate: 0.0001, Loss: 0.001098
Speed: 0.032s/iter, Load: 0.014s/iter, Remain: 0:02:04
08/25 19:03:50 Epoch: 6, Step: 3470, L-Rate: 0.0001, Loss: 0.000659
Speed: 0.032s/iter, Load: 0.014s/iter, Remain: 0:02:03
08/25 19:03:50 Epoch: 6, Step: 3480, L-Rate: 0.0001, Loss: 0.001359
Speed: 0.032s/iter, Load: 0.014s/iter, Remain: 0:02:03
08/25 19:03:51 Epoch: 6, Step: 3490, L-Rate: 0.0001, Loss: 0.001703
Speed: 0.032s/iter, Load: 0.014s/iter, Remain: 0:02:02
08/25 19:03:51 Epoch: 6, Step: 3500, L-Rate: 0.0001, Loss: 0.001019
Speed: 0.032s/iter, Load: 0.014s/iter, Remain: 0:02:02
    saved TF model: /nfs/diskstation/seita/bed-make/grasp/cache_combo_v01/grasp_1_img_depth_opt_adam_lr_0.0001_L2_0.0001_kp_1.0_steps_6000_cv_False/08_25_19_03_51_save.ckpt
08/25 19:03:54 Epoch: 6, Step: 3510, L-Rate: 0.0001, Loss: 0.001218
Speed: 0.032s/iter, Load: 0.014s/iter, Remain: 0:02:03
08/25 19:03:54 Epoch: 6, Step: 3520, L-Rate: 0.0001, Loss: 0.001562
Speed: 0.032s/iter, Load: 0.014s/iter, Remain: 0:02:02
08/25 19:03:55 Epoch: 6, Step: 3530, L-Rate: 0.0001, Loss: 0.002083
Speed: 0.032s/iter, Load: 0.014s/iter, Remain: 0:02:02
08/25 19:03:55 Epoch: 6, Step: 3540, L-Rate: 0.0001, Loss: 0.001896
Speed: 0.032s/iter, Load: 0.014s/iter, Remain: 0:02:01
08/25 19:03:56 Epoch: 6, Step: 3550, L-Rate: 0.0001, Loss: 0.001485
Speed: 0.032s/iter, Load: 0.014s/iter, Remain: 0:02:01
08/25 19:03:56 Epoch: 6, Step: 3560, L-Rate: 0.0001, Loss: 0.002253
Speed: 0.032s/iter, Load: 0.014s/iter, Remain: 0:02:00
08/25 19:03:57 Epoch: 6, Step: 3570, L-Rate: 0.0001, Loss: 0.002802
Speed: 0.032s/iter, Load: 0.014s/iter, Remain: 0:02:00
08/25 19:03:57 Epoch: 6, Step: 3580, L-Rate: 0.0001, Loss: 0.001269
Speed: 0.032s/iter, Load: 0.014s/iter, Remain: 0:01:59
08/25 19:03:57 Epoch: 6, Step: 3590, L-Rate: 0.0001, Loss: 0.001714
Speed: 0.032s/iter, Load: 0.014s/iter, Remain: 0:01:59
08/25 19:03:58 Epoch: 6, Step: 3600, L-Rate: 0.0001, Loss: 0.000890
Speed: 0.032s/iter, Load: 0.014s/iter, Remain: 0:01:58
08/25 19:03:58 Epoch: 6, Step: 3610, L-Rate: 0.0001, Loss: 0.001401
Speed: 0.032s/iter, Load: 0.014s/iter, Remain: 0:01:58
08/25 19:03:59 Epoch: 6, Step: 3620, L-Rate: 0.0001, Loss: 0.001401
Speed: 0.032s/iter, Load: 0.014s/iter, Remain: 0:01:57
08/25 19:03:59 Epoch: 6, Step: 3630, L-Rate: 0.0001, Loss: 0.001128
Speed: 0.032s/iter, Load: 0.014s/iter, Remain: 0:01:57
08/25 19:04:00 Epoch: 6, Step: 3640, L-Rate: 0.0001, Loss: 0.001518
Speed: 0.032s/iter, Load: 0.014s/iter, Remain: 0:01:56
08/25 19:04:00 Epoch: 6, Step: 3650, L-Rate: 0.0001, Loss: 0.001475
Speed: 0.032s/iter, Load: 0.014s/iter, Remain: 0:01:55
08/25 19:04:01 Epoch: 6, Step: 3660, L-Rate: 0.0001, Loss: 0.001105
Speed: 0.032s/iter, Load: 0.014s/iter, Remain: 0:01:55
08/25 19:04:01 Epoch: 6, Step: 3670, L-Rate: 0.0001, Loss: 0.001549
Speed: 0.032s/iter, Load: 0.014s/iter, Remain: 0:01:54
08/25 19:04:02 Epoch: 6, Step: 3680, L-Rate: 0.0001, Loss: 0.001606
Speed: 0.032s/iter, Load: 0.014s/iter, Remain: 0:01:54
08/25 19:04:02 Epoch: 6, Step: 3690, L-Rate: 0.0001, Loss: 0.002458
Speed: 0.032s/iter, Load: 0.014s/iter, Remain: 0:01:53
08/25 19:04:02 Epoch: 6, Step: 3700, L-Rate: 0.0001, Loss: 0.000780
Speed: 0.032s/iter, Load: 0.014s/iter, Remain: 0:01:53
08/25 19:04:03 Epoch: 6, Step: 3710, L-Rate: 0.0001, Loss: 0.002118
Speed: 0.031s/iter, Load: 0.014s/iter, Remain: 0:01:52
08/25 19:04:03 Epoch: 6, Step: 3720, L-Rate: 0.0001, Loss: 0.001798
Speed: 0.032s/iter, Load: 0.014s/iter, Remain: 0:01:52
08/25 19:04:04 Epoch: 6, Step: 3730, L-Rate: 0.0001, Loss: 0.001235
Speed: 0.032s/iter, Load: 0.014s/iter, Remain: 0:01:51
08/25 19:04:04 Epoch: 6, Step: 3740, L-Rate: 0.0001, Loss: 0.001946
Speed: 0.032s/iter, Load: 0.014s/iter, Remain: 0:01:51
08/25 19:04:05 Epoch: 6, Step: 3750, L-Rate: 0.0001, Loss: 0.001694
Speed: 0.031s/iter, Load: 0.014s/iter, Remain: 0:01:50
08/25 19:04:05 Epoch: 6, Step: 3760, L-Rate: 0.0001, Loss: 0.002292
Speed: 0.031s/iter, Load: 0.014s/iter, Remain: 0:01:50
08/25 19:04:06 Epoch: 6, Step: 3770, L-Rate: 0.0001, Loss: 0.001926
Speed: 0.031s/iter, Load: 0.014s/iter, Remain: 0:01:49
08/25 19:04:06 Epoch: 6, Step: 3780, L-Rate: 0.0001, Loss: 0.001532
Speed: 0.031s/iter, Load: 0.014s/iter, Remain: 0:01:49
08/25 19:04:07 Epoch: 6, Step: 3790, L-Rate: 0.0001, Loss: 0.001404
Speed: 0.031s/iter, Load: 0.014s/iter, Remain: 0:01:48
08/25 19:04:07 Epoch: 6, Step: 3800, L-Rate: 0.0001, Loss: 0.000876
Speed: 0.031s/iter, Load: 0.014s/iter, Remain: 0:01:48
08/25 19:04:07 Epoch: 6, Step: 3810, L-Rate: 0.0001, Loss: 0.001025
Speed: 0.031s/iter, Load: 0.014s/iter, Remain: 0:01:47
08/25 19:04:08 Epoch: 6, Step: 3820, L-Rate: 0.0001, Loss: 0.001449
Speed: 0.032s/iter, Load: 0.014s/iter, Remain: 0:01:47
08/25 19:04:08 Epoch: 6, Step: 3830, L-Rate: 0.0001, Loss: 0.001839
Speed: 0.031s/iter, Load: 0.014s/iter, Remain: 0:01:46
08/25 19:04:09 Epoch: 6, Step: 3840, L-Rate: 0.0001, Loss: 0.001449
Speed: 0.031s/iter, Load: 0.014s/iter, Remain: 0:01:46
08/25 19:04:09 Epoch: 6, Step: 3850, L-Rate: 0.0001, Loss: 0.001243
Speed: 0.031s/iter, Load: 0.014s/iter, Remain: 0:01:45
08/25 19:04:10 Epoch: 6, Step: 3860, L-Rate: 0.0001, Loss: 0.001298
Speed: 0.031s/iter, Load: 0.014s/iter, Remain: 0:01:45
08/25 19:04:10 Epoch: 6, Step: 3870, L-Rate: 0.0001, Loss: 0.001897
Speed: 0.031s/iter, Load: 0.014s/iter, Remain: 0:01:44
08/25 19:04:11 Epoch: 6, Step: 3880, L-Rate: 0.0001, Loss: 0.001458
Speed: 0.031s/iter, Load: 0.014s/iter, Remain: 0:01:44
08/25 19:04:11 Epoch: 6, Step: 3890, L-Rate: 0.0001, Loss: 0.000950
Speed: 0.031s/iter, Load: 0.014s/iter, Remain: 0:01:43
08/25 19:04:12 Epoch: 6, Step: 3900, L-Rate: 0.0001, Loss: 0.000971
Speed: 0.031s/iter, Load: 0.014s/iter, Remain: 0:01:43
08/25 19:04:12 Epoch: 7, Step: 3910, L-Rate: 0.0001, Loss: 0.001494
Speed: 0.031s/iter, Load: 0.014s/iter, Remain: 0:01:42
08/25 19:04:12 Epoch: 7, Step: 3920, L-Rate: 0.0001, Loss: 0.001553
Speed: 0.032s/iter, Load: 0.014s/iter, Remain: 0:01:42
08/25 19:04:13 Epoch: 7, Step: 3930, L-Rate: 0.0001, Loss: 0.001004
Speed: 0.032s/iter, Load: 0.014s/iter, Remain: 0:01:41
08/25 19:04:13 Epoch: 7, Step: 3940, L-Rate: 0.0001, Loss: 0.001211
Speed: 0.032s/iter, Load: 0.014s/iter, Remain: 0:01:41
08/25 19:04:14 Epoch: 7, Step: 3950, L-Rate: 0.0001, Loss: 0.001210
Speed: 0.032s/iter, Load: 0.014s/iter, Remain: 0:01:40
08/25 19:04:14 Epoch: 7, Step: 3960, L-Rate: 0.0001, Loss: 0.001048
Speed: 0.032s/iter, Load: 0.014s/iter, Remain: 0:01:40
08/25 19:04:15 Epoch: 7, Step: 3970, L-Rate: 0.0001, Loss: 0.000817
Speed: 0.032s/iter, Load: 0.014s/iter, Remain: 0:01:39
08/25 19:04:15 Epoch: 7, Step: 3980, L-Rate: 0.0001, Loss: 0.000862
Speed: 0.032s/iter, Load: 0.014s/iter, Remain: 0:01:39
08/25 19:04:16 Epoch: 7, Step: 3990, L-Rate: 0.0001, Loss: 0.001136
Speed: 0.032s/iter, Load: 0.014s/iter, Remain: 0:01:38
08/25 19:04:16 Epoch: 7, Step: 4000, L-Rate: 0.0001, Loss: 0.000806
Speed: 0.032s/iter, Load: 0.014s/iter, Remain: 0:01:38
    saved TF model: /nfs/diskstation/seita/bed-make/grasp/cache_combo_v01/grasp_1_img_depth_opt_adam_lr_0.0001_L2_0.0001_kp_1.0_steps_6000_cv_False/08_25_19_04_16_save.ckpt
08/25 19:04:19 Epoch: 7, Step: 4010, L-Rate: 0.0001, Loss: 0.000858
Speed: 0.032s/iter, Load: 0.014s/iter, Remain: 0:01:38
08/25 19:04:19 Epoch: 7, Step: 4020, L-Rate: 0.0001, Loss: 0.000990
Speed: 0.032s/iter, Load: 0.014s/iter, Remain: 0:01:38
08/25 19:04:20 Epoch: 7, Step: 4030, L-Rate: 0.0001, Loss: 0.000867
Speed: 0.032s/iter, Load: 0.014s/iter, Remain: 0:01:37
08/25 19:04:20 Epoch: 7, Step: 4040, L-Rate: 0.0001, Loss: 0.001018
Speed: 0.032s/iter, Load: 0.014s/iter, Remain: 0:01:36
08/25 19:04:20 Epoch: 7, Step: 4050, L-Rate: 0.0001, Loss: 0.001390
Speed: 0.032s/iter, Load: 0.014s/iter, Remain: 0:01:36
08/25 19:04:21 Epoch: 7, Step: 4060, L-Rate: 0.0001, Loss: 0.001139
Speed: 0.032s/iter, Load: 0.014s/iter, Remain: 0:01:35
08/25 19:04:21 Epoch: 7, Step: 4070, L-Rate: 0.0001, Loss: 0.000938
Speed: 0.032s/iter, Load: 0.014s/iter, Remain: 0:01:35
08/25 19:04:22 Epoch: 7, Step: 4080, L-Rate: 0.0001, Loss: 0.001643
Speed: 0.032s/iter, Load: 0.014s/iter, Remain: 0:01:34
08/25 19:04:22 Epoch: 7, Step: 4090, L-Rate: 0.0001, Loss: 0.001303
Speed: 0.031s/iter, Load: 0.014s/iter, Remain: 0:01:34
08/25 19:04:23 Epoch: 7, Step: 4100, L-Rate: 0.0001, Loss: 0.001257
Speed: 0.031s/iter, Load: 0.014s/iter, Remain: 0:01:33
08/25 19:04:23 Epoch: 7, Step: 4110, L-Rate: 0.0001, Loss: 0.001207
Speed: 0.031s/iter, Load: 0.014s/iter, Remain: 0:01:33
08/25 19:04:24 Epoch: 7, Step: 4120, L-Rate: 0.0001, Loss: 0.000799
Speed: 0.031s/iter, Load: 0.014s/iter, Remain: 0:01:32
08/25 19:04:24 Epoch: 7, Step: 4130, L-Rate: 0.0001, Loss: 0.001908
Speed: 0.031s/iter, Load: 0.014s/iter, Remain: 0:01:32
08/25 19:04:25 Epoch: 7, Step: 4140, L-Rate: 0.0001, Loss: 0.001427
Speed: 0.031s/iter, Load: 0.014s/iter, Remain: 0:01:31
08/25 19:04:25 Epoch: 7, Step: 4150, L-Rate: 0.0001, Loss: 0.001657
Speed: 0.031s/iter, Load: 0.014s/iter, Remain: 0:01:31
08/25 19:04:25 Epoch: 7, Step: 4160, L-Rate: 0.0001, Loss: 0.001340
Speed: 0.031s/iter, Load: 0.014s/iter, Remain: 0:01:30
08/25 19:04:26 Epoch: 7, Step: 4170, L-Rate: 0.0001, Loss: 0.000801
Speed: 0.031s/iter, Load: 0.014s/iter, Remain: 0:01:30
08/25 19:04:26 Epoch: 7, Step: 4180, L-Rate: 0.0001, Loss: 0.001127
Speed: 0.031s/iter, Load: 0.014s/iter, Remain: 0:01:29
08/25 19:04:27 Epoch: 7, Step: 4190, L-Rate: 0.0001, Loss: 0.000809
Speed: 0.031s/iter, Load: 0.014s/iter, Remain: 0:01:29
08/25 19:04:27 Epoch: 7, Step: 4200, L-Rate: 0.0001, Loss: 0.001817
Speed: 0.031s/iter, Load: 0.014s/iter, Remain: 0:01:28
08/25 19:04:28 Epoch: 7, Step: 4210, L-Rate: 0.0001, Loss: 0.001189
Speed: 0.031s/iter, Load: 0.014s/iter, Remain: 0:01:28
08/25 19:04:28 Epoch: 7, Step: 4220, L-Rate: 0.0001, Loss: 0.001584
Speed: 0.031s/iter, Load: 0.014s/iter, Remain: 0:01:27
08/25 19:04:29 Epoch: 7, Step: 4230, L-Rate: 0.0001, Loss: 0.001389
Speed: 0.031s/iter, Load: 0.014s/iter, Remain: 0:01:27
08/25 19:04:29 Epoch: 7, Step: 4240, L-Rate: 0.0001, Loss: 0.001534
Speed: 0.031s/iter, Load: 0.014s/iter, Remain: 0:01:26
08/25 19:04:30 Epoch: 7, Step: 4250, L-Rate: 0.0001, Loss: 0.001217
Speed: 0.031s/iter, Load: 0.014s/iter, Remain: 0:01:26
08/25 19:04:30 Epoch: 7, Step: 4260, L-Rate: 0.0001, Loss: 0.001626
Speed: 0.031s/iter, Load: 0.014s/iter, Remain: 0:01:25
08/25 19:04:30 Epoch: 7, Step: 4270, L-Rate: 0.0001, Loss: 0.001719
Speed: 0.031s/iter, Load: 0.014s/iter, Remain: 0:01:25
08/25 19:04:31 Epoch: 7, Step: 4280, L-Rate: 0.0001, Loss: 0.002757
Speed: 0.031s/iter, Load: 0.014s/iter, Remain: 0:01:24
08/25 19:04:31 Epoch: 7, Step: 4290, L-Rate: 0.0001, Loss: 0.001462
Speed: 0.031s/iter, Load: 0.014s/iter, Remain: 0:01:24
08/25 19:04:32 Epoch: 7, Step: 4300, L-Rate: 0.0001, Loss: 0.001255
Speed: 0.031s/iter, Load: 0.014s/iter, Remain: 0:01:23
08/25 19:04:32 Epoch: 7, Step: 4310, L-Rate: 0.0001, Loss: 0.002162
Speed: 0.031s/iter, Load: 0.014s/iter, Remain: 0:01:23
08/25 19:04:33 Epoch: 7, Step: 4320, L-Rate: 0.0001, Loss: 0.001030
Speed: 0.031s/iter, Load: 0.014s/iter, Remain: 0:01:22
08/25 19:04:33 Epoch: 7, Step: 4330, L-Rate: 0.0001, Loss: 0.001091
Speed: 0.031s/iter, Load: 0.014s/iter, Remain: 0:01:22
08/25 19:04:34 Epoch: 7, Step: 4340, L-Rate: 0.0001, Loss: 0.001177
Speed: 0.031s/iter, Load: 0.014s/iter, Remain: 0:01:21
08/25 19:04:34 Epoch: 7, Step: 4350, L-Rate: 0.0001, Loss: 0.000863
Speed: 0.031s/iter, Load: 0.014s/iter, Remain: 0:01:21
08/25 19:04:35 Epoch: 7, Step: 4360, L-Rate: 0.0001, Loss: 0.001020
Speed: 0.031s/iter, Load: 0.014s/iter, Remain: 0:01:20
08/25 19:04:35 Epoch: 7, Step: 4370, L-Rate: 0.0001, Loss: 0.001323
Speed: 0.031s/iter, Load: 0.014s/iter, Remain: 0:01:20
08/25 19:04:36 Epoch: 7, Step: 4380, L-Rate: 0.0001, Loss: 0.001502
Speed: 0.031s/iter, Load: 0.014s/iter, Remain: 0:01:19
08/25 19:04:36 Epoch: 7, Step: 4390, L-Rate: 0.0001, Loss: 0.001407
Speed: 0.031s/iter, Load: 0.014s/iter, Remain: 0:01:19
08/25 19:04:36 Epoch: 7, Step: 4400, L-Rate: 0.0001, Loss: 0.001230
Speed: 0.031s/iter, Load: 0.014s/iter, Remain: 0:01:18
08/25 19:04:37 Epoch: 7, Step: 4410, L-Rate: 0.0001, Loss: 0.001907
Speed: 0.032s/iter, Load: 0.014s/iter, Remain: 0:01:18
08/25 19:04:37 Epoch: 7, Step: 4420, L-Rate: 0.0001, Loss: 0.000843
Speed: 0.032s/iter, Load: 0.014s/iter, Remain: 0:01:17
08/25 19:04:38 Epoch: 7, Step: 4430, L-Rate: 0.0001, Loss: 0.001745
Speed: 0.032s/iter, Load: 0.014s/iter, Remain: 0:01:17
08/25 19:04:38 Epoch: 7, Step: 4440, L-Rate: 0.0001, Loss: 0.000977
Speed: 0.032s/iter, Load: 0.014s/iter, Remain: 0:01:16
08/25 19:04:39 Epoch: 7, Step: 4450, L-Rate: 0.0001, Loss: 0.000782
Speed: 0.031s/iter, Load: 0.014s/iter, Remain: 0:01:16
08/25 19:04:39 Epoch: 7, Step: 4460, L-Rate: 0.0001, Loss: 0.001267
Speed: 0.031s/iter, Load: 0.014s/iter, Remain: 0:01:15
08/25 19:04:40 Epoch: 7, Step: 4470, L-Rate: 0.0001, Loss: 0.001787
Speed: 0.031s/iter, Load: 0.014s/iter, Remain: 0:01:15
08/25 19:04:40 Epoch: 7, Step: 4480, L-Rate: 0.0001, Loss: 0.001362
Speed: 0.031s/iter, Load: 0.014s/iter, Remain: 0:01:14
08/25 19:04:41 Epoch: 7, Step: 4490, L-Rate: 0.0001, Loss: 0.000812
Speed: 0.031s/iter, Load: 0.014s/iter, Remain: 0:01:14
08/25 19:04:41 Epoch: 7, Step: 4500, L-Rate: 0.0001, Loss: 0.001195
Speed: 0.032s/iter, Load: 0.014s/iter, Remain: 0:01:13
    saved TF model: /nfs/diskstation/seita/bed-make/grasp/cache_combo_v01/grasp_1_img_depth_opt_adam_lr_0.0001_L2_0.0001_kp_1.0_steps_6000_cv_False/08_25_19_04_41_save.ckpt
08/25 19:04:43 Epoch: 7, Step: 4510, L-Rate: 0.0001, Loss: 0.000763
Speed: 0.032s/iter, Load: 0.014s/iter, Remain: 0:01:13
08/25 19:04:44 Epoch: 7, Step: 4520, L-Rate: 0.0001, Loss: 0.000868
Speed: 0.032s/iter, Load: 0.014s/iter, Remain: 0:01:13
08/25 19:04:44 Epoch: 7, Step: 4530, L-Rate: 0.0001, Loss: 0.001365
Speed: 0.032s/iter, Load: 0.014s/iter, Remain: 0:01:12
08/25 19:04:45 Epoch: 7, Step: 4540, L-Rate: 0.0001, Loss: 0.001100
Speed: 0.032s/iter, Load: 0.014s/iter, Remain: 0:01:12
08/25 19:04:45 Epoch: 7, Step: 4550, L-Rate: 0.0001, Loss: 0.001252
Speed: 0.032s/iter, Load: 0.014s/iter, Remain: 0:01:11
08/25 19:04:46 Epoch: 8, Step: 4560, L-Rate: 0.0001, Loss: 0.000840
Speed: 0.032s/iter, Load: 0.014s/iter, Remain: 0:01:11
08/25 19:04:46 Epoch: 8, Step: 4570, L-Rate: 0.0001, Loss: 0.000790
Speed: 0.032s/iter, Load: 0.014s/iter, Remain: 0:01:10
08/25 19:04:47 Epoch: 8, Step: 4580, L-Rate: 0.0001, Loss: 0.000807
Speed: 0.032s/iter, Load: 0.014s/iter, Remain: 0:01:10
08/25 19:04:47 Epoch: 8, Step: 4590, L-Rate: 0.0001, Loss: 0.000792
Speed: 0.032s/iter, Load: 0.014s/iter, Remain: 0:01:09
08/25 19:04:48 Epoch: 8, Step: 4600, L-Rate: 0.0001, Loss: 0.000594
Speed: 0.032s/iter, Load: 0.014s/iter, Remain: 0:01:09
08/25 19:04:48 Epoch: 8, Step: 4610, L-Rate: 0.0001, Loss: 0.000783
Speed: 0.032s/iter, Load: 0.014s/iter, Remain: 0:01:08
08/25 19:04:49 Epoch: 8, Step: 4620, L-Rate: 0.0001, Loss: 0.000732
Speed: 0.032s/iter, Load: 0.014s/iter, Remain: 0:01:08
08/25 19:04:49 Epoch: 8, Step: 4630, L-Rate: 0.0001, Loss: 0.000611
Speed: 0.032s/iter, Load: 0.014s/iter, Remain: 0:01:07
08/25 19:04:49 Epoch: 8, Step: 4640, L-Rate: 0.0001, Loss: 0.000822
Speed: 0.032s/iter, Load: 0.014s/iter, Remain: 0:01:07
08/25 19:04:50 Epoch: 8, Step: 4650, L-Rate: 0.0001, Loss: 0.000813
Speed: 0.032s/iter, Load: 0.014s/iter, Remain: 0:01:06
08/25 19:04:50 Epoch: 8, Step: 4660, L-Rate: 0.0001, Loss: 0.001059
Speed: 0.032s/iter, Load: 0.014s/iter, Remain: 0:01:06
08/25 19:04:51 Epoch: 8, Step: 4670, L-Rate: 0.0001, Loss: 0.000525
Speed: 0.032s/iter, Load: 0.014s/iter, Remain: 0:01:05
08/25 19:04:51 Epoch: 8, Step: 4680, L-Rate: 0.0001, Loss: 0.001121
Speed: 0.032s/iter, Load: 0.014s/iter, Remain: 0:01:05
08/25 19:04:52 Epoch: 8, Step: 4690, L-Rate: 0.0001, Loss: 0.001216
Speed: 0.032s/iter, Load: 0.014s/iter, Remain: 0:01:04
08/25 19:04:52 Epoch: 8, Step: 4700, L-Rate: 0.0001, Loss: 0.000966
Speed: 0.032s/iter, Load: 0.014s/iter, Remain: 0:01:04
08/25 19:04:53 Epoch: 8, Step: 4710, L-Rate: 0.0001, Loss: 0.001145
Speed: 0.032s/iter, Load: 0.014s/iter, Remain: 0:01:03
08/25 19:04:53 Epoch: 8, Step: 4720, L-Rate: 0.0001, Loss: 0.000815
Speed: 0.032s/iter, Load: 0.014s/iter, Remain: 0:01:03
08/25 19:04:54 Epoch: 8, Step: 4730, L-Rate: 0.0001, Loss: 0.001388
Speed: 0.031s/iter, Load: 0.014s/iter, Remain: 0:01:02
08/25 19:04:54 Epoch: 8, Step: 4740, L-Rate: 0.0001, Loss: 0.000915
Speed: 0.032s/iter, Load: 0.014s/iter, Remain: 0:01:02
08/25 19:04:54 Epoch: 8, Step: 4750, L-Rate: 0.0001, Loss: 0.000617
Speed: 0.032s/iter, Load: 0.014s/iter, Remain: 0:01:01
08/25 19:04:55 Epoch: 8, Step: 4760, L-Rate: 0.0001, Loss: 0.000963
Speed: 0.032s/iter, Load: 0.014s/iter, Remain: 0:01:01
08/25 19:04:55 Epoch: 8, Step: 4770, L-Rate: 0.0001, Loss: 0.000723
Speed: 0.032s/iter, Load: 0.014s/iter, Remain: 0:01:00
08/25 19:04:56 Epoch: 8, Step: 4780, L-Rate: 0.0001, Loss: 0.000564
Speed: 0.032s/iter, Load: 0.014s/iter, Remain: 0:01:00
08/25 19:04:56 Epoch: 8, Step: 4790, L-Rate: 0.0001, Loss: 0.001134
Speed: 0.032s/iter, Load: 0.014s/iter, Remain: 0:00:59
08/25 19:04:57 Epoch: 8, Step: 4800, L-Rate: 0.0001, Loss: 0.001219
Speed: 0.031s/iter, Load: 0.014s/iter, Remain: 0:00:59
08/25 19:04:57 Epoch: 8, Step: 4810, L-Rate: 0.0001, Loss: 0.000795
Speed: 0.032s/iter, Load: 0.014s/iter, Remain: 0:00:58
08/25 19:04:58 Epoch: 8, Step: 4820, L-Rate: 0.0001, Loss: 0.001016
Speed: 0.032s/iter, Load: 0.014s/iter, Remain: 0:00:58
08/25 19:04:58 Epoch: 8, Step: 4830, L-Rate: 0.0001, Loss: 0.001024
Speed: 0.031s/iter, Load: 0.014s/iter, Remain: 0:00:57
08/25 19:04:59 Epoch: 8, Step: 4840, L-Rate: 0.0001, Loss: 0.000889
Speed: 0.031s/iter, Load: 0.014s/iter, Remain: 0:00:57
08/25 19:04:59 Epoch: 8, Step: 4850, L-Rate: 0.0001, Loss: 0.000670
Speed: 0.031s/iter, Load: 0.014s/iter, Remain: 0:00:56
08/25 19:04:59 Epoch: 8, Step: 4860, L-Rate: 0.0001, Loss: 0.001058
Speed: 0.031s/iter, Load: 0.014s/iter, Remain: 0:00:56
08/25 19:05:00 Epoch: 8, Step: 4870, L-Rate: 0.0001, Loss: 0.001117
Speed: 0.031s/iter, Load: 0.014s/iter, Remain: 0:00:55
08/25 19:05:00 Epoch: 8, Step: 4880, L-Rate: 0.0001, Loss: 0.000798
Speed: 0.031s/iter, Load: 0.014s/iter, Remain: 0:00:55
08/25 19:05:01 Epoch: 8, Step: 4890, L-Rate: 0.0001, Loss: 0.000949
Speed: 0.031s/iter, Load: 0.014s/iter, Remain: 0:00:54
08/25 19:05:01 Epoch: 8, Step: 4900, L-Rate: 0.0001, Loss: 0.000869
Speed: 0.031s/iter, Load: 0.014s/iter, Remain: 0:00:54
08/25 19:05:02 Epoch: 8, Step: 4910, L-Rate: 0.0001, Loss: 0.001319
Speed: 0.031s/iter, Load: 0.014s/iter, Remain: 0:00:53
08/25 19:05:02 Epoch: 8, Step: 4920, L-Rate: 0.0001, Loss: 0.000823
Speed: 0.031s/iter, Load: 0.014s/iter, Remain: 0:00:53
08/25 19:05:03 Epoch: 8, Step: 4930, L-Rate: 0.0001, Loss: 0.000965
Speed: 0.031s/iter, Load: 0.014s/iter, Remain: 0:00:52
08/25 19:05:03 Epoch: 8, Step: 4940, L-Rate: 0.0001, Loss: 0.001345
Speed: 0.031s/iter, Load: 0.014s/iter, Remain: 0:00:52
08/25 19:05:04 Epoch: 8, Step: 4950, L-Rate: 0.0001, Loss: 0.001321
Speed: 0.031s/iter, Load: 0.014s/iter, Remain: 0:00:51
08/25 19:05:04 Epoch: 8, Step: 4960, L-Rate: 0.0001, Loss: 0.000984
Speed: 0.031s/iter, Load: 0.014s/iter, Remain: 0:00:51
08/25 19:05:04 Epoch: 8, Step: 4970, L-Rate: 0.0001, Loss: 0.001317
Speed: 0.031s/iter, Load: 0.014s/iter, Remain: 0:00:50
08/25 19:05:05 Epoch: 8, Step: 4980, L-Rate: 0.0001, Loss: 0.001289
Speed: 0.031s/iter, Load: 0.014s/iter, Remain: 0:00:50
08/25 19:05:05 Epoch: 8, Step: 4990, L-Rate: 0.0001, Loss: 0.000741
Speed: 0.031s/iter, Load: 0.014s/iter, Remain: 0:00:49
08/25 19:05:06 Epoch: 8, Step: 5000, L-Rate: 0.0001, Loss: 0.000898
Speed: 0.031s/iter, Load: 0.014s/iter, Remain: 0:00:49
    saved TF model: /nfs/diskstation/seita/bed-make/grasp/cache_combo_v01/grasp_1_img_depth_opt_adam_lr_0.0001_L2_0.0001_kp_1.0_steps_6000_cv_False/08_25_19_05_06_save.ckpt
08/25 19:05:08 Epoch: 8, Step: 5010, L-Rate: 0.0001, Loss: 0.000943
Speed: 0.031s/iter, Load: 0.014s/iter, Remain: 0:00:49
08/25 19:05:09 Epoch: 8, Step: 5020, L-Rate: 0.0001, Loss: 0.000537
Speed: 0.031s/iter, Load: 0.014s/iter, Remain: 0:00:48
08/25 19:05:09 Epoch: 8, Step: 5030, L-Rate: 0.0001, Loss: 0.001006
Speed: 0.031s/iter, Load: 0.014s/iter, Remain: 0:00:48
08/25 19:05:10 Epoch: 8, Step: 5040, L-Rate: 0.0001, Loss: 0.000592
Speed: 0.031s/iter, Load: 0.014s/iter, Remain: 0:00:47
08/25 19:05:10 Epoch: 8, Step: 5050, L-Rate: 0.0001, Loss: 0.001038
Speed: 0.031s/iter, Load: 0.014s/iter, Remain: 0:00:47
08/25 19:05:11 Epoch: 8, Step: 5060, L-Rate: 0.0001, Loss: 0.000734
Speed: 0.031s/iter, Load: 0.014s/iter, Remain: 0:00:46
08/25 19:05:11 Epoch: 8, Step: 5070, L-Rate: 0.0001, Loss: 0.000992
Speed: 0.031s/iter, Load: 0.014s/iter, Remain: 0:00:46
08/25 19:05:11 Epoch: 8, Step: 5080, L-Rate: 0.0001, Loss: 0.000972
Speed: 0.031s/iter, Load: 0.014s/iter, Remain: 0:00:45
08/25 19:05:12 Epoch: 8, Step: 5090, L-Rate: 0.0001, Loss: 0.000967
Speed: 0.031s/iter, Load: 0.014s/iter, Remain: 0:00:45
08/25 19:05:12 Epoch: 8, Step: 5100, L-Rate: 0.0001, Loss: 0.001234
Speed: 0.031s/iter, Load: 0.014s/iter, Remain: 0:00:44
08/25 19:05:13 Epoch: 8, Step: 5110, L-Rate: 0.0001, Loss: 0.001028
Speed: 0.031s/iter, Load: 0.014s/iter, Remain: 0:00:44
08/25 19:05:13 Epoch: 8, Step: 5120, L-Rate: 0.0001, Loss: 0.000585
Speed: 0.031s/iter, Load: 0.014s/iter, Remain: 0:00:43
08/25 19:05:14 Epoch: 8, Step: 5130, L-Rate: 0.0001, Loss: 0.002200
Speed: 0.031s/iter, Load: 0.014s/iter, Remain: 0:00:43
08/25 19:05:14 Epoch: 8, Step: 5140, L-Rate: 0.0001, Loss: 0.000843
Speed: 0.031s/iter, Load: 0.014s/iter, Remain: 0:00:42
08/25 19:05:15 Epoch: 8, Step: 5150, L-Rate: 0.0001, Loss: 0.001231
Speed: 0.031s/iter, Load: 0.014s/iter, Remain: 0:00:42
08/25 19:05:15 Epoch: 8, Step: 5160, L-Rate: 0.0001, Loss: 0.000930
Speed: 0.031s/iter, Load: 0.014s/iter, Remain: 0:00:41
08/25 19:05:16 Epoch: 8, Step: 5170, L-Rate: 0.0001, Loss: 0.000943
Speed: 0.031s/iter, Load: 0.014s/iter, Remain: 0:00:41
08/25 19:05:16 Epoch: 8, Step: 5180, L-Rate: 0.0001, Loss: 0.000771
Speed: 0.031s/iter, Load: 0.014s/iter, Remain: 0:00:40
08/25 19:05:17 Epoch: 8, Step: 5190, L-Rate: 0.0001, Loss: 0.001053
Speed: 0.031s/iter, Load: 0.014s/iter, Remain: 0:00:40
08/25 19:05:17 Epoch: 8, Step: 5200, L-Rate: 0.0001, Loss: 0.000871
Speed: 0.031s/iter, Load: 0.014s/iter, Remain: 0:00:39
08/25 19:05:17 Epoch: 9, Step: 5210, L-Rate: 0.0001, Loss: 0.000869
Speed: 0.031s/iter, Load: 0.014s/iter, Remain: 0:00:39
08/25 19:05:18 Epoch: 9, Step: 5220, L-Rate: 0.0001, Loss: 0.000600
Speed: 0.031s/iter, Load: 0.014s/iter, Remain: 0:00:38
08/25 19:05:18 Epoch: 9, Step: 5230, L-Rate: 0.0001, Loss: 0.000640
Speed: 0.031s/iter, Load: 0.014s/iter, Remain: 0:00:38
08/25 19:05:19 Epoch: 9, Step: 5240, L-Rate: 0.0001, Loss: 0.000739
Speed: 0.031s/iter, Load: 0.014s/iter, Remain: 0:00:37
08/25 19:05:19 Epoch: 9, Step: 5250, L-Rate: 0.0001, Loss: 0.001000
Speed: 0.031s/iter, Load: 0.014s/iter, Remain: 0:00:37
08/25 19:05:20 Epoch: 9, Step: 5260, L-Rate: 0.0001, Loss: 0.000641
Speed: 0.031s/iter, Load: 0.014s/iter, Remain: 0:00:36
08/25 19:05:20 Epoch: 9, Step: 5270, L-Rate: 0.0001, Loss: 0.001316
Speed: 0.031s/iter, Load: 0.014s/iter, Remain: 0:00:36
08/25 19:05:21 Epoch: 9, Step: 5280, L-Rate: 0.0001, Loss: 0.001133
Speed: 0.031s/iter, Load: 0.014s/iter, Remain: 0:00:35
08/25 19:05:21 Epoch: 9, Step: 5290, L-Rate: 0.0001, Loss: 0.000372
Speed: 0.031s/iter, Load: 0.014s/iter, Remain: 0:00:35
08/25 19:05:22 Epoch: 9, Step: 5300, L-Rate: 0.0001, Loss: 0.000680
Speed: 0.031s/iter, Load: 0.014s/iter, Remain: 0:00:34
08/25 19:05:22 Epoch: 9, Step: 5310, L-Rate: 0.0001, Loss: 0.001045
Speed: 0.031s/iter, Load: 0.014s/iter, Remain: 0:00:34
08/25 19:05:22 Epoch: 9, Step: 5320, L-Rate: 0.0001, Loss: 0.000462
Speed: 0.031s/iter, Load: 0.014s/iter, Remain: 0:00:33
08/25 19:05:23 Epoch: 9, Step: 5330, L-Rate: 0.0001, Loss: 0.000615
Speed: 0.031s/iter, Load: 0.014s/iter, Remain: 0:00:33
08/25 19:05:23 Epoch: 9, Step: 5340, L-Rate: 0.0001, Loss: 0.000563
Speed: 0.031s/iter, Load: 0.014s/iter, Remain: 0:00:32
08/25 19:05:24 Epoch: 9, Step: 5350, L-Rate: 0.0001, Loss: 0.000678
Speed: 0.031s/iter, Load: 0.014s/iter, Remain: 0:00:32
08/25 19:05:24 Epoch: 9, Step: 5360, L-Rate: 0.0001, Loss: 0.001028
Speed: 0.031s/iter, Load: 0.014s/iter, Remain: 0:00:31
08/25 19:05:25 Epoch: 9, Step: 5370, L-Rate: 0.0001, Loss: 0.001152
Speed: 0.031s/iter, Load: 0.014s/iter, Remain: 0:00:31
08/25 19:05:25 Epoch: 9, Step: 5380, L-Rate: 0.0001, Loss: 0.000646
Speed: 0.031s/iter, Load: 0.014s/iter, Remain: 0:00:30
08/25 19:05:26 Epoch: 9, Step: 5390, L-Rate: 0.0001, Loss: 0.000867
Speed: 0.031s/iter, Load: 0.014s/iter, Remain: 0:00:30
08/25 19:05:26 Epoch: 9, Step: 5400, L-Rate: 0.0001, Loss: 0.000860
Speed: 0.031s/iter, Load: 0.014s/iter, Remain: 0:00:29
08/25 19:05:27 Epoch: 9, Step: 5410, L-Rate: 0.0001, Loss: 0.000410
Speed: 0.031s/iter, Load: 0.014s/iter, Remain: 0:00:29
08/25 19:05:27 Epoch: 9, Step: 5420, L-Rate: 0.0001, Loss: 0.000643
Speed: 0.031s/iter, Load: 0.014s/iter, Remain: 0:00:28
08/25 19:05:27 Epoch: 9, Step: 5430, L-Rate: 0.0001, Loss: 0.000780
Speed: 0.031s/iter, Load: 0.014s/iter, Remain: 0:00:28
08/25 19:05:28 Epoch: 9, Step: 5440, L-Rate: 0.0001, Loss: 0.000732
Speed: 0.031s/iter, Load: 0.014s/iter, Remain: 0:00:27
08/25 19:05:28 Epoch: 9, Step: 5450, L-Rate: 0.0001, Loss: 0.000832
Speed: 0.031s/iter, Load: 0.014s/iter, Remain: 0:00:27
08/25 19:05:29 Epoch: 9, Step: 5460, L-Rate: 0.0001, Loss: 0.000710
Speed: 0.031s/iter, Load: 0.014s/iter, Remain: 0:00:26
08/25 19:05:29 Epoch: 9, Step: 5470, L-Rate: 0.0001, Loss: 0.000335
Speed: 0.031s/iter, Load: 0.014s/iter, Remain: 0:00:26
08/25 19:05:30 Epoch: 9, Step: 5480, L-Rate: 0.0001, Loss: 0.001033
Speed: 0.031s/iter, Load: 0.014s/iter, Remain: 0:00:25
08/25 19:05:30 Epoch: 9, Step: 5490, L-Rate: 0.0001, Loss: 0.000841
Speed: 0.031s/iter, Load: 0.014s/iter, Remain: 0:00:25
08/25 19:05:31 Epoch: 9, Step: 5500, L-Rate: 0.0001, Loss: 0.000814
Speed: 0.031s/iter, Load: 0.014s/iter, Remain: 0:00:24
    saved TF model: /nfs/diskstation/seita/bed-make/grasp/cache_combo_v01/grasp_1_img_depth_opt_adam_lr_0.0001_L2_0.0001_kp_1.0_steps_6000_cv_False/08_25_19_05_31_save.ckpt
08/25 19:05:33 Epoch: 9, Step: 5510, L-Rate: 0.0001, Loss: 0.000503
Speed: 0.031s/iter, Load: 0.014s/iter, Remain: 0:00:24
08/25 19:05:34 Epoch: 9, Step: 5520, L-Rate: 0.0001, Loss: 0.000590
Speed: 0.031s/iter, Load: 0.014s/iter, Remain: 0:00:23
08/25 19:05:34 Epoch: 9, Step: 5530, L-Rate: 0.0001, Loss: 0.000986
Speed: 0.031s/iter, Load: 0.014s/iter, Remain: 0:00:23
08/25 19:05:34 Epoch: 9, Step: 5540, L-Rate: 0.0001, Loss: 0.000943
Speed: 0.031s/iter, Load: 0.014s/iter, Remain: 0:00:22
08/25 19:05:35 Epoch: 9, Step: 5550, L-Rate: 0.0001, Loss: 0.001195
Speed: 0.031s/iter, Load: 0.014s/iter, Remain: 0:00:22
08/25 19:05:35 Epoch: 9, Step: 5560, L-Rate: 0.0001, Loss: 0.001247
Speed: 0.031s/iter, Load: 0.014s/iter, Remain: 0:00:21
08/25 19:05:36 Epoch: 9, Step: 5570, L-Rate: 0.0001, Loss: 0.001039
Speed: 0.031s/iter, Load: 0.014s/iter, Remain: 0:00:21
08/25 19:05:36 Epoch: 9, Step: 5580, L-Rate: 0.0001, Loss: 0.001182
Speed: 0.031s/iter, Load: 0.014s/iter, Remain: 0:00:20
08/25 19:05:37 Epoch: 9, Step: 5590, L-Rate: 0.0001, Loss: 0.000588
Speed: 0.031s/iter, Load: 0.014s/iter, Remain: 0:00:20
08/25 19:05:37 Epoch: 9, Step: 5600, L-Rate: 0.0001, Loss: 0.001075
Speed: 0.031s/iter, Load: 0.014s/iter, Remain: 0:00:19
08/25 19:05:38 Epoch: 9, Step: 5610, L-Rate: 0.0001, Loss: 0.000938
Speed: 0.031s/iter, Load: 0.014s/iter, Remain: 0:00:19
08/25 19:05:38 Epoch: 9, Step: 5620, L-Rate: 0.0001, Loss: 0.000808
Speed: 0.031s/iter, Load: 0.014s/iter, Remain: 0:00:18
08/25 19:05:39 Epoch: 9, Step: 5630, L-Rate: 0.0001, Loss: 0.000771
Speed: 0.031s/iter, Load: 0.014s/iter, Remain: 0:00:18
08/25 19:05:39 Epoch: 9, Step: 5640, L-Rate: 0.0001, Loss: 0.000991
Speed: 0.031s/iter, Load: 0.014s/iter, Remain: 0:00:17
08/25 19:05:40 Epoch: 9, Step: 5650, L-Rate: 0.0001, Loss: 0.000981
Speed: 0.031s/iter, Load: 0.014s/iter, Remain: 0:00:17
08/25 19:05:40 Epoch: 9, Step: 5660, L-Rate: 0.0001, Loss: 0.000791
Speed: 0.031s/iter, Load: 0.014s/iter, Remain: 0:00:16
08/25 19:05:40 Epoch: 9, Step: 5670, L-Rate: 0.0001, Loss: 0.000962
Speed: 0.031s/iter, Load: 0.014s/iter, Remain: 0:00:16
08/25 19:05:41 Epoch: 9, Step: 5680, L-Rate: 0.0001, Loss: 0.000883
Speed: 0.031s/iter, Load: 0.014s/iter, Remain: 0:00:15
08/25 19:05:41 Epoch: 9, Step: 5690, L-Rate: 0.0001, Loss: 0.000864
Speed: 0.031s/iter, Load: 0.014s/iter, Remain: 0:00:15
08/25 19:05:42 Epoch: 9, Step: 5700, L-Rate: 0.0001, Loss: 0.000786
Speed: 0.031s/iter, Load: 0.014s/iter, Remain: 0:00:14
08/25 19:05:42 Epoch: 9, Step: 5710, L-Rate: 0.0001, Loss: 0.000744
Speed: 0.031s/iter, Load: 0.014s/iter, Remain: 0:00:14
08/25 19:05:43 Epoch: 9, Step: 5720, L-Rate: 0.0001, Loss: 0.001273
Speed: 0.031s/iter, Load: 0.014s/iter, Remain: 0:00:13
08/25 19:05:43 Epoch: 9, Step: 5730, L-Rate: 0.0001, Loss: 0.001005
Speed: 0.031s/iter, Load: 0.014s/iter, Remain: 0:00:13
08/25 19:05:44 Epoch: 9, Step: 5740, L-Rate: 0.0001, Loss: 0.000898
Speed: 0.031s/iter, Load: 0.014s/iter, Remain: 0:00:12
08/25 19:05:44 Epoch: 9, Step: 5750, L-Rate: 0.0001, Loss: 0.000661
Speed: 0.031s/iter, Load: 0.014s/iter, Remain: 0:00:12
08/25 19:05:45 Epoch: 9, Step: 5760, L-Rate: 0.0001, Loss: 0.000675
Speed: 0.031s/iter, Load: 0.014s/iter, Remain: 0:00:11
08/25 19:05:45 Epoch: 9, Step: 5770, L-Rate: 0.0001, Loss: 0.000603
Speed: 0.031s/iter, Load: 0.014s/iter, Remain: 0:00:11
08/25 19:05:46 Epoch: 9, Step: 5780, L-Rate: 0.0001, Loss: 0.000803
Speed: 0.031s/iter, Load: 0.014s/iter, Remain: 0:00:10
08/25 19:05:46 Epoch: 9, Step: 5790, L-Rate: 0.0001, Loss: 0.001296
Speed: 0.031s/iter, Load: 0.014s/iter, Remain: 0:00:10
08/25 19:05:46 Epoch: 9, Step: 5800, L-Rate: 0.0001, Loss: 0.000819
Speed: 0.031s/iter, Load: 0.014s/iter, Remain: 0:00:09
08/25 19:05:47 Epoch: 9, Step: 5810, L-Rate: 0.0001, Loss: 0.001283
Speed: 0.031s/iter, Load: 0.014s/iter, Remain: 0:00:09
08/25 19:05:47 Epoch: 9, Step: 5820, L-Rate: 0.0001, Loss: 0.001319
Speed: 0.031s/iter, Load: 0.014s/iter, Remain: 0:00:08
08/25 19:05:48 Epoch: 9, Step: 5830, L-Rate: 0.0001, Loss: 0.000588
Speed: 0.031s/iter, Load: 0.014s/iter, Remain: 0:00:08
08/25 19:05:48 Epoch: 9, Step: 5840, L-Rate: 0.0001, Loss: 0.001139
Speed: 0.031s/iter, Load: 0.014s/iter, Remain: 0:00:07
08/25 19:05:49 Epoch: 9, Step: 5850, L-Rate: 0.0001, Loss: 0.000906
Speed: 0.031s/iter, Load: 0.014s/iter, Remain: 0:00:07
08/25 19:05:49 Epoch: 10, Step: 5860, L-Rate: 0.0001, Loss: 0.000818
Speed: 0.031s/iter, Load: 0.014s/iter, Remain: 0:00:06
08/25 19:05:50 Epoch: 10, Step: 5870, L-Rate: 0.0001, Loss: 0.000447
Speed: 0.031s/iter, Load: 0.014s/iter, Remain: 0:00:06
08/25 19:05:50 Epoch: 10, Step: 5880, L-Rate: 0.0001, Loss: 0.000738
Speed: 0.031s/iter, Load: 0.014s/iter, Remain: 0:00:05
08/25 19:05:51 Epoch: 10, Step: 5890, L-Rate: 0.0001, Loss: 0.000702
Speed: 0.031s/iter, Load: 0.014s/iter, Remain: 0:00:05
08/25 19:05:51 Epoch: 10, Step: 5900, L-Rate: 0.0001, Loss: 0.000774
Speed: 0.031s/iter, Load: 0.014s/iter, Remain: 0:00:04
08/25 19:05:51 Epoch: 10, Step: 5910, L-Rate: 0.0001, Loss: 0.000731
Speed: 0.031s/iter, Load: 0.014s/iter, Remain: 0:00:04
08/25 19:05:52 Epoch: 10, Step: 5920, L-Rate: 0.0001, Loss: 0.000508
Speed: 0.031s/iter, Load: 0.014s/iter, Remain: 0:00:03
08/25 19:05:52 Epoch: 10, Step: 5930, L-Rate: 0.0001, Loss: 0.000929
Speed: 0.031s/iter, Load: 0.014s/iter, Remain: 0:00:03
08/25 19:05:53 Epoch: 10, Step: 5940, L-Rate: 0.0001, Loss: 0.000458
Speed: 0.031s/iter, Load: 0.014s/iter, Remain: 0:00:02
08/25 19:05:53 Epoch: 10, Step: 5950, L-Rate: 0.0001, Loss: 0.000724
Speed: 0.031s/iter, Load: 0.014s/iter, Remain: 0:00:02
08/25 19:05:54 Epoch: 10, Step: 5960, L-Rate: 0.0001, Loss: 0.000822
Speed: 0.031s/iter, Load: 0.014s/iter, Remain: 0:00:01
08/25 19:05:54 Epoch: 10, Step: 5970, L-Rate: 0.0001, Loss: 0.000541
Speed: 0.031s/iter, Load: 0.014s/iter, Remain: 0:00:01
08/25 19:05:55 Epoch: 10, Step: 5980, L-Rate: 0.0001, Loss: 0.000600
Speed: 0.031s/iter, Load: 0.014s/iter, Remain: 0:00:00
08/25 19:05:55 Epoch: 10, Step: 5990, L-Rate: 0.0001, Loss: 0.000776
Speed: 0.031s/iter, Load: 0.014s/iter, Remain: 0:00:00
08/25 19:05:56 Epoch: 10, Step: 6000, L-Rate: 0.0001, Loss: 0.000507
Speed: 0.031s/iter, Load: 0.014s/iter, Remain: 0:00:00
    saved TF model: /nfs/diskstation/seita/bed-make/grasp/cache_combo_v01/grasp_1_img_depth_opt_adam_lr_0.0001_L2_0.0001_kp_1.0_steps_6000_cv_False/08_25_19_05_56_save.ckpt
Done training.
